[5.406s] Invoking command in '/home/maandres/bigus-igus/ws/src/py_pubsub': PYTHONPATH=/home/maandres/bigus-igus/ws/build/py_pubsub/prefix_override:/home/maandres/bigus-igus/ws/install/py_pubsub/lib/python3.10/site-packages:${PYTHONPATH} /usr/bin/python3 setup.py egg_info --egg-base ../../build/py_pubsub build --build-base /home/maandres/bigus-igus/ws/build/py_pubsub/build install --record /home/maandres/bigus-igus/ws/build/py_pubsub/install.log --single-version-externally-managed
[6.632s] running egg_info
[6.635s] writing ../../build/py_pubsub/py_pubsub.egg-info/PKG-INFO
[6.637s] writing dependency_links to ../../build/py_pubsub/py_pubsub.egg-info/dependency_links.txt
[6.638s] writing entry points to ../../build/py_pubsub/py_pubsub.egg-info/entry_points.txt
[6.639s] writing requirements to ../../build/py_pubsub/py_pubsub.egg-info/requires.txt
[6.641s] writing top-level names to ../../build/py_pubsub/py_pubsub.egg-info/top_level.txt
[6.648s] reading manifest file '../../build/py_pubsub/py_pubsub.egg-info/SOURCES.txt'
[6.650s] adding license file 'LICENSE'
[6.653s] writing manifest file '../../build/py_pubsub/py_pubsub.egg-info/SOURCES.txt'
[6.655s] running build
[6.656s] running build_py
[6.657s] copying py_pubsub/subscriber_member_function.py -> /home/maandres/bigus-igus/ws/build/py_pubsub/build/lib/py_pubsub
[6.661s] running install
[6.661s] /usr/lib/python3/dist-packages/setuptools/command/install.py:34: SetuptoolsDeprecationWarning: setup.py install is deprecated. Use build and pip and other standards-based tools.
[6.662s]   warnings.warn(
[6.663s] running install_lib
[6.664s] copying /home/maandres/bigus-igus/ws/build/py_pubsub/build/lib/py_pubsub/subscriber_member_function.py -> /home/maandres/bigus-igus/ws/install/py_pubsub/lib/python3.10/site-packages/py_pubsub
[6.666s] byte-compiling /home/maandres/bigus-igus/ws/install/py_pubsub/lib/python3.10/site-packages/py_pubsub/subscriber_member_function.py to subscriber_member_function.cpython-310.pyc
[6.668s]   File "/home/maandres/bigus-igus/ws/install/py_pubsub/lib/python3.10/site-packages/py_pubsub/subscriber_member_function.py", line 78
[6.668s]     os.system('cansend can0 '+ self.board_id + '#25.' + self.moviment + '.10)
[6.669s]                                                                         ^
[6.669s] SyntaxError: unterminated string literal (detected at line 78)
[6.670s] 
[6.670s] running install_data
[6.671s] running install_egg_info
[6.684s] removing '/home/maandres/bigus-igus/ws/install/py_pubsub/lib/python3.10/site-packages/py_pubsub-0.0.0-py3.10.egg-info' (and everything under it)
[6.685s] Copying ../../build/py_pubsub/py_pubsub.egg-info to /home/maandres/bigus-igus/ws/install/py_pubsub/lib/python3.10/site-packages/py_pubsub-0.0.0-py3.10.egg-info
[6.688s] running install_scripts
[6.788s] Installing listener script to /home/maandres/bigus-igus/ws/install/py_pubsub/lib/py_pubsub
[6.798s] Installing talker script to /home/maandres/bigus-igus/ws/install/py_pubsub/lib/py_pubsub
[6.800s] writing list of installed files to '/home/maandres/bigus-igus/ws/build/py_pubsub/install.log'
[7.340s] Invoked command in '/home/maandres/bigus-igus/ws/src/py_pubsub' returned '0': PYTHONPATH=/home/maandres/bigus-igus/ws/build/py_pubsub/prefix_override:/home/maandres/bigus-igus/ws/install/py_pubsub/lib/python3.10/site-packages:${PYTHONPATH} /usr/bin/python3 setup.py egg_info --egg-base ../../build/py_pubsub build --build-base /home/maandres/bigus-igus/ws/build/py_pubsub/build install --record /home/maandres/bigus-igus/ws/build/py_pubsub/install.log --single-version-externally-managed
