[4.026s] Invoking command in '/home/perry/bigus-igus/ws/src/py_pubsub': PYTHONPATH=/home/perry/bigus-igus/ws/build/py_pubsub/prefix_override:/home/perry/bigus-igus/ws/install/py_pubsub/lib/python3.10/site-packages:${PYTHONPATH} /usr/bin/python3 setup.py egg_info --egg-base ../../build/py_pubsub build --build-base /home/perry/bigus-igus/ws/build/py_pubsub/build install --record /home/perry/bigus-igus/ws/build/py_pubsub/install.log --single-version-externally-managed
[5.388s] running egg_info
[5.391s] writing ../../build/py_pubsub/py_pubsub.egg-info/PKG-INFO
[5.392s] writing dependency_links to ../../build/py_pubsub/py_pubsub.egg-info/dependency_links.txt
[5.393s] writing entry points to ../../build/py_pubsub/py_pubsub.egg-info/entry_points.txt
[5.394s] writing requirements to ../../build/py_pubsub/py_pubsub.egg-info/requires.txt
[5.395s] writing top-level names to ../../build/py_pubsub/py_pubsub.egg-info/top_level.txt
[5.404s] reading manifest file '../../build/py_pubsub/py_pubsub.egg-info/SOURCES.txt'
[5.406s] adding license file 'LICENSE'
[5.409s] writing manifest file '../../build/py_pubsub/py_pubsub.egg-info/SOURCES.txt'
[5.410s] running build
[5.410s] running build_py
[5.411s] copying py_pubsub/subscriber_member_function.py -> /home/perry/bigus-igus/ws/build/py_pubsub/build/lib/py_pubsub
[5.413s] running install
[5.414s] /usr/lib/python3/dist-packages/setuptools/command/install.py:34: SetuptoolsDeprecationWarning: setup.py install is deprecated. Use build and pip and other standards-based tools.
[5.414s]   warnings.warn(
[5.415s] running install_lib
[5.419s] copying /home/perry/bigus-igus/ws/build/py_pubsub/build/lib/py_pubsub/subscriber_member_function.py -> /home/perry/bigus-igus/ws/install/py_pubsub/lib/python3.10/site-packages/py_pubsub
[5.423s] byte-compiling /home/perry/bigus-igus/ws/install/py_pubsub/lib/python3.10/site-packages/py_pubsub/subscriber_member_function.py to subscriber_member_function.cpython-310.pyc
[5.426s] running install_data
[5.429s] running install_egg_info
[5.441s] removing '/home/perry/bigus-igus/ws/install/py_pubsub/lib/python3.10/site-packages/py_pubsub-0.0.0-py3.10.egg-info' (and everything under it)
[5.444s] Copying ../../build/py_pubsub/py_pubsub.egg-info to /home/perry/bigus-igus/ws/install/py_pubsub/lib/python3.10/site-packages/py_pubsub-0.0.0-py3.10.egg-info
[5.449s] running install_scripts
[5.541s] Installing listener script to /home/perry/bigus-igus/ws/install/py_pubsub/lib/py_pubsub
[5.543s] Installing talker script to /home/perry/bigus-igus/ws/install/py_pubsub/lib/py_pubsub
[5.544s] writing list of installed files to '/home/perry/bigus-igus/ws/build/py_pubsub/install.log'
[5.688s] Invoked command in '/home/perry/bigus-igus/ws/src/py_pubsub' returned '0': PYTHONPATH=/home/perry/bigus-igus/ws/build/py_pubsub/prefix_override:/home/perry/bigus-igus/ws/install/py_pubsub/lib/python3.10/site-packages:${PYTHONPATH} /usr/bin/python3 setup.py egg_info --egg-base ../../build/py_pubsub build --build-base /home/perry/bigus-igus/ws/build/py_pubsub/build install --record /home/perry/bigus-igus/ws/build/py_pubsub/install.log --single-version-externally-managed
