[7.204s] DEBUG:colcon:Command line arguments: ['/usr/bin/colcon', 'build', '--packages-select', 'py_pubsub']
[7.205s] DEBUG:colcon:Parsed command line arguments: Namespace(log_base=None, log_level=None, verb_name='build', build_base='build', install_base='install', merge_install=False, symlink_install=False, test_result_base=None, continue_on_error=False, executor='parallel', parallel_workers=4, event_handlers=None, ignore_user_meta=False, metas=['./colcon.meta'], base_paths=['.'], packages_ignore=None, packages_ignore_regex=None, paths=None, packages_up_to=None, packages_up_to_regex=None, packages_above=None, packages_above_and_dependencies=None, packages_above_depth=None, packages_select_by_dep=None, packages_skip_by_dep=None, packages_skip_up_to=None, packages_select_build_failed=False, packages_skip_build_finished=False, packages_select_test_failures=False, packages_skip_test_passed=False, packages_select=['py_pubsub'], packages_skip=None, packages_select_regex=None, packages_skip_regex=None, packages_start=None, packages_end=None, allow_overriding=[], cmake_args=None, cmake_target=None, cmake_target_skip_unavailable=False, cmake_clean_cache=False, cmake_clean_first=False, cmake_force_configure=False, ament_cmake_args=None, catkin_cmake_args=None, catkin_skip_building_tests=False, verb_parser=<colcon_defaults.argument_parser.defaults.DefaultArgumentsDecorator object at 0xffffb7f23ca0>, verb_extension=<colcon_core.verb.build.BuildVerb object at 0xffffb8457910>, main=<bound method BuildVerb.main of <colcon_core.verb.build.BuildVerb object at 0xffffb8457910>>)
[7.784s] Level 1:colcon.colcon_core.package_discovery:discover_packages(colcon_meta) check parameters
[7.784s] Level 1:colcon.colcon_core.package_discovery:discover_packages(recursive) check parameters
[7.784s] Level 1:colcon.colcon_core.package_discovery:discover_packages(ignore) check parameters
[7.784s] Level 1:colcon.colcon_core.package_discovery:discover_packages(path) check parameters
[7.785s] Level 1:colcon.colcon_core.package_discovery:discover_packages(colcon_meta) discover
[7.785s] Level 1:colcon.colcon_core.package_discovery:discover_packages(recursive) discover
[7.785s] INFO:colcon.colcon_core.package_discovery:Crawling recursively for packages in '/home/perry/bigus-igus/ws'
[7.786s] Level 1:colcon.colcon_core.package_identification:_identify(.) by extensions ['ignore', 'ignore_ament_install']
[7.786s] Level 1:colcon.colcon_core.package_identification:_identify(.) by extension 'ignore'
[7.786s] Level 1:colcon.colcon_core.package_identification:_identify(.) by extension 'ignore_ament_install'
[7.787s] Level 1:colcon.colcon_core.package_identification:_identify(.) by extensions ['colcon_pkg']
[7.787s] Level 1:colcon.colcon_core.package_identification:_identify(.) by extension 'colcon_pkg'
[7.787s] Level 1:colcon.colcon_core.package_identification:_identify(.) by extensions ['colcon_meta']
[7.788s] Level 1:colcon.colcon_core.package_identification:_identify(.) by extension 'colcon_meta'
[7.788s] Level 1:colcon.colcon_core.package_identification:_identify(.) by extensions ['ros']
[7.788s] Level 1:colcon.colcon_core.package_identification:_identify(.) by extension 'ros'
[7.849s] Level 1:colcon.colcon_core.package_identification:_identify(.) by extensions ['cmake', 'python']
[7.849s] Level 1:colcon.colcon_core.package_identification:_identify(.) by extension 'cmake'
[7.850s] Level 1:colcon.colcon_core.package_identification:_identify(.) by extension 'python'
[7.850s] Level 1:colcon.colcon_core.package_identification:_identify(.) by extensions ['python_setup_py']
[7.850s] Level 1:colcon.colcon_core.package_identification:_identify(.) by extension 'python_setup_py'
[7.851s] Level 1:colcon.colcon_core.package_identification:_identify(build) by extensions ['ignore', 'ignore_ament_install']
[7.851s] Level 1:colcon.colcon_core.package_identification:_identify(build) by extension 'ignore'
[7.851s] Level 1:colcon.colcon_core.package_identification:_identify(build) ignored
[7.852s] Level 1:colcon.colcon_core.package_identification:_identify(install) by extensions ['ignore', 'ignore_ament_install']
[7.853s] Level 1:colcon.colcon_core.package_identification:_identify(install) by extension 'ignore'
[7.853s] Level 1:colcon.colcon_core.package_identification:_identify(install) ignored
[7.853s] Level 1:colcon.colcon_core.package_identification:_identify(log) by extensions ['ignore', 'ignore_ament_install']
[7.854s] Level 1:colcon.colcon_core.package_identification:_identify(log) by extension 'ignore'
[7.854s] Level 1:colcon.colcon_core.package_identification:_identify(log) ignored
[7.854s] Level 1:colcon.colcon_core.package_identification:_identify(src) by extensions ['ignore', 'ignore_ament_install']
[7.855s] Level 1:colcon.colcon_core.package_identification:_identify(src) by extension 'ignore'
[7.855s] Level 1:colcon.colcon_core.package_identification:_identify(src) by extension 'ignore_ament_install'
[7.856s] Level 1:colcon.colcon_core.package_identification:_identify(src) by extensions ['colcon_pkg']
[7.856s] Level 1:colcon.colcon_core.package_identification:_identify(src) by extension 'colcon_pkg'
[7.856s] Level 1:colcon.colcon_core.package_identification:_identify(src) by extensions ['colcon_meta']
[7.856s] Level 1:colcon.colcon_core.package_identification:_identify(src) by extension 'colcon_meta'
[7.857s] Level 1:colcon.colcon_core.package_identification:_identify(src) by extensions ['ros']
[7.857s] Level 1:colcon.colcon_core.package_identification:_identify(src) by extension 'ros'
[7.858s] Level 1:colcon.colcon_core.package_identification:_identify(src) by extensions ['cmake', 'python']
[7.858s] Level 1:colcon.colcon_core.package_identification:_identify(src) by extension 'cmake'
[7.858s] Level 1:colcon.colcon_core.package_identification:_identify(src) by extension 'python'
[7.859s] Level 1:colcon.colcon_core.package_identification:_identify(src) by extensions ['python_setup_py']
[7.859s] Level 1:colcon.colcon_core.package_identification:_identify(src) by extension 'python_setup_py'
[7.860s] Level 1:colcon.colcon_core.package_identification:_identify(src/not_a_package) by extensions ['ignore', 'ignore_ament_install']
[7.860s] Level 1:colcon.colcon_core.package_identification:_identify(src/not_a_package) by extension 'ignore'
[7.860s] Level 1:colcon.colcon_core.package_identification:_identify(src/not_a_package) by extension 'ignore_ament_install'
[7.861s] Level 1:colcon.colcon_core.package_identification:_identify(src/not_a_package) by extensions ['colcon_pkg']
[7.861s] Level 1:colcon.colcon_core.package_identification:_identify(src/not_a_package) by extension 'colcon_pkg'
[7.861s] Level 1:colcon.colcon_core.package_identification:_identify(src/not_a_package) by extensions ['colcon_meta']
[7.861s] Level 1:colcon.colcon_core.package_identification:_identify(src/not_a_package) by extension 'colcon_meta'
[7.862s] Level 1:colcon.colcon_core.package_identification:_identify(src/not_a_package) by extensions ['ros']
[7.862s] Level 1:colcon.colcon_core.package_identification:_identify(src/not_a_package) by extension 'ros'
[7.862s] Level 1:colcon.colcon_core.package_identification:_identify(src/not_a_package) by extensions ['cmake', 'python']
[7.863s] Level 1:colcon.colcon_core.package_identification:_identify(src/not_a_package) by extension 'cmake'
[7.863s] Level 1:colcon.colcon_core.package_identification:_identify(src/not_a_package) by extension 'python'
[7.863s] Level 1:colcon.colcon_core.package_identification:_identify(src/not_a_package) by extensions ['python_setup_py']
[7.863s] Level 1:colcon.colcon_core.package_identification:_identify(src/not_a_package) by extension 'python_setup_py'
[7.864s] Level 1:colcon.colcon_core.package_identification:_identify(src/py_pubsub) by extensions ['ignore', 'ignore_ament_install']
[7.865s] Level 1:colcon.colcon_core.package_identification:_identify(src/py_pubsub) by extension 'ignore'
[7.865s] Level 1:colcon.colcon_core.package_identification:_identify(src/py_pubsub) by extension 'ignore_ament_install'
[7.866s] Level 1:colcon.colcon_core.package_identification:_identify(src/py_pubsub) by extensions ['colcon_pkg']
[7.866s] Level 1:colcon.colcon_core.package_identification:_identify(src/py_pubsub) by extension 'colcon_pkg'
[7.867s] Level 1:colcon.colcon_core.package_identification:_identify(src/py_pubsub) by extensions ['colcon_meta']
[7.867s] Level 1:colcon.colcon_core.package_identification:_identify(src/py_pubsub) by extension 'colcon_meta'
[7.867s] Level 1:colcon.colcon_core.package_identification:_identify(src/py_pubsub) by extensions ['ros']
[7.868s] Level 1:colcon.colcon_core.package_identification:_identify(src/py_pubsub) by extension 'ros'
[7.878s] DEBUG:colcon.colcon_core.package_identification:Package 'src/py_pubsub' with type 'ros.ament_python' and name 'py_pubsub'
[7.878s] Level 1:colcon.colcon_core.package_discovery:discover_packages(recursive) using defaults
[7.879s] Level 1:colcon.colcon_core.package_discovery:discover_packages(ignore) discover
[7.879s] Level 1:colcon.colcon_core.package_discovery:discover_packages(ignore) using defaults
[7.879s] Level 1:colcon.colcon_core.package_discovery:discover_packages(path) discover
[7.879s] Level 1:colcon.colcon_core.package_discovery:discover_packages(path) using defaults
[8.381s] Level 1:colcon.colcon_core.package_discovery:discover_packages(prefix_path) check parameters
[8.382s] Level 1:colcon.colcon_core.package_discovery:discover_packages(prefix_path) discover
[8.566s] DEBUG:colcon.colcon_installed_package_information.package_discovery:Found 296 installed packages in /opt/ros/iron
[8.574s] Level 1:colcon.colcon_core.package_discovery:discover_packages(prefix_path) using defaults
[9.398s] Level 5:colcon.colcon_core.verb:set package 'py_pubsub' build argument 'cmake_args' from command line to 'None'
[9.399s] Level 5:colcon.colcon_core.verb:set package 'py_pubsub' build argument 'cmake_target' from command line to 'None'
[9.399s] Level 5:colcon.colcon_core.verb:set package 'py_pubsub' build argument 'cmake_target_skip_unavailable' from command line to 'False'
[9.399s] Level 5:colcon.colcon_core.verb:set package 'py_pubsub' build argument 'cmake_clean_cache' from command line to 'False'
[9.399s] Level 5:colcon.colcon_core.verb:set package 'py_pubsub' build argument 'cmake_clean_first' from command line to 'False'
[9.399s] Level 5:colcon.colcon_core.verb:set package 'py_pubsub' build argument 'cmake_force_configure' from command line to 'False'
[9.400s] Level 5:colcon.colcon_core.verb:set package 'py_pubsub' build argument 'ament_cmake_args' from command line to 'None'
[9.400s] Level 5:colcon.colcon_core.verb:set package 'py_pubsub' build argument 'catkin_cmake_args' from command line to 'None'
[9.400s] Level 5:colcon.colcon_core.verb:set package 'py_pubsub' build argument 'catkin_skip_building_tests' from command line to 'False'
[9.400s] DEBUG:colcon.colcon_core.verb:Building package 'py_pubsub' with the following arguments: {'ament_cmake_args': None, 'build_base': '/home/perry/bigus-igus/ws/build/py_pubsub', 'catkin_cmake_args': None, 'catkin_skip_building_tests': False, 'cmake_args': None, 'cmake_clean_cache': False, 'cmake_clean_first': False, 'cmake_force_configure': False, 'cmake_target': None, 'cmake_target_skip_unavailable': False, 'install_base': '/home/perry/bigus-igus/ws/install/py_pubsub', 'merge_install': False, 'path': '/home/perry/bigus-igus/ws/src/py_pubsub', 'symlink_install': False, 'test_result_base': None}
[9.510s] INFO:colcon.colcon_core.executor:Executing jobs using 'parallel' executor
[9.626s] DEBUG:colcon.colcon_parallel_executor.executor.parallel:run_until_complete
[9.627s] INFO:colcon.colcon_ros.task.ament_python.build:Building ROS package in '/home/perry/bigus-igus/ws/src/py_pubsub' with build type 'ament_python'
[9.627s] Level 1:colcon.colcon_core.shell:create_environment_hook('py_pubsub', 'ament_prefix_path')
[9.732s] INFO:colcon.colcon_core.plugin_system:Skipping extension 'colcon_core.shell.bat': Not used on non-Windows systems
[9.733s] INFO:colcon.colcon_core.shell:Creating environment hook '/home/perry/bigus-igus/ws/install/py_pubsub/share/py_pubsub/hook/ament_prefix_path.ps1'
[9.736s] INFO:colcon.colcon_core.shell:Creating environment descriptor '/home/perry/bigus-igus/ws/install/py_pubsub/share/py_pubsub/hook/ament_prefix_path.dsv'
[9.739s] INFO:colcon.colcon_core.shell:Creating environment hook '/home/perry/bigus-igus/ws/install/py_pubsub/share/py_pubsub/hook/ament_prefix_path.sh'
[9.850s] INFO:colcon.colcon_core.shell:Skip shell extension 'powershell' for command environment: Not usable outside of PowerShell
[9.850s] DEBUG:colcon.colcon_core.shell:Skip shell extension 'dsv' for command environment
[11.648s] INFO:colcon.colcon_core.task.python.build:Building Python package in '/home/perry/bigus-igus/ws/src/py_pubsub'
[11.734s] INFO:colcon.colcon_core.shell:Skip shell extension 'powershell' for command environment: Not usable outside of PowerShell
[11.735s] DEBUG:colcon.colcon_core.shell:Skip shell extension 'dsv' for command environment
[13.970s] DEBUG:colcon.colcon_core.event_handler.log_command:Invoking command in '/home/perry/bigus-igus/ws/src/py_pubsub': PYTHONPATH=/home/perry/bigus-igus/ws/build/py_pubsub/prefix_override:/home/perry/bigus-igus/ws/install/py_pubsub/lib/python3.10/site-packages:${PYTHONPATH} /usr/bin/python3 setup.py egg_info --egg-base ../../build/py_pubsub build --build-base /home/perry/bigus-igus/ws/build/py_pubsub/build install --record /home/perry/bigus-igus/ws/build/py_pubsub/install.log --single-version-externally-managed
[15.601s] DEBUG:colcon.colcon_core.event_handler.log_command:Invoked command in '/home/perry/bigus-igus/ws/src/py_pubsub' returned '0': PYTHONPATH=/home/perry/bigus-igus/ws/build/py_pubsub/prefix_override:/home/perry/bigus-igus/ws/install/py_pubsub/lib/python3.10/site-packages:${PYTHONPATH} /usr/bin/python3 setup.py egg_info --egg-base ../../build/py_pubsub build --build-base /home/perry/bigus-igus/ws/build/py_pubsub/build install --record /home/perry/bigus-igus/ws/build/py_pubsub/install.log --single-version-externally-managed
[15.704s] Level 1:colcon.colcon_core.environment:checking '/home/perry/bigus-igus/ws/install/py_pubsub' for CMake module files
[15.707s] Level 1:colcon.colcon_core.environment:checking '/home/perry/bigus-igus/ws/install/py_pubsub' for CMake config files
[15.711s] Level 1:colcon.colcon_core.environment:checking '/home/perry/bigus-igus/ws/install/py_pubsub/lib'
[15.712s] Level 1:colcon.colcon_core.environment:checking '/home/perry/bigus-igus/ws/install/py_pubsub/bin'
[15.713s] Level 1:colcon.colcon_core.environment:checking '/home/perry/bigus-igus/ws/install/py_pubsub/lib/pkgconfig/py_pubsub.pc'
[15.714s] Level 1:colcon.colcon_core.environment:checking '/home/perry/bigus-igus/ws/install/py_pubsub/lib/python3.10/site-packages'
[15.715s] Level 1:colcon.colcon_core.shell:create_environment_hook('py_pubsub', 'pythonpath')
[15.802s] INFO:colcon.colcon_core.shell:Creating environment hook '/home/perry/bigus-igus/ws/install/py_pubsub/share/py_pubsub/hook/pythonpath.ps1'
[15.805s] INFO:colcon.colcon_core.shell:Creating environment descriptor '/home/perry/bigus-igus/ws/install/py_pubsub/share/py_pubsub/hook/pythonpath.dsv'
[15.807s] INFO:colcon.colcon_core.shell:Creating environment hook '/home/perry/bigus-igus/ws/install/py_pubsub/share/py_pubsub/hook/pythonpath.sh'
[15.810s] Level 1:colcon.colcon_core.environment:checking '/home/perry/bigus-igus/ws/install/py_pubsub/bin'
[15.810s] Level 1:colcon.colcon_core.environment:create_environment_scripts_only(py_pubsub)
[15.916s] INFO:colcon.colcon_core.shell:Creating package script '/home/perry/bigus-igus/ws/install/py_pubsub/share/py_pubsub/package.ps1'
[15.922s] INFO:colcon.colcon_core.shell:Creating package descriptor '/home/perry/bigus-igus/ws/install/py_pubsub/share/py_pubsub/package.dsv'
[15.927s] INFO:colcon.colcon_core.shell:Creating package script '/home/perry/bigus-igus/ws/install/py_pubsub/share/py_pubsub/package.sh'
[15.931s] INFO:colcon.colcon_core.shell:Creating package script '/home/perry/bigus-igus/ws/install/py_pubsub/share/py_pubsub/package.bash'
[15.935s] INFO:colcon.colcon_core.shell:Creating package script '/home/perry/bigus-igus/ws/install/py_pubsub/share/py_pubsub/package.zsh'
[15.939s] Level 1:colcon.colcon_core.environment:create_file_with_runtime_dependencies(/home/perry/bigus-igus/ws/install/py_pubsub/share/colcon-core/packages/py_pubsub)
[15.940s] DEBUG:colcon.colcon_parallel_executor.executor.parallel:closing loop
[15.942s] DEBUG:colcon.colcon_parallel_executor.executor.parallel:loop closed
[15.943s] DEBUG:colcon.colcon_parallel_executor.executor.parallel:run_until_complete finished with '0'
[15.943s] DEBUG:colcon.colcon_core.event_reactor:joining thread
[16.112s] INFO:colcon.colcon_core.plugin_system:Skipping extension 'colcon_notification.desktop_notification.terminal_notifier': Not used on non-Darwin systems
[16.112s] INFO:colcon.colcon_core.plugin_system:Skipping extension 'colcon_notification.desktop_notification.win32': Not used on non-Windows systems
[16.113s] INFO:colcon.colcon_notification.desktop_notification:Sending desktop notification using 'notify2'
[16.666s] DEBUG:colcon.colcon_core.event_reactor:joined thread
[16.760s] INFO:colcon.colcon_core.shell:Creating prefix script '/home/perry/bigus-igus/ws/install/local_setup.ps1'
[16.765s] INFO:colcon.colcon_core.shell:Creating prefix util module '/home/perry/bigus-igus/ws/install/_local_setup_util_ps1.py'
[16.771s] INFO:colcon.colcon_core.shell:Creating prefix chain script '/home/perry/bigus-igus/ws/install/setup.ps1'
[16.866s] INFO:colcon.colcon_core.shell:Creating prefix script '/home/perry/bigus-igus/ws/install/local_setup.sh'
[16.870s] INFO:colcon.colcon_core.shell:Creating prefix util module '/home/perry/bigus-igus/ws/install/_local_setup_util_sh.py'
[16.874s] INFO:colcon.colcon_core.shell:Creating prefix chain script '/home/perry/bigus-igus/ws/install/setup.sh'
[16.967s] INFO:colcon.colcon_core.shell:Creating prefix script '/home/perry/bigus-igus/ws/install/local_setup.bash'
[16.970s] INFO:colcon.colcon_core.shell:Creating prefix chain script '/home/perry/bigus-igus/ws/install/setup.bash'
[17.055s] INFO:colcon.colcon_core.shell:Creating prefix script '/home/perry/bigus-igus/ws/install/local_setup.zsh'
[17.057s] INFO:colcon.colcon_core.shell:Creating prefix chain script '/home/perry/bigus-igus/ws/install/setup.zsh'
