[6.276s] DEBUG:colcon:Command line arguments: ['/usr/bin/colcon', 'build', '--packages-select', 'py_pubsub']
[6.276s] DEBUG:colcon:Parsed command line arguments: Namespace(log_base=None, log_level=None, verb_name='build', build_base='build', install_base='install', merge_install=False, symlink_install=False, test_result_base=None, continue_on_error=False, executor='parallel', parallel_workers=4, event_handlers=None, ignore_user_meta=False, metas=['./colcon.meta'], base_paths=['.'], packages_ignore=None, packages_ignore_regex=None, paths=None, packages_up_to=None, packages_up_to_regex=None, packages_above=None, packages_above_and_dependencies=None, packages_above_depth=None, packages_select_by_dep=None, packages_skip_by_dep=None, packages_skip_up_to=None, packages_select_build_failed=False, packages_skip_build_finished=False, packages_select_test_failures=False, packages_skip_test_passed=False, packages_select=['py_pubsub'], packages_skip=None, packages_select_regex=None, packages_skip_regex=None, packages_start=None, packages_end=None, allow_overriding=[], cmake_args=None, cmake_target=None, cmake_target_skip_unavailable=False, cmake_clean_cache=False, cmake_clean_first=False, cmake_force_configure=False, ament_cmake_args=None, catkin_cmake_args=None, catkin_skip_building_tests=False, verb_parser=<colcon_defaults.argument_parser.defaults.DefaultArgumentsDecorator object at 0xffffaa2f2050>, verb_extension=<colcon_core.verb.build.BuildVerb object at 0xffffaa827910>, main=<bound method BuildVerb.main of <colcon_core.verb.build.BuildVerb object at 0xffffaa827910>>)
[6.532s] Level 1:colcon.colcon_core.package_discovery:discover_packages(colcon_meta) check parameters
[6.533s] Level 1:colcon.colcon_core.package_discovery:discover_packages(recursive) check parameters
[6.533s] Level 1:colcon.colcon_core.package_discovery:discover_packages(ignore) check parameters
[6.533s] Level 1:colcon.colcon_core.package_discovery:discover_packages(path) check parameters
[6.533s] Level 1:colcon.colcon_core.package_discovery:discover_packages(colcon_meta) discover
[6.533s] Level 1:colcon.colcon_core.package_discovery:discover_packages(recursive) discover
[6.534s] INFO:colcon.colcon_core.package_discovery:Crawling recursively for packages in '/home/perry/bigus-igus/ws'
[6.534s] Level 1:colcon.colcon_core.package_identification:_identify(.) by extensions ['ignore', 'ignore_ament_install']
[6.535s] Level 1:colcon.colcon_core.package_identification:_identify(.) by extension 'ignore'
[6.535s] Level 1:colcon.colcon_core.package_identification:_identify(.) by extension 'ignore_ament_install'
[6.535s] Level 1:colcon.colcon_core.package_identification:_identify(.) by extensions ['colcon_pkg']
[6.535s] Level 1:colcon.colcon_core.package_identification:_identify(.) by extension 'colcon_pkg'
[6.536s] Level 1:colcon.colcon_core.package_identification:_identify(.) by extensions ['colcon_meta']
[6.536s] Level 1:colcon.colcon_core.package_identification:_identify(.) by extension 'colcon_meta'
[6.536s] Level 1:colcon.colcon_core.package_identification:_identify(.) by extensions ['ros']
[6.536s] Level 1:colcon.colcon_core.package_identification:_identify(.) by extension 'ros'
[6.592s] Level 1:colcon.colcon_core.package_identification:_identify(.) by extensions ['cmake', 'python']
[6.592s] Level 1:colcon.colcon_core.package_identification:_identify(.) by extension 'cmake'
[6.592s] Level 1:colcon.colcon_core.package_identification:_identify(.) by extension 'python'
[6.593s] Level 1:colcon.colcon_core.package_identification:_identify(.) by extensions ['python_setup_py']
[6.593s] Level 1:colcon.colcon_core.package_identification:_identify(.) by extension 'python_setup_py'
[6.593s] Level 1:colcon.colcon_core.package_identification:_identify(build) by extensions ['ignore', 'ignore_ament_install']
[6.594s] Level 1:colcon.colcon_core.package_identification:_identify(build) by extension 'ignore'
[6.594s] Level 1:colcon.colcon_core.package_identification:_identify(build) ignored
[6.595s] Level 1:colcon.colcon_core.package_identification:_identify(install) by extensions ['ignore', 'ignore_ament_install']
[6.595s] Level 1:colcon.colcon_core.package_identification:_identify(install) by extension 'ignore'
[6.595s] Level 1:colcon.colcon_core.package_identification:_identify(install) ignored
[6.596s] Level 1:colcon.colcon_core.package_identification:_identify(log) by extensions ['ignore', 'ignore_ament_install']
[6.596s] Level 1:colcon.colcon_core.package_identification:_identify(log) by extension 'ignore'
[6.596s] Level 1:colcon.colcon_core.package_identification:_identify(log) ignored
[6.597s] Level 1:colcon.colcon_core.package_identification:_identify(src) by extensions ['ignore', 'ignore_ament_install']
[6.597s] Level 1:colcon.colcon_core.package_identification:_identify(src) by extension 'ignore'
[6.597s] Level 1:colcon.colcon_core.package_identification:_identify(src) by extension 'ignore_ament_install'
[6.598s] Level 1:colcon.colcon_core.package_identification:_identify(src) by extensions ['colcon_pkg']
[6.598s] Level 1:colcon.colcon_core.package_identification:_identify(src) by extension 'colcon_pkg'
[6.598s] Level 1:colcon.colcon_core.package_identification:_identify(src) by extensions ['colcon_meta']
[6.598s] Level 1:colcon.colcon_core.package_identification:_identify(src) by extension 'colcon_meta'
[6.598s] Level 1:colcon.colcon_core.package_identification:_identify(src) by extensions ['ros']
[6.598s] Level 1:colcon.colcon_core.package_identification:_identify(src) by extension 'ros'
[6.599s] Level 1:colcon.colcon_core.package_identification:_identify(src) by extensions ['cmake', 'python']
[6.599s] Level 1:colcon.colcon_core.package_identification:_identify(src) by extension 'cmake'
[6.599s] Level 1:colcon.colcon_core.package_identification:_identify(src) by extension 'python'
[6.599s] Level 1:colcon.colcon_core.package_identification:_identify(src) by extensions ['python_setup_py']
[6.599s] Level 1:colcon.colcon_core.package_identification:_identify(src) by extension 'python_setup_py'
[6.600s] Level 1:colcon.colcon_core.package_identification:_identify(src/not_a_package) by extensions ['ignore', 'ignore_ament_install']
[6.600s] Level 1:colcon.colcon_core.package_identification:_identify(src/not_a_package) by extension 'ignore'
[6.601s] Level 1:colcon.colcon_core.package_identification:_identify(src/not_a_package) by extension 'ignore_ament_install'
[6.601s] Level 1:colcon.colcon_core.package_identification:_identify(src/not_a_package) by extensions ['colcon_pkg']
[6.601s] Level 1:colcon.colcon_core.package_identification:_identify(src/not_a_package) by extension 'colcon_pkg'
[6.601s] Level 1:colcon.colcon_core.package_identification:_identify(src/not_a_package) by extensions ['colcon_meta']
[6.601s] Level 1:colcon.colcon_core.package_identification:_identify(src/not_a_package) by extension 'colcon_meta'
[6.601s] Level 1:colcon.colcon_core.package_identification:_identify(src/not_a_package) by extensions ['ros']
[6.602s] Level 1:colcon.colcon_core.package_identification:_identify(src/not_a_package) by extension 'ros'
[6.602s] Level 1:colcon.colcon_core.package_identification:_identify(src/not_a_package) by extensions ['cmake', 'python']
[6.602s] Level 1:colcon.colcon_core.package_identification:_identify(src/not_a_package) by extension 'cmake'
[6.602s] Level 1:colcon.colcon_core.package_identification:_identify(src/not_a_package) by extension 'python'
[6.603s] Level 1:colcon.colcon_core.package_identification:_identify(src/not_a_package) by extensions ['python_setup_py']
[6.603s] Level 1:colcon.colcon_core.package_identification:_identify(src/not_a_package) by extension 'python_setup_py'
[6.603s] Level 1:colcon.colcon_core.package_identification:_identify(src/py_pubsub) by extensions ['ignore', 'ignore_ament_install']
[6.604s] Level 1:colcon.colcon_core.package_identification:_identify(src/py_pubsub) by extension 'ignore'
[6.604s] Level 1:colcon.colcon_core.package_identification:_identify(src/py_pubsub) by extension 'ignore_ament_install'
[6.605s] Level 1:colcon.colcon_core.package_identification:_identify(src/py_pubsub) by extensions ['colcon_pkg']
[6.605s] Level 1:colcon.colcon_core.package_identification:_identify(src/py_pubsub) by extension 'colcon_pkg'
[6.605s] Level 1:colcon.colcon_core.package_identification:_identify(src/py_pubsub) by extensions ['colcon_meta']
[6.605s] Level 1:colcon.colcon_core.package_identification:_identify(src/py_pubsub) by extension 'colcon_meta'
[6.606s] Level 1:colcon.colcon_core.package_identification:_identify(src/py_pubsub) by extensions ['ros']
[6.606s] Level 1:colcon.colcon_core.package_identification:_identify(src/py_pubsub) by extension 'ros'
[6.618s] DEBUG:colcon.colcon_core.package_identification:Package 'src/py_pubsub' with type 'ros.ament_python' and name 'py_pubsub'
[6.619s] Level 1:colcon.colcon_core.package_discovery:discover_packages(recursive) using defaults
[6.620s] Level 1:colcon.colcon_core.package_discovery:discover_packages(ignore) discover
[6.620s] Level 1:colcon.colcon_core.package_discovery:discover_packages(ignore) using defaults
[6.620s] Level 1:colcon.colcon_core.package_discovery:discover_packages(path) discover
[6.620s] Level 1:colcon.colcon_core.package_discovery:discover_packages(path) using defaults
[7.270s] Level 1:colcon.colcon_core.package_discovery:discover_packages(prefix_path) check parameters
[7.270s] Level 1:colcon.colcon_core.package_discovery:discover_packages(prefix_path) discover
[7.457s] DEBUG:colcon.colcon_installed_package_information.package_discovery:Found 296 installed packages in /opt/ros/iron
[7.464s] Level 1:colcon.colcon_core.package_discovery:discover_packages(prefix_path) using defaults
[7.981s] Level 5:colcon.colcon_core.verb:set package 'py_pubsub' build argument 'cmake_args' from command line to 'None'
[7.982s] Level 5:colcon.colcon_core.verb:set package 'py_pubsub' build argument 'cmake_target' from command line to 'None'
[7.986s] Level 5:colcon.colcon_core.verb:set package 'py_pubsub' build argument 'cmake_target_skip_unavailable' from command line to 'False'
[7.986s] Level 5:colcon.colcon_core.verb:set package 'py_pubsub' build argument 'cmake_clean_cache' from command line to 'False'
[7.986s] Level 5:colcon.colcon_core.verb:set package 'py_pubsub' build argument 'cmake_clean_first' from command line to 'False'
[7.987s] Level 5:colcon.colcon_core.verb:set package 'py_pubsub' build argument 'cmake_force_configure' from command line to 'False'
[7.987s] Level 5:colcon.colcon_core.verb:set package 'py_pubsub' build argument 'ament_cmake_args' from command line to 'None'
[7.987s] Level 5:colcon.colcon_core.verb:set package 'py_pubsub' build argument 'catkin_cmake_args' from command line to 'None'
[7.987s] Level 5:colcon.colcon_core.verb:set package 'py_pubsub' build argument 'catkin_skip_building_tests' from command line to 'False'
[7.987s] DEBUG:colcon.colcon_core.verb:Building package 'py_pubsub' with the following arguments: {'ament_cmake_args': None, 'build_base': '/home/perry/bigus-igus/ws/build/py_pubsub', 'catkin_cmake_args': None, 'catkin_skip_building_tests': False, 'cmake_args': None, 'cmake_clean_cache': False, 'cmake_clean_first': False, 'cmake_force_configure': False, 'cmake_target': None, 'cmake_target_skip_unavailable': False, 'install_base': '/home/perry/bigus-igus/ws/install/py_pubsub', 'merge_install': False, 'path': '/home/perry/bigus-igus/ws/src/py_pubsub', 'symlink_install': False, 'test_result_base': None}
[8.070s] INFO:colcon.colcon_core.executor:Executing jobs using 'parallel' executor
[8.156s] DEBUG:colcon.colcon_parallel_executor.executor.parallel:run_until_complete
[8.157s] INFO:colcon.colcon_ros.task.ament_python.build:Building ROS package in '/home/perry/bigus-igus/ws/src/py_pubsub' with build type 'ament_python'
[8.158s] Level 1:colcon.colcon_core.shell:create_environment_hook('py_pubsub', 'ament_prefix_path')
[8.260s] INFO:colcon.colcon_core.plugin_system:Skipping extension 'colcon_core.shell.bat': Not used on non-Windows systems
[8.260s] INFO:colcon.colcon_core.shell:Creating environment hook '/home/perry/bigus-igus/ws/install/py_pubsub/share/py_pubsub/hook/ament_prefix_path.ps1'
[8.263s] INFO:colcon.colcon_core.shell:Creating environment descriptor '/home/perry/bigus-igus/ws/install/py_pubsub/share/py_pubsub/hook/ament_prefix_path.dsv'
[8.266s] INFO:colcon.colcon_core.shell:Creating environment hook '/home/perry/bigus-igus/ws/install/py_pubsub/share/py_pubsub/hook/ament_prefix_path.sh'
[8.375s] INFO:colcon.colcon_core.shell:Skip shell extension 'powershell' for command environment: Not usable outside of PowerShell
[8.375s] DEBUG:colcon.colcon_core.shell:Skip shell extension 'dsv' for command environment
[10.149s] INFO:colcon.colcon_core.task.python.build:Building Python package in '/home/perry/bigus-igus/ws/src/py_pubsub'
[10.244s] INFO:colcon.colcon_core.shell:Skip shell extension 'powershell' for command environment: Not usable outside of PowerShell
[10.245s] DEBUG:colcon.colcon_core.shell:Skip shell extension 'dsv' for command environment
[12.382s] DEBUG:colcon.colcon_core.event_handler.log_command:Invoking command in '/home/perry/bigus-igus/ws/src/py_pubsub': PYTHONPATH=/home/perry/bigus-igus/ws/build/py_pubsub/prefix_override:/home/perry/bigus-igus/ws/install/py_pubsub/lib/python3.10/site-packages:${PYTHONPATH} /usr/bin/python3 setup.py egg_info --egg-base ../../build/py_pubsub build --build-base /home/perry/bigus-igus/ws/build/py_pubsub/build install --record /home/perry/bigus-igus/ws/build/py_pubsub/install.log --single-version-externally-managed
[14.037s] DEBUG:colcon.colcon_core.event_handler.log_command:Invoked command in '/home/perry/bigus-igus/ws/src/py_pubsub' returned '0': PYTHONPATH=/home/perry/bigus-igus/ws/build/py_pubsub/prefix_override:/home/perry/bigus-igus/ws/install/py_pubsub/lib/python3.10/site-packages:${PYTHONPATH} /usr/bin/python3 setup.py egg_info --egg-base ../../build/py_pubsub build --build-base /home/perry/bigus-igus/ws/build/py_pubsub/build install --record /home/perry/bigus-igus/ws/build/py_pubsub/install.log --single-version-externally-managed
[14.135s] Level 1:colcon.colcon_core.environment:checking '/home/perry/bigus-igus/ws/install/py_pubsub' for CMake module files
[14.139s] Level 1:colcon.colcon_core.environment:checking '/home/perry/bigus-igus/ws/install/py_pubsub' for CMake config files
[14.143s] Level 1:colcon.colcon_core.environment:checking '/home/perry/bigus-igus/ws/install/py_pubsub/lib'
[14.144s] Level 1:colcon.colcon_core.environment:checking '/home/perry/bigus-igus/ws/install/py_pubsub/bin'
[14.144s] Level 1:colcon.colcon_core.environment:checking '/home/perry/bigus-igus/ws/install/py_pubsub/lib/pkgconfig/py_pubsub.pc'
[14.146s] Level 1:colcon.colcon_core.environment:checking '/home/perry/bigus-igus/ws/install/py_pubsub/lib/python3.10/site-packages'
[14.146s] Level 1:colcon.colcon_core.shell:create_environment_hook('py_pubsub', 'pythonpath')
[14.233s] INFO:colcon.colcon_core.shell:Creating environment hook '/home/perry/bigus-igus/ws/install/py_pubsub/share/py_pubsub/hook/pythonpath.ps1'
[14.235s] INFO:colcon.colcon_core.shell:Creating environment descriptor '/home/perry/bigus-igus/ws/install/py_pubsub/share/py_pubsub/hook/pythonpath.dsv'
[14.238s] INFO:colcon.colcon_core.shell:Creating environment hook '/home/perry/bigus-igus/ws/install/py_pubsub/share/py_pubsub/hook/pythonpath.sh'
[14.241s] Level 1:colcon.colcon_core.environment:checking '/home/perry/bigus-igus/ws/install/py_pubsub/bin'
[14.242s] Level 1:colcon.colcon_core.environment:create_environment_scripts_only(py_pubsub)
[14.329s] INFO:colcon.colcon_core.shell:Creating package script '/home/perry/bigus-igus/ws/install/py_pubsub/share/py_pubsub/package.ps1'
[14.333s] INFO:colcon.colcon_core.shell:Creating package descriptor '/home/perry/bigus-igus/ws/install/py_pubsub/share/py_pubsub/package.dsv'
[14.336s] INFO:colcon.colcon_core.shell:Creating package script '/home/perry/bigus-igus/ws/install/py_pubsub/share/py_pubsub/package.sh'
[14.341s] INFO:colcon.colcon_core.shell:Creating package script '/home/perry/bigus-igus/ws/install/py_pubsub/share/py_pubsub/package.bash'
[14.345s] INFO:colcon.colcon_core.shell:Creating package script '/home/perry/bigus-igus/ws/install/py_pubsub/share/py_pubsub/package.zsh'
[14.349s] Level 1:colcon.colcon_core.environment:create_file_with_runtime_dependencies(/home/perry/bigus-igus/ws/install/py_pubsub/share/colcon-core/packages/py_pubsub)
[14.350s] DEBUG:colcon.colcon_parallel_executor.executor.parallel:closing loop
[14.352s] DEBUG:colcon.colcon_parallel_executor.executor.parallel:loop closed
[14.352s] DEBUG:colcon.colcon_parallel_executor.executor.parallel:run_until_complete finished with '0'
[14.353s] DEBUG:colcon.colcon_core.event_reactor:joining thread
[14.489s] INFO:colcon.colcon_core.plugin_system:Skipping extension 'colcon_notification.desktop_notification.terminal_notifier': Not used on non-Darwin systems
[14.490s] INFO:colcon.colcon_core.plugin_system:Skipping extension 'colcon_notification.desktop_notification.win32': Not used on non-Windows systems
[14.490s] INFO:colcon.colcon_notification.desktop_notification:Sending desktop notification using 'notify2'
[15.046s] DEBUG:colcon.colcon_core.event_reactor:joined thread
[15.140s] INFO:colcon.colcon_core.shell:Creating prefix script '/home/perry/bigus-igus/ws/install/local_setup.ps1'
[15.144s] INFO:colcon.colcon_core.shell:Creating prefix util module '/home/perry/bigus-igus/ws/install/_local_setup_util_ps1.py'
[15.151s] INFO:colcon.colcon_core.shell:Creating prefix chain script '/home/perry/bigus-igus/ws/install/setup.ps1'
[15.239s] INFO:colcon.colcon_core.shell:Creating prefix script '/home/perry/bigus-igus/ws/install/local_setup.sh'
[15.242s] INFO:colcon.colcon_core.shell:Creating prefix util module '/home/perry/bigus-igus/ws/install/_local_setup_util_sh.py'
[15.244s] INFO:colcon.colcon_core.shell:Creating prefix chain script '/home/perry/bigus-igus/ws/install/setup.sh'
[15.331s] INFO:colcon.colcon_core.shell:Creating prefix script '/home/perry/bigus-igus/ws/install/local_setup.bash'
[15.334s] INFO:colcon.colcon_core.shell:Creating prefix chain script '/home/perry/bigus-igus/ws/install/setup.bash'
[15.417s] INFO:colcon.colcon_core.shell:Creating prefix script '/home/perry/bigus-igus/ws/install/local_setup.zsh'
[15.420s] INFO:colcon.colcon_core.shell:Creating prefix chain script '/home/perry/bigus-igus/ws/install/setup.zsh'
