[4.816s] DEBUG:colcon:Command line arguments: ['/usr/bin/colcon', 'build', '--packages-select', 'c_teleop2']
[4.816s] DEBUG:colcon:Parsed command line arguments: Namespace(log_base=None, log_level=None, verb_name='build', build_base='build', install_base='install', merge_install=False, symlink_install=False, test_result_base=None, continue_on_error=False, executor='parallel', parallel_workers=4, event_handlers=None, ignore_user_meta=False, metas=['./colcon.meta'], base_paths=['.'], packages_ignore=None, packages_ignore_regex=None, paths=None, packages_up_to=None, packages_up_to_regex=None, packages_above=None, packages_above_and_dependencies=None, packages_above_depth=None, packages_select_by_dep=None, packages_skip_by_dep=None, packages_skip_up_to=None, packages_select_build_failed=False, packages_skip_build_finished=False, packages_select_test_failures=False, packages_skip_test_passed=False, packages_select=['c_teleop2'], packages_skip=None, packages_select_regex=None, packages_skip_regex=None, packages_start=None, packages_end=None, allow_overriding=[], cmake_args=None, cmake_target=None, cmake_target_skip_unavailable=False, cmake_clean_cache=False, cmake_clean_first=False, cmake_force_configure=False, ament_cmake_args=None, catkin_cmake_args=None, catkin_skip_building_tests=False, verb_parser=<colcon_defaults.argument_parser.defaults.DefaultArgumentsDecorator object at 0xffffafd34f10>, verb_extension=<colcon_core.verb.build.BuildVerb object at 0xffffb0233610>, main=<bound method BuildVerb.main of <colcon_core.verb.build.BuildVerb object at 0xffffb0233610>>)
[5.014s] Level 1:colcon.colcon_core.package_discovery:discover_packages(colcon_meta) check parameters
[5.015s] Level 1:colcon.colcon_core.package_discovery:discover_packages(recursive) check parameters
[5.015s] Level 1:colcon.colcon_core.package_discovery:discover_packages(ignore) check parameters
[5.015s] Level 1:colcon.colcon_core.package_discovery:discover_packages(path) check parameters
[5.015s] Level 1:colcon.colcon_core.package_discovery:discover_packages(colcon_meta) discover
[5.015s] Level 1:colcon.colcon_core.package_discovery:discover_packages(recursive) discover
[5.015s] INFO:colcon.colcon_core.package_discovery:Crawling recursively for packages in '/home/maandres/bigus-igus/ws'
[5.016s] Level 1:colcon.colcon_core.package_identification:_identify(.) by extensions ['ignore', 'ignore_ament_install']
[5.016s] Level 1:colcon.colcon_core.package_identification:_identify(.) by extension 'ignore'
[5.016s] Level 1:colcon.colcon_core.package_identification:_identify(.) by extension 'ignore_ament_install'
[5.017s] Level 1:colcon.colcon_core.package_identification:_identify(.) by extensions ['colcon_pkg']
[5.017s] Level 1:colcon.colcon_core.package_identification:_identify(.) by extension 'colcon_pkg'
[5.017s] Level 1:colcon.colcon_core.package_identification:_identify(.) by extensions ['colcon_meta']
[5.017s] Level 1:colcon.colcon_core.package_identification:_identify(.) by extension 'colcon_meta'
[5.017s] Level 1:colcon.colcon_core.package_identification:_identify(.) by extensions ['ros']
[5.017s] Level 1:colcon.colcon_core.package_identification:_identify(.) by extension 'ros'
[5.061s] Level 1:colcon.colcon_core.package_identification:_identify(.) by extensions ['cmake', 'python']
[5.061s] Level 1:colcon.colcon_core.package_identification:_identify(.) by extension 'cmake'
[5.062s] Level 1:colcon.colcon_core.package_identification:_identify(.) by extension 'python'
[5.062s] Level 1:colcon.colcon_core.package_identification:_identify(.) by extensions ['python_setup_py']
[5.062s] Level 1:colcon.colcon_core.package_identification:_identify(.) by extension 'python_setup_py'
[5.062s] Level 1:colcon.colcon_core.package_identification:_identify(build) by extensions ['ignore', 'ignore_ament_install']
[5.063s] Level 1:colcon.colcon_core.package_identification:_identify(build) by extension 'ignore'
[5.063s] Level 1:colcon.colcon_core.package_identification:_identify(build) ignored
[5.064s] Level 1:colcon.colcon_core.package_identification:_identify(install) by extensions ['ignore', 'ignore_ament_install']
[5.064s] Level 1:colcon.colcon_core.package_identification:_identify(install) by extension 'ignore'
[5.064s] Level 1:colcon.colcon_core.package_identification:_identify(install) ignored
[5.065s] Level 1:colcon.colcon_core.package_identification:_identify(log) by extensions ['ignore', 'ignore_ament_install']
[5.065s] Level 1:colcon.colcon_core.package_identification:_identify(log) by extension 'ignore'
[5.066s] Level 1:colcon.colcon_core.package_identification:_identify(log) ignored
[5.066s] Level 1:colcon.colcon_core.package_identification:_identify(src) by extensions ['ignore', 'ignore_ament_install']
[5.066s] Level 1:colcon.colcon_core.package_identification:_identify(src) by extension 'ignore'
[5.066s] Level 1:colcon.colcon_core.package_identification:_identify(src) by extension 'ignore_ament_install'
[5.067s] Level 1:colcon.colcon_core.package_identification:_identify(src) by extensions ['colcon_pkg']
[5.067s] Level 1:colcon.colcon_core.package_identification:_identify(src) by extension 'colcon_pkg'
[5.067s] Level 1:colcon.colcon_core.package_identification:_identify(src) by extensions ['colcon_meta']
[5.067s] Level 1:colcon.colcon_core.package_identification:_identify(src) by extension 'colcon_meta'
[5.067s] Level 1:colcon.colcon_core.package_identification:_identify(src) by extensions ['ros']
[5.067s] Level 1:colcon.colcon_core.package_identification:_identify(src) by extension 'ros'
[5.068s] Level 1:colcon.colcon_core.package_identification:_identify(src) by extensions ['cmake', 'python']
[5.068s] Level 1:colcon.colcon_core.package_identification:_identify(src) by extension 'cmake'
[5.068s] Level 1:colcon.colcon_core.package_identification:_identify(src) by extension 'python'
[5.068s] Level 1:colcon.colcon_core.package_identification:_identify(src) by extensions ['python_setup_py']
[5.068s] Level 1:colcon.colcon_core.package_identification:_identify(src) by extension 'python_setup_py'
[5.069s] Level 1:colcon.colcon_core.package_identification:_identify(src/c_teleop) by extensions ['ignore', 'ignore_ament_install']
[5.069s] Level 1:colcon.colcon_core.package_identification:_identify(src/c_teleop) by extension 'ignore'
[5.069s] Level 1:colcon.colcon_core.package_identification:_identify(src/c_teleop) by extension 'ignore_ament_install'
[5.069s] Level 1:colcon.colcon_core.package_identification:_identify(src/c_teleop) by extensions ['colcon_pkg']
[5.069s] Level 1:colcon.colcon_core.package_identification:_identify(src/c_teleop) by extension 'colcon_pkg'
[5.070s] Level 1:colcon.colcon_core.package_identification:_identify(src/c_teleop) by extensions ['colcon_meta']
[5.070s] Level 1:colcon.colcon_core.package_identification:_identify(src/c_teleop) by extension 'colcon_meta'
[5.070s] Level 1:colcon.colcon_core.package_identification:_identify(src/c_teleop) by extensions ['ros']
[5.070s] Level 1:colcon.colcon_core.package_identification:_identify(src/c_teleop) by extension 'ros'
[5.082s] DEBUG:colcon.colcon_core.package_identification:Package 'src/c_teleop' with type 'ros.ament_cmake' and name 'c_teleop'
[5.083s] Level 1:colcon.colcon_core.package_identification:_identify(src/c_teleop2) by extensions ['ignore', 'ignore_ament_install']
[5.083s] Level 1:colcon.colcon_core.package_identification:_identify(src/c_teleop2) by extension 'ignore'
[5.083s] Level 1:colcon.colcon_core.package_identification:_identify(src/c_teleop2) by extension 'ignore_ament_install'
[5.084s] Level 1:colcon.colcon_core.package_identification:_identify(src/c_teleop2) by extensions ['colcon_pkg']
[5.084s] Level 1:colcon.colcon_core.package_identification:_identify(src/c_teleop2) by extension 'colcon_pkg'
[5.084s] Level 1:colcon.colcon_core.package_identification:_identify(src/c_teleop2) by extensions ['colcon_meta']
[5.084s] Level 1:colcon.colcon_core.package_identification:_identify(src/c_teleop2) by extension 'colcon_meta'
[5.084s] Level 1:colcon.colcon_core.package_identification:_identify(src/c_teleop2) by extensions ['ros']
[5.084s] Level 1:colcon.colcon_core.package_identification:_identify(src/c_teleop2) by extension 'ros'
[5.086s] DEBUG:colcon.colcon_core.package_identification:Package 'src/c_teleop2' with type 'ros.ament_cmake' and name 'c_teleop2'
[5.087s] Level 1:colcon.colcon_core.package_identification:_identify(src/my_package) by extensions ['ignore', 'ignore_ament_install']
[5.087s] Level 1:colcon.colcon_core.package_identification:_identify(src/my_package) by extension 'ignore'
[5.087s] Level 1:colcon.colcon_core.package_identification:_identify(src/my_package) by extension 'ignore_ament_install'
[5.088s] Level 1:colcon.colcon_core.package_identification:_identify(src/my_package) by extensions ['colcon_pkg']
[5.088s] Level 1:colcon.colcon_core.package_identification:_identify(src/my_package) by extension 'colcon_pkg'
[5.088s] Level 1:colcon.colcon_core.package_identification:_identify(src/my_package) by extensions ['colcon_meta']
[5.088s] Level 1:colcon.colcon_core.package_identification:_identify(src/my_package) by extension 'colcon_meta'
[5.088s] Level 1:colcon.colcon_core.package_identification:_identify(src/my_package) by extensions ['ros']
[5.088s] Level 1:colcon.colcon_core.package_identification:_identify(src/my_package) by extension 'ros'
[5.090s] DEBUG:colcon.colcon_core.package_identification:Package 'src/my_package' with type 'ros.ament_cmake' and name 'my_package'
[5.091s] Level 1:colcon.colcon_core.package_identification:_identify(src/py_pubsub) by extensions ['ignore', 'ignore_ament_install']
[5.091s] Level 1:colcon.colcon_core.package_identification:_identify(src/py_pubsub) by extension 'ignore'
[5.091s] Level 1:colcon.colcon_core.package_identification:_identify(src/py_pubsub) by extension 'ignore_ament_install'
[5.092s] Level 1:colcon.colcon_core.package_identification:_identify(src/py_pubsub) by extensions ['colcon_pkg']
[5.092s] Level 1:colcon.colcon_core.package_identification:_identify(src/py_pubsub) by extension 'colcon_pkg'
[5.092s] Level 1:colcon.colcon_core.package_identification:_identify(src/py_pubsub) by extensions ['colcon_meta']
[5.092s] Level 1:colcon.colcon_core.package_identification:_identify(src/py_pubsub) by extension 'colcon_meta'
[5.092s] Level 1:colcon.colcon_core.package_identification:_identify(src/py_pubsub) by extensions ['ros']
[5.092s] Level 1:colcon.colcon_core.package_identification:_identify(src/py_pubsub) by extension 'ros'
[5.094s] DEBUG:colcon.colcon_core.package_identification:Package 'src/py_pubsub' with type 'ros.ament_python' and name 'py_pubsub'
[5.094s] Level 1:colcon.colcon_core.package_discovery:discover_packages(recursive) using defaults
[5.095s] Level 1:colcon.colcon_core.package_discovery:discover_packages(ignore) discover
[5.095s] Level 1:colcon.colcon_core.package_discovery:discover_packages(ignore) using defaults
[5.095s] Level 1:colcon.colcon_core.package_discovery:discover_packages(path) discover
[5.095s] Level 1:colcon.colcon_core.package_discovery:discover_packages(path) using defaults
[5.352s] INFO:colcon.colcon_core.package_selection:Skipping not selected package 'c_teleop' in 'src/c_teleop'
[5.352s] INFO:colcon.colcon_core.package_selection:Skipping not selected package 'my_package' in 'src/my_package'
[5.352s] INFO:colcon.colcon_core.package_selection:Skipping not selected package 'py_pubsub' in 'src/py_pubsub'
[5.471s] Level 1:colcon.colcon_core.package_discovery:discover_packages(prefix_path) check parameters
[5.472s] Level 1:colcon.colcon_core.package_discovery:discover_packages(prefix_path) discover
[5.597s] DEBUG:colcon.colcon_installed_package_information.package_discovery:Found 2 installed packages in /home/maandres/bigus-igus/ws/install
[5.664s] DEBUG:colcon.colcon_installed_package_information.package_discovery:Found 281 installed packages in /opt/ros/iron
[5.670s] Level 1:colcon.colcon_core.package_discovery:discover_packages(prefix_path) using defaults
[6.011s] Level 5:colcon.colcon_core.verb:set package 'c_teleop2' build argument 'cmake_args' from command line to 'None'
[6.011s] Level 5:colcon.colcon_core.verb:set package 'c_teleop2' build argument 'cmake_target' from command line to 'None'
[6.011s] Level 5:colcon.colcon_core.verb:set package 'c_teleop2' build argument 'cmake_target_skip_unavailable' from command line to 'False'
[6.011s] Level 5:colcon.colcon_core.verb:set package 'c_teleop2' build argument 'cmake_clean_cache' from command line to 'False'
[6.011s] Level 5:colcon.colcon_core.verb:set package 'c_teleop2' build argument 'cmake_clean_first' from command line to 'False'
[6.012s] Level 5:colcon.colcon_core.verb:set package 'c_teleop2' build argument 'cmake_force_configure' from command line to 'False'
[6.012s] Level 5:colcon.colcon_core.verb:set package 'c_teleop2' build argument 'ament_cmake_args' from command line to 'None'
[6.012s] Level 5:colcon.colcon_core.verb:set package 'c_teleop2' build argument 'catkin_cmake_args' from command line to 'None'
[6.012s] Level 5:colcon.colcon_core.verb:set package 'c_teleop2' build argument 'catkin_skip_building_tests' from command line to 'False'
[6.012s] DEBUG:colcon.colcon_core.verb:Building package 'c_teleop2' with the following arguments: {'ament_cmake_args': None, 'build_base': '/home/maandres/bigus-igus/ws/build/c_teleop2', 'catkin_cmake_args': None, 'catkin_skip_building_tests': False, 'cmake_args': None, 'cmake_clean_cache': False, 'cmake_clean_first': False, 'cmake_force_configure': False, 'cmake_target': None, 'cmake_target_skip_unavailable': False, 'install_base': '/home/maandres/bigus-igus/ws/install/c_teleop2', 'merge_install': False, 'path': '/home/maandres/bigus-igus/ws/src/c_teleop2', 'symlink_install': False, 'test_result_base': None}
[6.071s] INFO:colcon.colcon_core.executor:Executing jobs using 'parallel' executor
[6.133s] DEBUG:colcon.colcon_parallel_executor.executor.parallel:run_until_complete
[6.134s] INFO:colcon.colcon_ros.task.ament_cmake.build:Building ROS package in '/home/maandres/bigus-igus/ws/src/c_teleop2' with build type 'ament_cmake'
[6.135s] INFO:colcon.colcon_cmake.task.cmake.build:Building CMake package in '/home/maandres/bigus-igus/ws/src/c_teleop2'
[6.211s] INFO:colcon.colcon_core.plugin_system:Skipping extension 'colcon_core.shell.bat': Not used on non-Windows systems
[6.211s] INFO:colcon.colcon_core.shell:Skip shell extension 'powershell' for command environment: Not usable outside of PowerShell
[6.211s] DEBUG:colcon.colcon_core.shell:Skip shell extension 'dsv' for command environment
[6.460s] DEBUG:colcon.colcon_core.event_handler.log_command:Invoking command in '/home/maandres/bigus-igus/ws/build/c_teleop2': CMAKE_PREFIX_PATH=${CMAKE_PREFIX_PATH}:/home/maandres/bigus-igus/ws/install/py_pubsub:/opt/ros/iron /usr/bin/cmake /home/maandres/bigus-igus/ws/src/c_teleop2 -DCMAKE_INSTALL_PREFIX=/home/maandres/bigus-igus/ws/install/c_teleop2
[26.294s] DEBUG:colcon.colcon_core.event_handler.log_command:Invoked command in '/home/maandres/bigus-igus/ws/build/c_teleop2' returned '0': CMAKE_PREFIX_PATH=${CMAKE_PREFIX_PATH}:/home/maandres/bigus-igus/ws/install/py_pubsub:/opt/ros/iron /usr/bin/cmake /home/maandres/bigus-igus/ws/src/c_teleop2 -DCMAKE_INSTALL_PREFIX=/home/maandres/bigus-igus/ws/install/c_teleop2
[26.306s] DEBUG:colcon.colcon_core.event_handler.log_command:Invoking command in '/home/maandres/bigus-igus/ws/build/c_teleop2': CMAKE_PREFIX_PATH=${CMAKE_PREFIX_PATH}:/home/maandres/bigus-igus/ws/install/py_pubsub:/opt/ros/iron /usr/bin/cmake --build /home/maandres/bigus-igus/ws/build/c_teleop2 -- -j4 -l4
[65.486s] DEBUG:colcon.colcon_core.event_handler.log_command:Invoked command in '/home/maandres/bigus-igus/ws/build/c_teleop2' returned '0': CMAKE_PREFIX_PATH=${CMAKE_PREFIX_PATH}:/home/maandres/bigus-igus/ws/install/py_pubsub:/opt/ros/iron /usr/bin/cmake --build /home/maandres/bigus-igus/ws/build/c_teleop2 -- -j4 -l4
[65.698s] DEBUG:colcon.colcon_core.event_handler.log_command:Invoking command in '/home/maandres/bigus-igus/ws/build/c_teleop2': CMAKE_PREFIX_PATH=${CMAKE_PREFIX_PATH}:/home/maandres/bigus-igus/ws/install/py_pubsub:/opt/ros/iron /usr/bin/cmake --install /home/maandres/bigus-igus/ws/build/c_teleop2
[65.788s] Level 1:colcon.colcon_core.environment:create_environment_scripts_only(c_teleop2)
[65.790s] DEBUG:colcon.colcon_core.event_handler.log_command:Invoked command in '/home/maandres/bigus-igus/ws/build/c_teleop2' returned '0': CMAKE_PREFIX_PATH=${CMAKE_PREFIX_PATH}:/home/maandres/bigus-igus/ws/install/py_pubsub:/opt/ros/iron /usr/bin/cmake --install /home/maandres/bigus-igus/ws/build/c_teleop2
[65.882s] Level 1:colcon.colcon_core.environment:checking '/home/maandres/bigus-igus/ws/install/c_teleop2' for CMake module files
[65.885s] Level 1:colcon.colcon_core.environment:checking '/home/maandres/bigus-igus/ws/install/c_teleop2' for CMake config files
[65.888s] Level 1:colcon.colcon_core.shell:create_environment_hook('c_teleop2', 'cmake_prefix_path')
[65.952s] INFO:colcon.colcon_core.shell:Creating environment hook '/home/maandres/bigus-igus/ws/install/c_teleop2/share/c_teleop2/hook/cmake_prefix_path.ps1'
[65.955s] INFO:colcon.colcon_core.shell:Creating environment descriptor '/home/maandres/bigus-igus/ws/install/c_teleop2/share/c_teleop2/hook/cmake_prefix_path.dsv'
[65.958s] INFO:colcon.colcon_core.shell:Creating environment hook '/home/maandres/bigus-igus/ws/install/c_teleop2/share/c_teleop2/hook/cmake_prefix_path.sh'
[65.962s] Level 1:colcon.colcon_core.environment:checking '/home/maandres/bigus-igus/ws/install/c_teleop2/lib'
[65.963s] Level 1:colcon.colcon_core.environment:checking '/home/maandres/bigus-igus/ws/install/c_teleop2/bin'
[65.963s] Level 1:colcon.colcon_core.environment:checking '/home/maandres/bigus-igus/ws/install/c_teleop2/lib/pkgconfig/c_teleop2.pc'
[65.964s] Level 1:colcon.colcon_core.environment:checking '/home/maandres/bigus-igus/ws/install/c_teleop2/lib/python3.10/site-packages'
[65.965s] Level 1:colcon.colcon_core.environment:checking '/home/maandres/bigus-igus/ws/install/c_teleop2/bin'
[66.030s] INFO:colcon.colcon_core.shell:Creating package script '/home/maandres/bigus-igus/ws/install/c_teleop2/share/c_teleop2/package.ps1'
[66.034s] INFO:colcon.colcon_core.shell:Creating package descriptor '/home/maandres/bigus-igus/ws/install/c_teleop2/share/c_teleop2/package.dsv'
[66.038s] INFO:colcon.colcon_core.shell:Creating package script '/home/maandres/bigus-igus/ws/install/c_teleop2/share/c_teleop2/package.sh'
[66.041s] INFO:colcon.colcon_core.shell:Creating package script '/home/maandres/bigus-igus/ws/install/c_teleop2/share/c_teleop2/package.bash'
[66.045s] INFO:colcon.colcon_core.shell:Creating package script '/home/maandres/bigus-igus/ws/install/c_teleop2/share/c_teleop2/package.zsh'
[66.049s] Level 1:colcon.colcon_core.environment:create_file_with_runtime_dependencies(/home/maandres/bigus-igus/ws/install/c_teleop2/share/colcon-core/packages/c_teleop2)
[66.286s] Level 1:colcon.colcon_core.environment:create_environment_scripts_only(c_teleop2)
[66.349s] Level 1:colcon.colcon_core.environment:checking '/home/maandres/bigus-igus/ws/install/c_teleop2' for CMake module files
[66.352s] Level 1:colcon.colcon_core.environment:checking '/home/maandres/bigus-igus/ws/install/c_teleop2' for CMake config files
[66.354s] Level 1:colcon.colcon_core.shell:create_environment_hook('c_teleop2', 'cmake_prefix_path')
[66.418s] INFO:colcon.colcon_core.shell:Creating environment hook '/home/maandres/bigus-igus/ws/install/c_teleop2/share/c_teleop2/hook/cmake_prefix_path.ps1'
[66.420s] INFO:colcon.colcon_core.shell:Creating environment descriptor '/home/maandres/bigus-igus/ws/install/c_teleop2/share/c_teleop2/hook/cmake_prefix_path.dsv'
[66.422s] INFO:colcon.colcon_core.shell:Creating environment hook '/home/maandres/bigus-igus/ws/install/c_teleop2/share/c_teleop2/hook/cmake_prefix_path.sh'
[66.424s] Level 1:colcon.colcon_core.environment:checking '/home/maandres/bigus-igus/ws/install/c_teleop2/lib'
[66.425s] Level 1:colcon.colcon_core.environment:checking '/home/maandres/bigus-igus/ws/install/c_teleop2/bin'
[66.425s] Level 1:colcon.colcon_core.environment:checking '/home/maandres/bigus-igus/ws/install/c_teleop2/lib/pkgconfig/c_teleop2.pc'
[66.426s] Level 1:colcon.colcon_core.environment:checking '/home/maandres/bigus-igus/ws/install/c_teleop2/lib/python3.10/site-packages'
[66.427s] Level 1:colcon.colcon_core.environment:checking '/home/maandres/bigus-igus/ws/install/c_teleop2/bin'
[66.490s] INFO:colcon.colcon_core.shell:Creating package script '/home/maandres/bigus-igus/ws/install/c_teleop2/share/c_teleop2/package.ps1'
[66.492s] INFO:colcon.colcon_core.shell:Creating package descriptor '/home/maandres/bigus-igus/ws/install/c_teleop2/share/c_teleop2/package.dsv'
[66.495s] INFO:colcon.colcon_core.shell:Creating package script '/home/maandres/bigus-igus/ws/install/c_teleop2/share/c_teleop2/package.sh'
[66.498s] INFO:colcon.colcon_core.shell:Creating package script '/home/maandres/bigus-igus/ws/install/c_teleop2/share/c_teleop2/package.bash'
[66.500s] INFO:colcon.colcon_core.shell:Creating package script '/home/maandres/bigus-igus/ws/install/c_teleop2/share/c_teleop2/package.zsh'
[66.503s] Level 1:colcon.colcon_core.environment:create_file_with_runtime_dependencies(/home/maandres/bigus-igus/ws/install/c_teleop2/share/colcon-core/packages/c_teleop2)
[66.504s] DEBUG:colcon.colcon_parallel_executor.executor.parallel:closing loop
[66.505s] DEBUG:colcon.colcon_parallel_executor.executor.parallel:loop closed
[66.505s] DEBUG:colcon.colcon_parallel_executor.executor.parallel:run_until_complete finished with '0'
[66.506s] DEBUG:colcon.colcon_core.event_reactor:joining thread
[66.606s] INFO:colcon.colcon_core.plugin_system:Skipping extension 'colcon_notification.desktop_notification.terminal_notifier': Not used on non-Darwin systems
[66.607s] INFO:colcon.colcon_core.plugin_system:Skipping extension 'colcon_notification.desktop_notification.win32': Not used on non-Windows systems
[66.607s] INFO:colcon.colcon_notification.desktop_notification:Sending desktop notification using 'notify2'
[67.051s] DEBUG:colcon.colcon_core.event_reactor:joined thread
[67.121s] INFO:colcon.colcon_core.shell:Creating prefix script '/home/maandres/bigus-igus/ws/install/local_setup.ps1'
[67.125s] INFO:colcon.colcon_core.shell:Creating prefix util module '/home/maandres/bigus-igus/ws/install/_local_setup_util_ps1.py'
[67.130s] INFO:colcon.colcon_core.shell:Creating prefix chain script '/home/maandres/bigus-igus/ws/install/setup.ps1'
[67.194s] INFO:colcon.colcon_core.shell:Creating prefix script '/home/maandres/bigus-igus/ws/install/local_setup.sh'
[67.196s] INFO:colcon.colcon_core.shell:Creating prefix util module '/home/maandres/bigus-igus/ws/install/_local_setup_util_sh.py'
[67.199s] INFO:colcon.colcon_core.shell:Creating prefix chain script '/home/maandres/bigus-igus/ws/install/setup.sh'
[67.262s] INFO:colcon.colcon_core.shell:Creating prefix script '/home/maandres/bigus-igus/ws/install/local_setup.bash'
[67.264s] INFO:colcon.colcon_core.shell:Creating prefix chain script '/home/maandres/bigus-igus/ws/install/setup.bash'
[67.327s] INFO:colcon.colcon_core.shell:Creating prefix script '/home/maandres/bigus-igus/ws/install/local_setup.zsh'
[67.329s] INFO:colcon.colcon_core.shell:Creating prefix chain script '/home/maandres/bigus-igus/ws/install/setup.zsh'
