[5.031s] Invoking command in '/home/maandres/bigus-igus/ws/src/teleop_twist_keyboard': PYTHONPATH=/home/maandres/bigus-igus/ws/build/teleop_twist_keyboard/prefix_override:/home/maandres/bigus-igus/ws/install/teleop_twist_keyboard/lib/python3.10/site-packages:${PYTHONPATH} /usr/bin/python3 setup.py egg_info --egg-base ../../build/teleop_twist_keyboard build --build-base /home/maandres/bigus-igus/ws/build/teleop_twist_keyboard/build install --record /home/maandres/bigus-igus/ws/build/teleop_twist_keyboard/install.log --single-version-externally-managed
[6.263s] running egg_info
[6.266s] writing ../../build/teleop_twist_keyboard/teleop_twist_keyboard.egg-info/PKG-INFO
[6.267s] writing dependency_links to ../../build/teleop_twist_keyboard/teleop_twist_keyboard.egg-info/dependency_links.txt
[6.269s] writing entry points to ../../build/teleop_twist_keyboard/teleop_twist_keyboard.egg-info/entry_points.txt
[6.271s] writing requirements to ../../build/teleop_twist_keyboard/teleop_twist_keyboard.egg-info/requires.txt
[6.271s] writing top-level names to ../../build/teleop_twist_keyboard/teleop_twist_keyboard.egg-info/top_level.txt
[6.279s] reading manifest file '../../build/teleop_twist_keyboard/teleop_twist_keyboard.egg-info/SOURCES.txt'
[6.281s] adding license file 'LICENSE'
[6.284s] writing manifest file '../../build/teleop_twist_keyboard/teleop_twist_keyboard.egg-info/SOURCES.txt'
[6.286s] running build
[6.289s] running build_py
[6.290s] running install
[6.291s] /usr/lib/python3/dist-packages/setuptools/command/install.py:34: SetuptoolsDeprecationWarning: setup.py install is deprecated. Use build and pip and other standards-based tools.
[6.291s]   warnings.warn(
[6.292s] running install_lib
[6.293s] running install_data
[6.296s] running install_egg_info
[6.312s] removing '/home/maandres/bigus-igus/ws/install/teleop_twist_keyboard/lib/python3.10/site-packages/teleop_twist_keyboard-2.3.2-py3.10.egg-info' (and everything under it)
[6.313s] Copying ../../build/teleop_twist_keyboard/teleop_twist_keyboard.egg-info to /home/maandres/bigus-igus/ws/install/teleop_twist_keyboard/lib/python3.10/site-packages/teleop_twist_keyboard-2.3.2-py3.10.egg-info
[6.316s] running install_scripts
[6.415s] Installing teleop_twist_keyboard script to /home/maandres/bigus-igus/ws/install/teleop_twist_keyboard/lib/teleop_twist_keyboard
[6.417s] writing list of installed files to '/home/maandres/bigus-igus/ws/build/teleop_twist_keyboard/install.log'
[6.595s] Invoked command in '/home/maandres/bigus-igus/ws/src/teleop_twist_keyboard' returned '0': PYTHONPATH=/home/maandres/bigus-igus/ws/build/teleop_twist_keyboard/prefix_override:/home/maandres/bigus-igus/ws/install/teleop_twist_keyboard/lib/python3.10/site-packages:${PYTHONPATH} /usr/bin/python3 setup.py egg_info --egg-base ../../build/teleop_twist_keyboard build --build-base /home/maandres/bigus-igus/ws/build/teleop_twist_keyboard/build install --record /home/maandres/bigus-igus/ws/build/teleop_twist_keyboard/install.log --single-version-externally-managed
