[5.280s] DEBUG:colcon:Command line arguments: ['/usr/bin/colcon', 'build', '--packages-select', 'py_pubsub']
[5.281s] DEBUG:colcon:Parsed command line arguments: Namespace(log_base=None, log_level=None, verb_name='build', build_base='build', install_base='install', merge_install=False, symlink_install=False, test_result_base=None, continue_on_error=False, executor='parallel', parallel_workers=4, event_handlers=None, ignore_user_meta=False, metas=['./colcon.meta'], base_paths=['.'], packages_ignore=None, packages_ignore_regex=None, paths=None, packages_up_to=None, packages_up_to_regex=None, packages_above=None, packages_above_and_dependencies=None, packages_above_depth=None, packages_select_by_dep=None, packages_skip_by_dep=None, packages_skip_up_to=None, packages_select_build_failed=False, packages_skip_build_finished=False, packages_select_test_failures=False, packages_skip_test_passed=False, packages_select=['py_pubsub'], packages_skip=None, packages_select_regex=None, packages_skip_regex=None, packages_start=None, packages_end=None, allow_overriding=[], cmake_args=None, cmake_target=None, cmake_target_skip_unavailable=False, cmake_clean_cache=False, cmake_clean_first=False, cmake_force_configure=False, ament_cmake_args=None, catkin_cmake_args=None, catkin_skip_building_tests=False, verb_parser=<colcon_defaults.argument_parser.defaults.DefaultArgumentsDecorator object at 0xffff981e2f80>, verb_extension=<colcon_core.verb.build.BuildVerb object at 0xffff9873bfa0>, main=<bound method BuildVerb.main of <colcon_core.verb.build.BuildVerb object at 0xffff9873bfa0>>)
[5.490s] Level 1:colcon.colcon_core.package_discovery:discover_packages(colcon_meta) check parameters
[5.491s] Level 1:colcon.colcon_core.package_discovery:discover_packages(recursive) check parameters
[5.491s] Level 1:colcon.colcon_core.package_discovery:discover_packages(ignore) check parameters
[5.491s] Level 1:colcon.colcon_core.package_discovery:discover_packages(path) check parameters
[5.491s] Level 1:colcon.colcon_core.package_discovery:discover_packages(colcon_meta) discover
[5.491s] Level 1:colcon.colcon_core.package_discovery:discover_packages(recursive) discover
[5.492s] INFO:colcon.colcon_core.package_discovery:Crawling recursively for packages in '/home/maandres/bigus-igus/ws'
[5.492s] Level 1:colcon.colcon_core.package_identification:_identify(.) by extensions ['ignore', 'ignore_ament_install']
[5.493s] Level 1:colcon.colcon_core.package_identification:_identify(.) by extension 'ignore'
[5.493s] Level 1:colcon.colcon_core.package_identification:_identify(.) by extension 'ignore_ament_install'
[5.493s] Level 1:colcon.colcon_core.package_identification:_identify(.) by extensions ['colcon_pkg']
[5.494s] Level 1:colcon.colcon_core.package_identification:_identify(.) by extension 'colcon_pkg'
[5.494s] Level 1:colcon.colcon_core.package_identification:_identify(.) by extensions ['colcon_meta']
[5.494s] Level 1:colcon.colcon_core.package_identification:_identify(.) by extension 'colcon_meta'
[5.495s] Level 1:colcon.colcon_core.package_identification:_identify(.) by extensions ['ros']
[5.495s] Level 1:colcon.colcon_core.package_identification:_identify(.) by extension 'ros'
[5.544s] Level 1:colcon.colcon_core.package_identification:_identify(.) by extensions ['cmake', 'python']
[5.544s] Level 1:colcon.colcon_core.package_identification:_identify(.) by extension 'cmake'
[5.545s] Level 1:colcon.colcon_core.package_identification:_identify(.) by extension 'python'
[5.545s] Level 1:colcon.colcon_core.package_identification:_identify(.) by extensions ['python_setup_py']
[5.545s] Level 1:colcon.colcon_core.package_identification:_identify(.) by extension 'python_setup_py'
[5.546s] Level 1:colcon.colcon_core.package_identification:_identify(build) by extensions ['ignore', 'ignore_ament_install']
[5.547s] Level 1:colcon.colcon_core.package_identification:_identify(build) by extension 'ignore'
[5.547s] Level 1:colcon.colcon_core.package_identification:_identify(build) ignored
[5.547s] Level 1:colcon.colcon_core.package_identification:_identify(install) by extensions ['ignore', 'ignore_ament_install']
[5.548s] Level 1:colcon.colcon_core.package_identification:_identify(install) by extension 'ignore'
[5.548s] Level 1:colcon.colcon_core.package_identification:_identify(install) ignored
[5.549s] Level 1:colcon.colcon_core.package_identification:_identify(log) by extensions ['ignore', 'ignore_ament_install']
[5.549s] Level 1:colcon.colcon_core.package_identification:_identify(log) by extension 'ignore'
[5.550s] Level 1:colcon.colcon_core.package_identification:_identify(log) ignored
[5.550s] Level 1:colcon.colcon_core.package_identification:_identify(src) by extensions ['ignore', 'ignore_ament_install']
[5.551s] Level 1:colcon.colcon_core.package_identification:_identify(src) by extension 'ignore'
[5.551s] Level 1:colcon.colcon_core.package_identification:_identify(src) by extension 'ignore_ament_install'
[5.551s] Level 1:colcon.colcon_core.package_identification:_identify(src) by extensions ['colcon_pkg']
[5.551s] Level 1:colcon.colcon_core.package_identification:_identify(src) by extension 'colcon_pkg'
[5.551s] Level 1:colcon.colcon_core.package_identification:_identify(src) by extensions ['colcon_meta']
[5.551s] Level 1:colcon.colcon_core.package_identification:_identify(src) by extension 'colcon_meta'
[5.552s] Level 1:colcon.colcon_core.package_identification:_identify(src) by extensions ['ros']
[5.552s] Level 1:colcon.colcon_core.package_identification:_identify(src) by extension 'ros'
[5.552s] Level 1:colcon.colcon_core.package_identification:_identify(src) by extensions ['cmake', 'python']
[5.552s] Level 1:colcon.colcon_core.package_identification:_identify(src) by extension 'cmake'
[5.552s] Level 1:colcon.colcon_core.package_identification:_identify(src) by extension 'python'
[5.552s] Level 1:colcon.colcon_core.package_identification:_identify(src) by extensions ['python_setup_py']
[5.553s] Level 1:colcon.colcon_core.package_identification:_identify(src) by extension 'python_setup_py'
[5.553s] Level 1:colcon.colcon_core.package_identification:_identify(src/c_teleop) by extensions ['ignore', 'ignore_ament_install']
[5.553s] Level 1:colcon.colcon_core.package_identification:_identify(src/c_teleop) by extension 'ignore'
[5.554s] Level 1:colcon.colcon_core.package_identification:_identify(src/c_teleop) by extension 'ignore_ament_install'
[5.554s] Level 1:colcon.colcon_core.package_identification:_identify(src/c_teleop) by extensions ['colcon_pkg']
[5.554s] Level 1:colcon.colcon_core.package_identification:_identify(src/c_teleop) by extension 'colcon_pkg'
[5.554s] Level 1:colcon.colcon_core.package_identification:_identify(src/c_teleop) by extensions ['colcon_meta']
[5.554s] Level 1:colcon.colcon_core.package_identification:_identify(src/c_teleop) by extension 'colcon_meta'
[5.554s] Level 1:colcon.colcon_core.package_identification:_identify(src/c_teleop) by extensions ['ros']
[5.554s] Level 1:colcon.colcon_core.package_identification:_identify(src/c_teleop) by extension 'ros'
[5.564s] DEBUG:colcon.colcon_core.package_identification:Package 'src/c_teleop' with type 'ros.ament_cmake' and name 'c_teleop'
[5.565s] Level 1:colcon.colcon_core.package_identification:_identify(src/c_teleop2) by extensions ['ignore', 'ignore_ament_install']
[5.565s] Level 1:colcon.colcon_core.package_identification:_identify(src/c_teleop2) by extension 'ignore'
[5.565s] Level 1:colcon.colcon_core.package_identification:_identify(src/c_teleop2) by extension 'ignore_ament_install'
[5.565s] Level 1:colcon.colcon_core.package_identification:_identify(src/c_teleop2) by extensions ['colcon_pkg']
[5.566s] Level 1:colcon.colcon_core.package_identification:_identify(src/c_teleop2) by extension 'colcon_pkg'
[5.566s] Level 1:colcon.colcon_core.package_identification:_identify(src/c_teleop2) by extensions ['colcon_meta']
[5.566s] Level 1:colcon.colcon_core.package_identification:_identify(src/c_teleop2) by extension 'colcon_meta'
[5.566s] Level 1:colcon.colcon_core.package_identification:_identify(src/c_teleop2) by extensions ['ros']
[5.566s] Level 1:colcon.colcon_core.package_identification:_identify(src/c_teleop2) by extension 'ros'
[5.568s] DEBUG:colcon.colcon_core.package_identification:Package 'src/c_teleop2' with type 'ros.ament_cmake' and name 'c_teleop2'
[5.569s] Level 1:colcon.colcon_core.package_identification:_identify(src/my_package) by extensions ['ignore', 'ignore_ament_install']
[5.569s] Level 1:colcon.colcon_core.package_identification:_identify(src/my_package) by extension 'ignore'
[5.569s] Level 1:colcon.colcon_core.package_identification:_identify(src/my_package) by extension 'ignore_ament_install'
[5.570s] Level 1:colcon.colcon_core.package_identification:_identify(src/my_package) by extensions ['colcon_pkg']
[5.570s] Level 1:colcon.colcon_core.package_identification:_identify(src/my_package) by extension 'colcon_pkg'
[5.570s] Level 1:colcon.colcon_core.package_identification:_identify(src/my_package) by extensions ['colcon_meta']
[5.570s] Level 1:colcon.colcon_core.package_identification:_identify(src/my_package) by extension 'colcon_meta'
[5.570s] Level 1:colcon.colcon_core.package_identification:_identify(src/my_package) by extensions ['ros']
[5.570s] Level 1:colcon.colcon_core.package_identification:_identify(src/my_package) by extension 'ros'
[5.572s] DEBUG:colcon.colcon_core.package_identification:Package 'src/my_package' with type 'ros.ament_cmake' and name 'my_package'
[5.573s] Level 1:colcon.colcon_core.package_identification:_identify(src/py_pubsub) by extensions ['ignore', 'ignore_ament_install']
[5.573s] Level 1:colcon.colcon_core.package_identification:_identify(src/py_pubsub) by extension 'ignore'
[5.573s] Level 1:colcon.colcon_core.package_identification:_identify(src/py_pubsub) by extension 'ignore_ament_install'
[5.574s] Level 1:colcon.colcon_core.package_identification:_identify(src/py_pubsub) by extensions ['colcon_pkg']
[5.574s] Level 1:colcon.colcon_core.package_identification:_identify(src/py_pubsub) by extension 'colcon_pkg'
[5.574s] Level 1:colcon.colcon_core.package_identification:_identify(src/py_pubsub) by extensions ['colcon_meta']
[5.574s] Level 1:colcon.colcon_core.package_identification:_identify(src/py_pubsub) by extension 'colcon_meta'
[5.574s] Level 1:colcon.colcon_core.package_identification:_identify(src/py_pubsub) by extensions ['ros']
[5.574s] Level 1:colcon.colcon_core.package_identification:_identify(src/py_pubsub) by extension 'ros'
[5.576s] DEBUG:colcon.colcon_core.package_identification:Package 'src/py_pubsub' with type 'ros.ament_python' and name 'py_pubsub'
[5.577s] Level 1:colcon.colcon_core.package_identification:_identify(src/teleop_twist_keyboard) by extensions ['ignore', 'ignore_ament_install']
[5.577s] Level 1:colcon.colcon_core.package_identification:_identify(src/teleop_twist_keyboard) by extension 'ignore'
[5.577s] Level 1:colcon.colcon_core.package_identification:_identify(src/teleop_twist_keyboard) by extension 'ignore_ament_install'
[5.578s] Level 1:colcon.colcon_core.package_identification:_identify(src/teleop_twist_keyboard) by extensions ['colcon_pkg']
[5.578s] Level 1:colcon.colcon_core.package_identification:_identify(src/teleop_twist_keyboard) by extension 'colcon_pkg'
[5.578s] Level 1:colcon.colcon_core.package_identification:_identify(src/teleop_twist_keyboard) by extensions ['colcon_meta']
[5.578s] Level 1:colcon.colcon_core.package_identification:_identify(src/teleop_twist_keyboard) by extension 'colcon_meta'
[5.578s] Level 1:colcon.colcon_core.package_identification:_identify(src/teleop_twist_keyboard) by extensions ['ros']
[5.578s] Level 1:colcon.colcon_core.package_identification:_identify(src/teleop_twist_keyboard) by extension 'ros'
[5.580s] DEBUG:colcon.colcon_core.package_identification:Package 'src/teleop_twist_keyboard' with type 'ros.ament_python' and name 'teleop_twist_keyboard'
[5.581s] Level 1:colcon.colcon_core.package_identification:_identify(src/teleop_twist_keyboard_backup) by extensions ['ignore', 'ignore_ament_install']
[5.581s] Level 1:colcon.colcon_core.package_identification:_identify(src/teleop_twist_keyboard_backup) by extension 'ignore'
[5.582s] Level 1:colcon.colcon_core.package_identification:_identify(src/teleop_twist_keyboard_backup) by extension 'ignore_ament_install'
[5.582s] Level 1:colcon.colcon_core.package_identification:_identify(src/teleop_twist_keyboard_backup) by extensions ['colcon_pkg']
[5.582s] Level 1:colcon.colcon_core.package_identification:_identify(src/teleop_twist_keyboard_backup) by extension 'colcon_pkg'
[5.582s] Level 1:colcon.colcon_core.package_identification:_identify(src/teleop_twist_keyboard_backup) by extensions ['colcon_meta']
[5.582s] Level 1:colcon.colcon_core.package_identification:_identify(src/teleop_twist_keyboard_backup) by extension 'colcon_meta'
[5.583s] Level 1:colcon.colcon_core.package_identification:_identify(src/teleop_twist_keyboard_backup) by extensions ['ros']
[5.583s] Level 1:colcon.colcon_core.package_identification:_identify(src/teleop_twist_keyboard_backup) by extension 'ros'
[5.585s] DEBUG:colcon.colcon_core.package_identification:Package 'src/teleop_twist_keyboard_backup' with type 'ros.ament_python' and name 'teleop_twist_keyboard_backup'
[5.585s] Level 1:colcon.colcon_core.package_discovery:discover_packages(recursive) using defaults
[5.585s] Level 1:colcon.colcon_core.package_discovery:discover_packages(ignore) discover
[5.585s] Level 1:colcon.colcon_core.package_discovery:discover_packages(ignore) using defaults
[5.585s] Level 1:colcon.colcon_core.package_discovery:discover_packages(path) discover
[5.585s] Level 1:colcon.colcon_core.package_discovery:discover_packages(path) using defaults
[5.862s] INFO:colcon.colcon_core.package_selection:Skipping not selected package 'c_teleop' in 'src/c_teleop'
[5.863s] INFO:colcon.colcon_core.package_selection:Skipping not selected package 'c_teleop2' in 'src/c_teleop2'
[5.863s] INFO:colcon.colcon_core.package_selection:Skipping not selected package 'my_package' in 'src/my_package'
[5.863s] INFO:colcon.colcon_core.package_selection:Skipping not selected package 'teleop_twist_keyboard' in 'src/teleop_twist_keyboard'
[5.863s] INFO:colcon.colcon_core.package_selection:Skipping not selected package 'teleop_twist_keyboard_backup' in 'src/teleop_twist_keyboard_backup'
[5.990s] Level 1:colcon.colcon_core.package_discovery:discover_packages(prefix_path) check parameters
[5.990s] Level 1:colcon.colcon_core.package_discovery:discover_packages(prefix_path) discover
[6.131s] DEBUG:colcon.colcon_installed_package_information.package_discovery:Found 4 installed packages in /home/maandres/bigus-igus/ws/install
[6.206s] DEBUG:colcon.colcon_installed_package_information.package_discovery:Found 281 installed packages in /opt/ros/iron
[6.212s] Level 1:colcon.colcon_core.package_discovery:discover_packages(prefix_path) using defaults
[6.581s] Level 5:colcon.colcon_core.verb:set package 'py_pubsub' build argument 'cmake_args' from command line to 'None'
[6.581s] Level 5:colcon.colcon_core.verb:set package 'py_pubsub' build argument 'cmake_target' from command line to 'None'
[6.582s] Level 5:colcon.colcon_core.verb:set package 'py_pubsub' build argument 'cmake_target_skip_unavailable' from command line to 'False'
[6.582s] Level 5:colcon.colcon_core.verb:set package 'py_pubsub' build argument 'cmake_clean_cache' from command line to 'False'
[6.582s] Level 5:colcon.colcon_core.verb:set package 'py_pubsub' build argument 'cmake_clean_first' from command line to 'False'
[6.582s] Level 5:colcon.colcon_core.verb:set package 'py_pubsub' build argument 'cmake_force_configure' from command line to 'False'
[6.582s] Level 5:colcon.colcon_core.verb:set package 'py_pubsub' build argument 'ament_cmake_args' from command line to 'None'
[6.582s] Level 5:colcon.colcon_core.verb:set package 'py_pubsub' build argument 'catkin_cmake_args' from command line to 'None'
[6.582s] Level 5:colcon.colcon_core.verb:set package 'py_pubsub' build argument 'catkin_skip_building_tests' from command line to 'False'
[6.582s] DEBUG:colcon.colcon_core.verb:Building package 'py_pubsub' with the following arguments: {'ament_cmake_args': None, 'build_base': '/home/maandres/bigus-igus/ws/build/py_pubsub', 'catkin_cmake_args': None, 'catkin_skip_building_tests': False, 'cmake_args': None, 'cmake_clean_cache': False, 'cmake_clean_first': False, 'cmake_force_configure': False, 'cmake_target': None, 'cmake_target_skip_unavailable': False, 'install_base': '/home/maandres/bigus-igus/ws/install/py_pubsub', 'merge_install': False, 'path': '/home/maandres/bigus-igus/ws/src/py_pubsub', 'symlink_install': False, 'test_result_base': None}
[6.650s] INFO:colcon.colcon_core.executor:Executing jobs using 'parallel' executor
[6.719s] DEBUG:colcon.colcon_parallel_executor.executor.parallel:run_until_complete
[6.720s] INFO:colcon.colcon_ros.task.ament_python.build:Building ROS package in '/home/maandres/bigus-igus/ws/src/py_pubsub' with build type 'ament_python'
[6.721s] Level 1:colcon.colcon_core.shell:create_environment_hook('py_pubsub', 'ament_prefix_path')
[6.802s] INFO:colcon.colcon_core.plugin_system:Skipping extension 'colcon_core.shell.bat': Not used on non-Windows systems
[6.802s] INFO:colcon.colcon_core.shell:Creating environment hook '/home/maandres/bigus-igus/ws/install/py_pubsub/share/py_pubsub/hook/ament_prefix_path.ps1'
[6.805s] INFO:colcon.colcon_core.shell:Creating environment descriptor '/home/maandres/bigus-igus/ws/install/py_pubsub/share/py_pubsub/hook/ament_prefix_path.dsv'
[6.807s] INFO:colcon.colcon_core.shell:Creating environment hook '/home/maandres/bigus-igus/ws/install/py_pubsub/share/py_pubsub/hook/ament_prefix_path.sh'
[6.897s] INFO:colcon.colcon_core.shell:Skip shell extension 'powershell' for command environment: Not usable outside of PowerShell
[6.897s] DEBUG:colcon.colcon_core.shell:Skip shell extension 'dsv' for command environment
[8.358s] INFO:colcon.colcon_core.task.python.build:Building Python package in '/home/maandres/bigus-igus/ws/src/py_pubsub'
[8.427s] INFO:colcon.colcon_core.shell:Skip shell extension 'powershell' for command environment: Not usable outside of PowerShell
[8.427s] DEBUG:colcon.colcon_core.shell:Skip shell extension 'dsv' for command environment
[10.191s] DEBUG:colcon.colcon_core.event_handler.log_command:Invoking command in '/home/maandres/bigus-igus/ws/src/py_pubsub': PYTHONPATH=/home/maandres/bigus-igus/ws/build/py_pubsub/prefix_override:/home/maandres/bigus-igus/ws/install/py_pubsub/lib/python3.10/site-packages:${PYTHONPATH} /usr/bin/python3 setup.py egg_info --egg-base ../../build/py_pubsub build --build-base /home/maandres/bigus-igus/ws/build/py_pubsub/build install --record /home/maandres/bigus-igus/ws/build/py_pubsub/install.log --single-version-externally-managed
[11.658s] DEBUG:colcon.colcon_core.event_handler.log_command:Invoked command in '/home/maandres/bigus-igus/ws/src/py_pubsub' returned '0': PYTHONPATH=/home/maandres/bigus-igus/ws/build/py_pubsub/prefix_override:/home/maandres/bigus-igus/ws/install/py_pubsub/lib/python3.10/site-packages:${PYTHONPATH} /usr/bin/python3 setup.py egg_info --egg-base ../../build/py_pubsub build --build-base /home/maandres/bigus-igus/ws/build/py_pubsub/build install --record /home/maandres/bigus-igus/ws/build/py_pubsub/install.log --single-version-externally-managed
[11.749s] Level 1:colcon.colcon_core.environment:checking '/home/maandres/bigus-igus/ws/install/py_pubsub' for CMake module files
[11.751s] Level 1:colcon.colcon_core.environment:checking '/home/maandres/bigus-igus/ws/install/py_pubsub' for CMake config files
[11.756s] Level 1:colcon.colcon_core.environment:checking '/home/maandres/bigus-igus/ws/install/py_pubsub/lib'
[11.757s] Level 1:colcon.colcon_core.environment:checking '/home/maandres/bigus-igus/ws/install/py_pubsub/bin'
[11.757s] Level 1:colcon.colcon_core.environment:checking '/home/maandres/bigus-igus/ws/install/py_pubsub/lib/pkgconfig/py_pubsub.pc'
[11.758s] Level 1:colcon.colcon_core.environment:checking '/home/maandres/bigus-igus/ws/install/py_pubsub/lib/python3.10/site-packages'
[11.758s] Level 1:colcon.colcon_core.shell:create_environment_hook('py_pubsub', 'pythonpath')
[11.834s] INFO:colcon.colcon_core.shell:Creating environment hook '/home/maandres/bigus-igus/ws/install/py_pubsub/share/py_pubsub/hook/pythonpath.ps1'
[11.836s] INFO:colcon.colcon_core.shell:Creating environment descriptor '/home/maandres/bigus-igus/ws/install/py_pubsub/share/py_pubsub/hook/pythonpath.dsv'
[11.838s] INFO:colcon.colcon_core.shell:Creating environment hook '/home/maandres/bigus-igus/ws/install/py_pubsub/share/py_pubsub/hook/pythonpath.sh'
[11.841s] Level 1:colcon.colcon_core.environment:checking '/home/maandres/bigus-igus/ws/install/py_pubsub/bin'
[11.841s] Level 1:colcon.colcon_core.environment:create_environment_scripts_only(py_pubsub)
[11.920s] INFO:colcon.colcon_core.shell:Creating package script '/home/maandres/bigus-igus/ws/install/py_pubsub/share/py_pubsub/package.ps1'
[11.924s] INFO:colcon.colcon_core.shell:Creating package descriptor '/home/maandres/bigus-igus/ws/install/py_pubsub/share/py_pubsub/package.dsv'
[11.926s] INFO:colcon.colcon_core.shell:Creating package script '/home/maandres/bigus-igus/ws/install/py_pubsub/share/py_pubsub/package.sh'
[11.930s] INFO:colcon.colcon_core.shell:Creating package script '/home/maandres/bigus-igus/ws/install/py_pubsub/share/py_pubsub/package.bash'
[11.935s] INFO:colcon.colcon_core.shell:Creating package script '/home/maandres/bigus-igus/ws/install/py_pubsub/share/py_pubsub/package.zsh'
[11.938s] Level 1:colcon.colcon_core.environment:create_file_with_runtime_dependencies(/home/maandres/bigus-igus/ws/install/py_pubsub/share/colcon-core/packages/py_pubsub)
[11.939s] DEBUG:colcon.colcon_parallel_executor.executor.parallel:closing loop
[11.940s] DEBUG:colcon.colcon_parallel_executor.executor.parallel:loop closed
[11.941s] DEBUG:colcon.colcon_parallel_executor.executor.parallel:run_until_complete finished with '0'
[11.941s] DEBUG:colcon.colcon_core.event_reactor:joining thread
[12.073s] INFO:colcon.colcon_core.plugin_system:Skipping extension 'colcon_notification.desktop_notification.terminal_notifier': Not used on non-Darwin systems
[12.074s] INFO:colcon.colcon_core.plugin_system:Skipping extension 'colcon_notification.desktop_notification.win32': Not used on non-Windows systems
[12.074s] INFO:colcon.colcon_notification.desktop_notification:Sending desktop notification using 'notify2'
[13.344s] DEBUG:colcon.colcon_core.event_reactor:joined thread
[13.443s] INFO:colcon.colcon_core.shell:Creating prefix script '/home/maandres/bigus-igus/ws/install/local_setup.ps1'
[13.447s] INFO:colcon.colcon_core.shell:Creating prefix util module '/home/maandres/bigus-igus/ws/install/_local_setup_util_ps1.py'
[13.453s] INFO:colcon.colcon_core.shell:Creating prefix chain script '/home/maandres/bigus-igus/ws/install/setup.ps1'
[13.528s] INFO:colcon.colcon_core.shell:Creating prefix script '/home/maandres/bigus-igus/ws/install/local_setup.sh'
[13.531s] INFO:colcon.colcon_core.shell:Creating prefix util module '/home/maandres/bigus-igus/ws/install/_local_setup_util_sh.py'
[13.533s] INFO:colcon.colcon_core.shell:Creating prefix chain script '/home/maandres/bigus-igus/ws/install/setup.sh'
[13.605s] INFO:colcon.colcon_core.shell:Creating prefix script '/home/maandres/bigus-igus/ws/install/local_setup.bash'
[13.607s] INFO:colcon.colcon_core.shell:Creating prefix chain script '/home/maandres/bigus-igus/ws/install/setup.bash'
[13.704s] INFO:colcon.colcon_core.shell:Creating prefix script '/home/maandres/bigus-igus/ws/install/local_setup.zsh'
[13.707s] INFO:colcon.colcon_core.shell:Creating prefix chain script '/home/maandres/bigus-igus/ws/install/setup.zsh'
