[5.407s] Invoking command in '/home/maandres/bigus-igus/ws/src/teleop_twist_keyboard': PYTHONPATH=/home/maandres/bigus-igus/ws/build/teleop_twist_keyboard/prefix_override:/home/maandres/bigus-igus/ws/install/teleop_twist_keyboard/lib/python3.10/site-packages:${PYTHONPATH} /usr/bin/python3 setup.py egg_info --egg-base ../../build/teleop_twist_keyboard build --build-base /home/maandres/bigus-igus/ws/build/teleop_twist_keyboard/build install --record /home/maandres/bigus-igus/ws/build/teleop_twist_keyboard/install.log --single-version-externally-managed
[6.477s] running egg_info
[6.479s] creating ../../build/teleop_twist_keyboard/teleop_twist_keyboard.egg-info
[6.480s] writing ../../build/teleop_twist_keyboard/teleop_twist_keyboard.egg-info/PKG-INFO
[6.481s] writing dependency_links to ../../build/teleop_twist_keyboard/teleop_twist_keyboard.egg-info/dependency_links.txt
[6.483s] writing entry points to ../../build/teleop_twist_keyboard/teleop_twist_keyboard.egg-info/entry_points.txt
[6.485s] writing requirements to ../../build/teleop_twist_keyboard/teleop_twist_keyboard.egg-info/requires.txt
[6.486s] writing top-level names to ../../build/teleop_twist_keyboard/teleop_twist_keyboard.egg-info/top_level.txt
[6.487s] writing manifest file '../../build/teleop_twist_keyboard/teleop_twist_keyboard.egg-info/SOURCES.txt'
[6.492s] reading manifest file '../../build/teleop_twist_keyboard/teleop_twist_keyboard.egg-info/SOURCES.txt'
[6.493s] adding license file 'LICENSE'
[6.496s] writing manifest file '../../build/teleop_twist_keyboard/teleop_twist_keyboard.egg-info/SOURCES.txt'
[6.496s] running build
[6.497s] running build_py
[6.498s] creating /home/maandres/bigus-igus/ws/build/teleop_twist_keyboard/build
[6.498s] creating /home/maandres/bigus-igus/ws/build/teleop_twist_keyboard/build/lib
[6.498s] copying teleop_twist_keyboard.py -> /home/maandres/bigus-igus/ws/build/teleop_twist_keyboard/build/lib
[6.499s] running install
[6.500s] /usr/lib/python3/dist-packages/setuptools/command/install.py:34: SetuptoolsDeprecationWarning: setup.py install is deprecated. Use build and pip and other standards-based tools.
[6.500s]   warnings.warn(
[6.501s] running install_lib
[6.504s] copying /home/maandres/bigus-igus/ws/build/teleop_twist_keyboard/build/lib/teleop_twist_keyboard.py -> /home/maandres/bigus-igus/ws/install/teleop_twist_keyboard/lib/python3.10/site-packages
[6.507s] byte-compiling /home/maandres/bigus-igus/ws/install/teleop_twist_keyboard/lib/python3.10/site-packages/teleop_twist_keyboard.py to teleop_twist_keyboard.cpython-310.pyc
[6.512s] running install_data
[6.515s] creating /home/maandres/bigus-igus/ws/install/teleop_twist_keyboard/share/ament_index
[6.515s] creating /home/maandres/bigus-igus/ws/install/teleop_twist_keyboard/share/ament_index/resource_index
[6.516s] creating /home/maandres/bigus-igus/ws/install/teleop_twist_keyboard/share/ament_index/resource_index/packages
[6.517s] copying resource/teleop_twist_keyboard -> /home/maandres/bigus-igus/ws/install/teleop_twist_keyboard/share/ament_index/resource_index/packages
[6.518s] copying package.xml -> /home/maandres/bigus-igus/ws/install/teleop_twist_keyboard/share/teleop_twist_keyboard
[6.518s] running install_egg_info
[6.525s] Copying ../../build/teleop_twist_keyboard/teleop_twist_keyboard.egg-info to /home/maandres/bigus-igus/ws/install/teleop_twist_keyboard/lib/python3.10/site-packages/teleop_twist_keyboard-2.3.2-py3.10.egg-info
[6.530s] running install_scripts
[6.611s] Installing teleop_twist_keyboard script to /home/maandres/bigus-igus/ws/install/teleop_twist_keyboard/lib/teleop_twist_keyboard
[6.612s] writing list of installed files to '/home/maandres/bigus-igus/ws/build/teleop_twist_keyboard/install.log'
[6.735s] Invoked command in '/home/maandres/bigus-igus/ws/src/teleop_twist_keyboard' returned '0': PYTHONPATH=/home/maandres/bigus-igus/ws/build/teleop_twist_keyboard/prefix_override:/home/maandres/bigus-igus/ws/install/teleop_twist_keyboard/lib/python3.10/site-packages:${PYTHONPATH} /usr/bin/python3 setup.py egg_info --egg-base ../../build/teleop_twist_keyboard build --build-base /home/maandres/bigus-igus/ws/build/teleop_twist_keyboard/build install --record /home/maandres/bigus-igus/ws/build/teleop_twist_keyboard/install.log --single-version-externally-managed
