[3.592s] Invoking command in '/home/maandres/bigus-igus/ws/src/py_pubsub': PYTHONPATH=/home/maandres/bigus-igus/ws/build/py_pubsub/prefix_override:/home/maandres/bigus-igus/ws/install/py_pubsub/lib/python3.10/site-packages:${PYTHONPATH} /usr/bin/python3 setup.py egg_info --egg-base ../../build/py_pubsub build --build-base /home/maandres/bigus-igus/ws/build/py_pubsub/build install --record /home/maandres/bigus-igus/ws/build/py_pubsub/install.log --single-version-externally-managed
[4.727s] running egg_info
[4.730s] writing ../../build/py_pubsub/py_pubsub.egg-info/PKG-INFO
[4.734s] writing dependency_links to ../../build/py_pubsub/py_pubsub.egg-info/dependency_links.txt
[4.734s] writing entry points to ../../build/py_pubsub/py_pubsub.egg-info/entry_points.txt
[4.735s] writing requirements to ../../build/py_pubsub/py_pubsub.egg-info/requires.txt
[4.736s] writing top-level names to ../../build/py_pubsub/py_pubsub.egg-info/top_level.txt
[4.745s] reading manifest file '../../build/py_pubsub/py_pubsub.egg-info/SOURCES.txt'
[4.748s] adding license file 'LICENSE'
[4.750s] writing manifest file '../../build/py_pubsub/py_pubsub.egg-info/SOURCES.txt'
[4.751s] running build
[4.751s] running build_py
[4.756s] running install
[4.756s] /usr/lib/python3/dist-packages/setuptools/command/install.py:34: SetuptoolsDeprecationWarning: setup.py install is deprecated. Use build and pip and other standards-based tools.
[4.757s]   warnings.warn(
[4.757s] running install_lib
[4.765s] running install_data
[4.768s] running install_egg_info
[4.776s] removing '/home/maandres/bigus-igus/ws/install/py_pubsub/lib/python3.10/site-packages/py_pubsub-0.0.0-py3.10.egg-info' (and everything under it)
[4.777s] Copying ../../build/py_pubsub/py_pubsub.egg-info to /home/maandres/bigus-igus/ws/install/py_pubsub/lib/python3.10/site-packages/py_pubsub-0.0.0-py3.10.egg-info
[4.784s] running install_scripts
[4.868s] Installing listener script to /home/maandres/bigus-igus/ws/install/py_pubsub/lib/py_pubsub
[4.869s] Installing talker script to /home/maandres/bigus-igus/ws/install/py_pubsub/lib/py_pubsub
[4.871s] writing list of installed files to '/home/maandres/bigus-igus/ws/build/py_pubsub/install.log'
[4.997s] Invoked command in '/home/maandres/bigus-igus/ws/src/py_pubsub' returned '0': PYTHONPATH=/home/maandres/bigus-igus/ws/build/py_pubsub/prefix_override:/home/maandres/bigus-igus/ws/install/py_pubsub/lib/python3.10/site-packages:${PYTHONPATH} /usr/bin/python3 setup.py egg_info --egg-base ../../build/py_pubsub build --build-base /home/maandres/bigus-igus/ws/build/py_pubsub/build install --record /home/maandres/bigus-igus/ws/build/py_pubsub/install.log --single-version-externally-managed
