[0.341s] Invoking command in '/home/maandres/bigus-igus/ws/build/c_teleop2': CMAKE_PREFIX_PATH=${CMAKE_PREFIX_PATH}:/home/maandres/bigus-igus/ws/install/py_pubsub:/opt/ros/iron /usr/bin/cmake --build /home/maandres/bigus-igus/ws/build/c_teleop2 -- -j4 -l4
[0.444s] -- Found ament_cmake: 2.0.4 (/opt/ros/iron/share/ament_cmake/cmake)
[1.104s] -- Found rclcpp: 21.0.5 (/opt/ros/iron/share/rclcpp/cmake)
[1.291s] -- Found rosidl_generator_c: 4.0.1 (/opt/ros/iron/share/rosidl_generator_c/cmake)
[1.325s] -- Found rosidl_generator_cpp: 4.0.1 (/opt/ros/iron/share/rosidl_generator_cpp/cmake)
[1.375s] -- Using all available rosidl_typesupport_c: rosidl_typesupport_fastrtps_c;rosidl_typesupport_introspection_c
[1.439s] -- Using all available rosidl_typesupport_cpp: rosidl_typesupport_fastrtps_cpp;rosidl_typesupport_introspection_cpp
[2.018s] -- Found rmw_implementation_cmake: 7.1.0 (/opt/ros/iron/share/rmw_implementation_cmake/cmake)
[2.024s] -- Found rmw_fastrtps_cpp: 7.1.3 (/opt/ros/iron/share/rmw_fastrtps_cpp/cmake)
[3.092s] -- Using RMW implementation 'rmw_fastrtps_cpp' as default
[3.712s] -- Found std_msgs: 5.0.0 (/opt/ros/iron/share/std_msgs/cmake)
[3.836s] -- Found ament_lint_auto: 0.14.3 (/opt/ros/iron/share/ament_lint_auto/cmake)
[4.144s] -- Added test 'cppcheck' to perform static code analysis on C / C++ code
[4.145s] -- Configured cppcheck include dirs: $<BUILD_INTERFACE:/home/maandres/bigus-igus/ws/src/c_teleop2/include>
[4.145s] -- Configured cppcheck exclude dirs and/or files: 
[4.148s] -- Added test 'lint_cmake' to check CMake code style
[4.155s] -- Added test 'uncrustify' to check C / C++ code style
[4.156s] -- Configured uncrustify additional arguments: 
[4.157s] -- Added test 'xmllint' to check XML markup files
[4.161s] -- Configuring done
[4.245s] -- Generating done
[4.255s] -- Build files have been written to: /home/maandres/bigus-igus/ws/build/c_teleop2
[4.369s] [35m[1mConsolidate compiler generated dependencies of target talker[0m
[4.373s] [35m[1mConsolidate compiler generated dependencies of target listener[0m
[4.385s] [35m[1mConsolidate compiler generated dependencies of target hello_world[0m
[4.420s] [ 12%] [32mBuilding CXX object CMakeFiles/teleop.dir/src/teleop_turtle_key.cpp.o[0m
[4.437s] [ 37%] Built target hello_world
[4.466s] [ 62%] Built target talker
[4.471s] [01m[K/home/maandres/bigus-igus/ws/src/c_teleop2/src/teleop_turtle_key.cpp:1:10:[m[K [01;31m[Kfatal error: [m[Kros/ros.h: No such file or directory
[4.472s]     1 | #include [01;31m[K<ros/ros.h>[m[K
[4.473s]       |          [01;31m[K^~~~~~~~~~~[m[K
[4.473s] compilation terminated.
[4.476s] gmake[2]: *** [CMakeFiles/teleop.dir/build.make:76: CMakeFiles/teleop.dir/src/teleop_turtle_key.cpp.o] Error 1
[4.477s] gmake[1]: *** [CMakeFiles/Makefile2:195: CMakeFiles/teleop.dir/all] Error 2
[4.477s] gmake[1]: *** Waiting for unfinished jobs....
[4.486s] [ 87%] Built target listener
[4.489s] gmake: *** [Makefile:146: all] Error 2
[4.496s] Invoked command in '/home/maandres/bigus-igus/ws/build/c_teleop2' returned '2': CMAKE_PREFIX_PATH=${CMAKE_PREFIX_PATH}:/home/maandres/bigus-igus/ws/install/py_pubsub:/opt/ros/iron /usr/bin/cmake --build /home/maandres/bigus-igus/ws/build/c_teleop2 -- -j4 -l4
