[4.407s] DEBUG:colcon:Command line arguments: ['/usr/bin/colcon', 'build', '--packages-select', 'py_pusbub']
[4.408s] DEBUG:colcon:Parsed command line arguments: Namespace(log_base=None, log_level=None, verb_name='build', build_base='build', install_base='install', merge_install=False, symlink_install=False, test_result_base=None, continue_on_error=False, executor='parallel', parallel_workers=4, event_handlers=None, ignore_user_meta=False, metas=['./colcon.meta'], base_paths=['.'], packages_ignore=None, packages_ignore_regex=None, paths=None, packages_up_to=None, packages_up_to_regex=None, packages_above=None, packages_above_and_dependencies=None, packages_above_depth=None, packages_select_by_dep=None, packages_skip_by_dep=None, packages_skip_up_to=None, packages_select_build_failed=False, packages_skip_build_finished=False, packages_select_test_failures=False, packages_skip_test_passed=False, packages_select=['py_pusbub'], packages_skip=None, packages_select_regex=None, packages_skip_regex=None, packages_start=None, packages_end=None, allow_overriding=[], cmake_args=None, cmake_target=None, cmake_target_skip_unavailable=False, cmake_clean_cache=False, cmake_clean_first=False, cmake_force_configure=False, ament_cmake_args=None, catkin_cmake_args=None, catkin_skip_building_tests=False, verb_parser=<colcon_defaults.argument_parser.defaults.DefaultArgumentsDecorator object at 0xffff7fad3970>, verb_extension=<colcon_core.verb.build.BuildVerb object at 0xffff8002bfa0>, main=<bound method BuildVerb.main of <colcon_core.verb.build.BuildVerb object at 0xffff8002bfa0>>)
[4.612s] Level 1:colcon.colcon_core.package_discovery:discover_packages(colcon_meta) check parameters
[4.613s] Level 1:colcon.colcon_core.package_discovery:discover_packages(recursive) check parameters
[4.613s] Level 1:colcon.colcon_core.package_discovery:discover_packages(ignore) check parameters
[4.613s] Level 1:colcon.colcon_core.package_discovery:discover_packages(path) check parameters
[4.613s] Level 1:colcon.colcon_core.package_discovery:discover_packages(colcon_meta) discover
[4.613s] Level 1:colcon.colcon_core.package_discovery:discover_packages(recursive) discover
[4.614s] INFO:colcon.colcon_core.package_discovery:Crawling recursively for packages in '/home/maandres/bigus-igus/ws'
[4.614s] Level 1:colcon.colcon_core.package_identification:_identify(.) by extensions ['ignore', 'ignore_ament_install']
[4.614s] Level 1:colcon.colcon_core.package_identification:_identify(.) by extension 'ignore'
[4.615s] Level 1:colcon.colcon_core.package_identification:_identify(.) by extension 'ignore_ament_install'
[4.615s] Level 1:colcon.colcon_core.package_identification:_identify(.) by extensions ['colcon_pkg']
[4.615s] Level 1:colcon.colcon_core.package_identification:_identify(.) by extension 'colcon_pkg'
[4.615s] Level 1:colcon.colcon_core.package_identification:_identify(.) by extensions ['colcon_meta']
[4.615s] Level 1:colcon.colcon_core.package_identification:_identify(.) by extension 'colcon_meta'
[4.615s] Level 1:colcon.colcon_core.package_identification:_identify(.) by extensions ['ros']
[4.615s] Level 1:colcon.colcon_core.package_identification:_identify(.) by extension 'ros'
[4.664s] Level 1:colcon.colcon_core.package_identification:_identify(.) by extensions ['cmake', 'python']
[4.664s] Level 1:colcon.colcon_core.package_identification:_identify(.) by extension 'cmake'
[4.664s] Level 1:colcon.colcon_core.package_identification:_identify(.) by extension 'python'
[4.664s] Level 1:colcon.colcon_core.package_identification:_identify(.) by extensions ['python_setup_py']
[4.665s] Level 1:colcon.colcon_core.package_identification:_identify(.) by extension 'python_setup_py'
[4.665s] Level 1:colcon.colcon_core.package_identification:_identify(build) by extensions ['ignore', 'ignore_ament_install']
[4.666s] Level 1:colcon.colcon_core.package_identification:_identify(build) by extension 'ignore'
[4.666s] Level 1:colcon.colcon_core.package_identification:_identify(build) ignored
[4.666s] Level 1:colcon.colcon_core.package_identification:_identify(install) by extensions ['ignore', 'ignore_ament_install']
[4.667s] Level 1:colcon.colcon_core.package_identification:_identify(install) by extension 'ignore'
[4.667s] Level 1:colcon.colcon_core.package_identification:_identify(install) ignored
[4.668s] Level 1:colcon.colcon_core.package_identification:_identify(log) by extensions ['ignore', 'ignore_ament_install']
[4.669s] Level 1:colcon.colcon_core.package_identification:_identify(log) by extension 'ignore'
[4.669s] Level 1:colcon.colcon_core.package_identification:_identify(log) ignored
[4.669s] Level 1:colcon.colcon_core.package_identification:_identify(src) by extensions ['ignore', 'ignore_ament_install']
[4.669s] Level 1:colcon.colcon_core.package_identification:_identify(src) by extension 'ignore'
[4.670s] Level 1:colcon.colcon_core.package_identification:_identify(src) by extension 'ignore_ament_install'
[4.670s] Level 1:colcon.colcon_core.package_identification:_identify(src) by extensions ['colcon_pkg']
[4.670s] Level 1:colcon.colcon_core.package_identification:_identify(src) by extension 'colcon_pkg'
[4.670s] Level 1:colcon.colcon_core.package_identification:_identify(src) by extensions ['colcon_meta']
[4.670s] Level 1:colcon.colcon_core.package_identification:_identify(src) by extension 'colcon_meta'
[4.670s] Level 1:colcon.colcon_core.package_identification:_identify(src) by extensions ['ros']
[4.671s] Level 1:colcon.colcon_core.package_identification:_identify(src) by extension 'ros'
[4.671s] Level 1:colcon.colcon_core.package_identification:_identify(src) by extensions ['cmake', 'python']
[4.671s] Level 1:colcon.colcon_core.package_identification:_identify(src) by extension 'cmake'
[4.671s] Level 1:colcon.colcon_core.package_identification:_identify(src) by extension 'python'
[4.671s] Level 1:colcon.colcon_core.package_identification:_identify(src) by extensions ['python_setup_py']
[4.672s] Level 1:colcon.colcon_core.package_identification:_identify(src) by extension 'python_setup_py'
[4.672s] Level 1:colcon.colcon_core.package_identification:_identify(src/build) by extensions ['ignore', 'ignore_ament_install']
[4.672s] Level 1:colcon.colcon_core.package_identification:_identify(src/build) by extension 'ignore'
[4.673s] Level 1:colcon.colcon_core.package_identification:_identify(src/build) ignored
[4.673s] Level 1:colcon.colcon_core.package_identification:_identify(src/c_teleop) by extensions ['ignore', 'ignore_ament_install']
[4.673s] Level 1:colcon.colcon_core.package_identification:_identify(src/c_teleop) by extension 'ignore'
[4.674s] Level 1:colcon.colcon_core.package_identification:_identify(src/c_teleop) by extension 'ignore_ament_install'
[4.674s] Level 1:colcon.colcon_core.package_identification:_identify(src/c_teleop) by extensions ['colcon_pkg']
[4.674s] Level 1:colcon.colcon_core.package_identification:_identify(src/c_teleop) by extension 'colcon_pkg'
[4.674s] Level 1:colcon.colcon_core.package_identification:_identify(src/c_teleop) by extensions ['colcon_meta']
[4.674s] Level 1:colcon.colcon_core.package_identification:_identify(src/c_teleop) by extension 'colcon_meta'
[4.674s] Level 1:colcon.colcon_core.package_identification:_identify(src/c_teleop) by extensions ['ros']
[4.674s] Level 1:colcon.colcon_core.package_identification:_identify(src/c_teleop) by extension 'ros'
[4.683s] DEBUG:colcon.colcon_core.package_identification:Package 'src/c_teleop' with type 'ros.ament_cmake' and name 'c_teleop'
[4.684s] Level 1:colcon.colcon_core.package_identification:_identify(src/c_teleop2) by extensions ['ignore', 'ignore_ament_install']
[4.684s] Level 1:colcon.colcon_core.package_identification:_identify(src/c_teleop2) by extension 'ignore'
[4.685s] Level 1:colcon.colcon_core.package_identification:_identify(src/c_teleop2) by extension 'ignore_ament_install'
[4.685s] Level 1:colcon.colcon_core.package_identification:_identify(src/c_teleop2) by extensions ['colcon_pkg']
[4.685s] Level 1:colcon.colcon_core.package_identification:_identify(src/c_teleop2) by extension 'colcon_pkg'
[4.685s] Level 1:colcon.colcon_core.package_identification:_identify(src/c_teleop2) by extensions ['colcon_meta']
[4.686s] Level 1:colcon.colcon_core.package_identification:_identify(src/c_teleop2) by extension 'colcon_meta'
[4.686s] Level 1:colcon.colcon_core.package_identification:_identify(src/c_teleop2) by extensions ['ros']
[4.686s] Level 1:colcon.colcon_core.package_identification:_identify(src/c_teleop2) by extension 'ros'
[4.688s] DEBUG:colcon.colcon_core.package_identification:Package 'src/c_teleop2' with type 'ros.ament_cmake' and name 'c_teleop2'
[4.689s] Level 1:colcon.colcon_core.package_identification:_identify(src/install) by extensions ['ignore', 'ignore_ament_install']
[4.690s] Level 1:colcon.colcon_core.package_identification:_identify(src/install) by extension 'ignore'
[4.690s] Level 1:colcon.colcon_core.package_identification:_identify(src/install) ignored
[4.690s] Level 1:colcon.colcon_core.package_identification:_identify(src/log) by extensions ['ignore', 'ignore_ament_install']
[4.691s] Level 1:colcon.colcon_core.package_identification:_identify(src/log) by extension 'ignore'
[4.691s] Level 1:colcon.colcon_core.package_identification:_identify(src/log) ignored
[4.691s] Level 1:colcon.colcon_core.package_identification:_identify(src/my_package) by extensions ['ignore', 'ignore_ament_install']
[4.691s] Level 1:colcon.colcon_core.package_identification:_identify(src/my_package) by extension 'ignore'
[4.692s] Level 1:colcon.colcon_core.package_identification:_identify(src/my_package) by extension 'ignore_ament_install'
[4.692s] Level 1:colcon.colcon_core.package_identification:_identify(src/my_package) by extensions ['colcon_pkg']
[4.692s] Level 1:colcon.colcon_core.package_identification:_identify(src/my_package) by extension 'colcon_pkg'
[4.692s] Level 1:colcon.colcon_core.package_identification:_identify(src/my_package) by extensions ['colcon_meta']
[4.692s] Level 1:colcon.colcon_core.package_identification:_identify(src/my_package) by extension 'colcon_meta'
[4.692s] Level 1:colcon.colcon_core.package_identification:_identify(src/my_package) by extensions ['ros']
[4.693s] Level 1:colcon.colcon_core.package_identification:_identify(src/my_package) by extension 'ros'
[4.694s] DEBUG:colcon.colcon_core.package_identification:Package 'src/my_package' with type 'ros.ament_cmake' and name 'my_package'
[4.695s] Level 1:colcon.colcon_core.package_identification:_identify(src/py_pubsub) by extensions ['ignore', 'ignore_ament_install']
[4.695s] Level 1:colcon.colcon_core.package_identification:_identify(src/py_pubsub) by extension 'ignore'
[4.695s] Level 1:colcon.colcon_core.package_identification:_identify(src/py_pubsub) by extension 'ignore_ament_install'
[4.696s] Level 1:colcon.colcon_core.package_identification:_identify(src/py_pubsub) by extensions ['colcon_pkg']
[4.696s] Level 1:colcon.colcon_core.package_identification:_identify(src/py_pubsub) by extension 'colcon_pkg'
[4.696s] Level 1:colcon.colcon_core.package_identification:_identify(src/py_pubsub) by extensions ['colcon_meta']
[4.696s] Level 1:colcon.colcon_core.package_identification:_identify(src/py_pubsub) by extension 'colcon_meta'
[4.696s] Level 1:colcon.colcon_core.package_identification:_identify(src/py_pubsub) by extensions ['ros']
[4.696s] Level 1:colcon.colcon_core.package_identification:_identify(src/py_pubsub) by extension 'ros'
[4.698s] DEBUG:colcon.colcon_core.package_identification:Package 'src/py_pubsub' with type 'ros.ament_python' and name 'py_pubsub'
[4.699s] Level 1:colcon.colcon_core.package_identification:_identify(src/teleop_twist_keyboard) by extensions ['ignore', 'ignore_ament_install']
[4.699s] Level 1:colcon.colcon_core.package_identification:_identify(src/teleop_twist_keyboard) by extension 'ignore'
[4.700s] Level 1:colcon.colcon_core.package_identification:_identify(src/teleop_twist_keyboard) by extension 'ignore_ament_install'
[4.700s] Level 1:colcon.colcon_core.package_identification:_identify(src/teleop_twist_keyboard) by extensions ['colcon_pkg']
[4.700s] Level 1:colcon.colcon_core.package_identification:_identify(src/teleop_twist_keyboard) by extension 'colcon_pkg'
[4.700s] Level 1:colcon.colcon_core.package_identification:_identify(src/teleop_twist_keyboard) by extensions ['colcon_meta']
[4.700s] Level 1:colcon.colcon_core.package_identification:_identify(src/teleop_twist_keyboard) by extension 'colcon_meta'
[4.700s] Level 1:colcon.colcon_core.package_identification:_identify(src/teleop_twist_keyboard) by extensions ['ros']
[4.701s] Level 1:colcon.colcon_core.package_identification:_identify(src/teleop_twist_keyboard) by extension 'ros'
[4.703s] DEBUG:colcon.colcon_core.package_identification:Package 'src/teleop_twist_keyboard' with type 'ros.ament_python' and name 'teleop_twist_keyboard'
[4.703s] Level 1:colcon.colcon_core.package_discovery:discover_packages(recursive) using defaults
[4.703s] Level 1:colcon.colcon_core.package_discovery:discover_packages(ignore) discover
[4.703s] Level 1:colcon.colcon_core.package_discovery:discover_packages(ignore) using defaults
[4.703s] Level 1:colcon.colcon_core.package_discovery:discover_packages(path) discover
[4.703s] Level 1:colcon.colcon_core.package_discovery:discover_packages(path) using defaults
[4.766s] WARNING:colcon.colcon_core.package_selection:ignoring unknown package 'py_pusbub' in --packages-select
[4.974s] INFO:colcon.colcon_core.package_selection:Skipping not selected package 'c_teleop' in 'src/c_teleop'
[4.975s] INFO:colcon.colcon_core.package_selection:Skipping not selected package 'c_teleop2' in 'src/c_teleop2'
[4.975s] INFO:colcon.colcon_core.package_selection:Skipping not selected package 'my_package' in 'src/my_package'
[4.975s] INFO:colcon.colcon_core.package_selection:Skipping not selected package 'py_pubsub' in 'src/py_pubsub'
[4.975s] INFO:colcon.colcon_core.package_selection:Skipping not selected package 'teleop_twist_keyboard' in 'src/teleop_twist_keyboard'
[5.099s] Level 1:colcon.colcon_core.package_discovery:discover_packages(prefix_path) check parameters
[5.099s] Level 1:colcon.colcon_core.package_discovery:discover_packages(prefix_path) discover
[5.231s] DEBUG:colcon.colcon_installed_package_information.package_discovery:Found 4 installed packages in /home/maandres/bigus-igus/ws/install
[5.304s] DEBUG:colcon.colcon_installed_package_information.package_discovery:Found 281 installed packages in /opt/ros/iron
[5.310s] Level 1:colcon.colcon_core.package_discovery:discover_packages(prefix_path) using defaults
[5.659s] INFO:colcon.colcon_core.executor:Executing jobs using 'parallel' executor
[5.724s] DEBUG:colcon.colcon_parallel_executor.executor.parallel:run_until_complete
[5.725s] DEBUG:colcon.colcon_parallel_executor.executor.parallel:closing loop
[5.727s] DEBUG:colcon.colcon_parallel_executor.executor.parallel:loop closed
[5.727s] DEBUG:colcon.colcon_parallel_executor.executor.parallel:run_until_complete finished with '0'
[5.727s] DEBUG:colcon.colcon_core.event_reactor:joining thread
[5.815s] INFO:colcon.colcon_core.plugin_system:Skipping extension 'colcon_notification.desktop_notification.terminal_notifier': Not used on non-Darwin systems
[5.815s] INFO:colcon.colcon_core.plugin_system:Skipping extension 'colcon_notification.desktop_notification.win32': Not used on non-Windows systems
[5.815s] INFO:colcon.colcon_notification.desktop_notification:Sending desktop notification using 'notify2'
[6.281s] DEBUG:colcon.colcon_core.event_reactor:joined thread
[6.363s] INFO:colcon.colcon_core.plugin_system:Skipping extension 'colcon_core.shell.bat': Not used on non-Windows systems
[6.364s] INFO:colcon.colcon_core.shell:Creating prefix script '/home/maandres/bigus-igus/ws/install/local_setup.ps1'
[6.372s] INFO:colcon.colcon_core.shell:Creating prefix util module '/home/maandres/bigus-igus/ws/install/_local_setup_util_ps1.py'
[6.378s] INFO:colcon.colcon_core.shell:Creating prefix chain script '/home/maandres/bigus-igus/ws/install/setup.ps1'
[6.446s] INFO:colcon.colcon_core.shell:Creating prefix script '/home/maandres/bigus-igus/ws/install/local_setup.sh'
[6.448s] INFO:colcon.colcon_core.shell:Creating prefix util module '/home/maandres/bigus-igus/ws/install/_local_setup_util_sh.py'
[6.451s] INFO:colcon.colcon_core.shell:Creating prefix chain script '/home/maandres/bigus-igus/ws/install/setup.sh'
[6.517s] INFO:colcon.colcon_core.shell:Creating prefix script '/home/maandres/bigus-igus/ws/install/local_setup.bash'
[6.519s] INFO:colcon.colcon_core.shell:Creating prefix chain script '/home/maandres/bigus-igus/ws/install/setup.bash'
[6.584s] INFO:colcon.colcon_core.shell:Creating prefix script '/home/maandres/bigus-igus/ws/install/local_setup.zsh'
[6.586s] INFO:colcon.colcon_core.shell:Creating prefix chain script '/home/maandres/bigus-igus/ws/install/setup.zsh'
