[9.659s] DEBUG:colcon:Command line arguments: ['/usr/bin/colcon', 'build', '--packages-select', 'c_teleop']
[9.660s] DEBUG:colcon:Parsed command line arguments: Namespace(log_base=None, log_level=None, verb_name='build', build_base='build', install_base='install', merge_install=False, symlink_install=False, test_result_base=None, continue_on_error=False, executor='parallel', parallel_workers=4, event_handlers=None, ignore_user_meta=False, metas=['./colcon.meta'], base_paths=['.'], packages_ignore=None, packages_ignore_regex=None, paths=None, packages_up_to=None, packages_up_to_regex=None, packages_above=None, packages_above_and_dependencies=None, packages_above_depth=None, packages_select_by_dep=None, packages_skip_by_dep=None, packages_skip_up_to=None, packages_select_build_failed=False, packages_skip_build_finished=False, packages_select_test_failures=False, packages_skip_test_passed=False, packages_select=['c_teleop'], packages_skip=None, packages_select_regex=None, packages_skip_regex=None, packages_start=None, packages_end=None, allow_overriding=[], cmake_args=None, cmake_target=None, cmake_target_skip_unavailable=False, cmake_clean_cache=False, cmake_clean_first=False, cmake_force_configure=False, ament_cmake_args=None, catkin_cmake_args=None, catkin_skip_building_tests=False, verb_parser=<colcon_defaults.argument_parser.defaults.DefaultArgumentsDecorator object at 0xffff89eb3d30>, verb_extension=<colcon_core.verb.build.BuildVerb object at 0xffff8a3e7910>, main=<bound method BuildVerb.main of <colcon_core.verb.build.BuildVerb object at 0xffff8a3e7910>>)
[10.130s] Level 1:colcon.colcon_core.package_discovery:discover_packages(colcon_meta) check parameters
[10.131s] Level 1:colcon.colcon_core.package_discovery:discover_packages(recursive) check parameters
[10.131s] Level 1:colcon.colcon_core.package_discovery:discover_packages(ignore) check parameters
[10.131s] Level 1:colcon.colcon_core.package_discovery:discover_packages(path) check parameters
[10.131s] Level 1:colcon.colcon_core.package_discovery:discover_packages(colcon_meta) discover
[10.132s] Level 1:colcon.colcon_core.package_discovery:discover_packages(recursive) discover
[10.132s] INFO:colcon.colcon_core.package_discovery:Crawling recursively for packages in '/home/perry/bigus-igus/ws'
[10.133s] Level 1:colcon.colcon_core.package_identification:_identify(.) by extensions ['ignore', 'ignore_ament_install']
[10.134s] Level 1:colcon.colcon_core.package_identification:_identify(.) by extension 'ignore'
[10.134s] Level 1:colcon.colcon_core.package_identification:_identify(.) by extension 'ignore_ament_install'
[10.135s] Level 1:colcon.colcon_core.package_identification:_identify(.) by extensions ['colcon_pkg']
[10.135s] Level 1:colcon.colcon_core.package_identification:_identify(.) by extension 'colcon_pkg'
[10.135s] Level 1:colcon.colcon_core.package_identification:_identify(.) by extensions ['colcon_meta']
[10.135s] Level 1:colcon.colcon_core.package_identification:_identify(.) by extension 'colcon_meta'
[10.136s] Level 1:colcon.colcon_core.package_identification:_identify(.) by extensions ['ros']
[10.136s] Level 1:colcon.colcon_core.package_identification:_identify(.) by extension 'ros'
[10.201s] Level 1:colcon.colcon_core.package_identification:_identify(.) by extensions ['cmake', 'python']
[10.202s] Level 1:colcon.colcon_core.package_identification:_identify(.) by extension 'cmake'
[10.202s] Level 1:colcon.colcon_core.package_identification:_identify(.) by extension 'python'
[10.203s] Level 1:colcon.colcon_core.package_identification:_identify(.) by extensions ['python_setup_py']
[10.203s] Level 1:colcon.colcon_core.package_identification:_identify(.) by extension 'python_setup_py'
[10.204s] Level 1:colcon.colcon_core.package_identification:_identify(build) by extensions ['ignore', 'ignore_ament_install']
[10.204s] Level 1:colcon.colcon_core.package_identification:_identify(build) by extension 'ignore'
[10.205s] Level 1:colcon.colcon_core.package_identification:_identify(build) ignored
[10.206s] Level 1:colcon.colcon_core.package_identification:_identify(install) by extensions ['ignore', 'ignore_ament_install']
[10.206s] Level 1:colcon.colcon_core.package_identification:_identify(install) by extension 'ignore'
[10.206s] Level 1:colcon.colcon_core.package_identification:_identify(install) ignored
[10.208s] Level 1:colcon.colcon_core.package_identification:_identify(log) by extensions ['ignore', 'ignore_ament_install']
[10.208s] Level 1:colcon.colcon_core.package_identification:_identify(log) by extension 'ignore'
[10.209s] Level 1:colcon.colcon_core.package_identification:_identify(log) ignored
[10.209s] Level 1:colcon.colcon_core.package_identification:_identify(src) by extensions ['ignore', 'ignore_ament_install']
[10.209s] Level 1:colcon.colcon_core.package_identification:_identify(src) by extension 'ignore'
[10.210s] Level 1:colcon.colcon_core.package_identification:_identify(src) by extension 'ignore_ament_install'
[10.210s] Level 1:colcon.colcon_core.package_identification:_identify(src) by extensions ['colcon_pkg']
[10.210s] Level 1:colcon.colcon_core.package_identification:_identify(src) by extension 'colcon_pkg'
[10.211s] Level 1:colcon.colcon_core.package_identification:_identify(src) by extensions ['colcon_meta']
[10.211s] Level 1:colcon.colcon_core.package_identification:_identify(src) by extension 'colcon_meta'
[10.211s] Level 1:colcon.colcon_core.package_identification:_identify(src) by extensions ['ros']
[10.212s] Level 1:colcon.colcon_core.package_identification:_identify(src) by extension 'ros'
[10.212s] Level 1:colcon.colcon_core.package_identification:_identify(src) by extensions ['cmake', 'python']
[10.212s] Level 1:colcon.colcon_core.package_identification:_identify(src) by extension 'cmake'
[10.213s] Level 1:colcon.colcon_core.package_identification:_identify(src) by extension 'python'
[10.213s] Level 1:colcon.colcon_core.package_identification:_identify(src) by extensions ['python_setup_py']
[10.213s] Level 1:colcon.colcon_core.package_identification:_identify(src) by extension 'python_setup_py'
[10.214s] Level 1:colcon.colcon_core.package_identification:_identify(src/c_teleop) by extensions ['ignore', 'ignore_ament_install']
[10.214s] Level 1:colcon.colcon_core.package_identification:_identify(src/c_teleop) by extension 'ignore'
[10.215s] Level 1:colcon.colcon_core.package_identification:_identify(src/c_teleop) by extension 'ignore_ament_install'
[10.215s] Level 1:colcon.colcon_core.package_identification:_identify(src/c_teleop) by extensions ['colcon_pkg']
[10.215s] Level 1:colcon.colcon_core.package_identification:_identify(src/c_teleop) by extension 'colcon_pkg'
[10.216s] Level 1:colcon.colcon_core.package_identification:_identify(src/c_teleop) by extensions ['colcon_meta']
[10.216s] Level 1:colcon.colcon_core.package_identification:_identify(src/c_teleop) by extension 'colcon_meta'
[10.216s] Level 1:colcon.colcon_core.package_identification:_identify(src/c_teleop) by extensions ['ros']
[10.216s] Level 1:colcon.colcon_core.package_identification:_identify(src/c_teleop) by extension 'ros'
[10.229s] DEBUG:colcon.colcon_core.package_identification:Package 'src/c_teleop' with type 'ros.ament_cmake' and name 'c_teleop'
[10.230s] Level 1:colcon.colcon_core.package_identification:_identify(src/py_pubsub) by extensions ['ignore', 'ignore_ament_install']
[10.230s] Level 1:colcon.colcon_core.package_identification:_identify(src/py_pubsub) by extension 'ignore'
[10.230s] Level 1:colcon.colcon_core.package_identification:_identify(src/py_pubsub) by extension 'ignore_ament_install'
[10.231s] Level 1:colcon.colcon_core.package_identification:_identify(src/py_pubsub) by extensions ['colcon_pkg']
[10.231s] Level 1:colcon.colcon_core.package_identification:_identify(src/py_pubsub) by extension 'colcon_pkg'
[10.231s] Level 1:colcon.colcon_core.package_identification:_identify(src/py_pubsub) by extensions ['colcon_meta']
[10.231s] Level 1:colcon.colcon_core.package_identification:_identify(src/py_pubsub) by extension 'colcon_meta'
[10.232s] Level 1:colcon.colcon_core.package_identification:_identify(src/py_pubsub) by extensions ['ros']
[10.232s] Level 1:colcon.colcon_core.package_identification:_identify(src/py_pubsub) by extension 'ros'
[10.235s] DEBUG:colcon.colcon_core.package_identification:Package 'src/py_pubsub' with type 'ros.ament_python' and name 'py_pubsub'
[10.235s] Level 1:colcon.colcon_core.package_discovery:discover_packages(recursive) using defaults
[10.235s] Level 1:colcon.colcon_core.package_discovery:discover_packages(ignore) discover
[10.236s] Level 1:colcon.colcon_core.package_discovery:discover_packages(ignore) using defaults
[10.236s] Level 1:colcon.colcon_core.package_discovery:discover_packages(path) discover
[10.236s] Level 1:colcon.colcon_core.package_discovery:discover_packages(path) using defaults
[10.729s] INFO:colcon.colcon_core.package_selection:Skipping not selected package 'py_pubsub' in 'src/py_pubsub'
[10.909s] Level 1:colcon.colcon_core.package_discovery:discover_packages(prefix_path) check parameters
[10.909s] Level 1:colcon.colcon_core.package_discovery:discover_packages(prefix_path) discover
[11.161s] DEBUG:colcon.colcon_installed_package_information.package_discovery:Found 296 installed packages in /opt/ros/iron
[11.171s] Level 1:colcon.colcon_core.package_discovery:discover_packages(prefix_path) using defaults
[11.806s] Level 5:colcon.colcon_core.verb:set package 'c_teleop' build argument 'cmake_args' from command line to 'None'
[11.806s] Level 5:colcon.colcon_core.verb:set package 'c_teleop' build argument 'cmake_target' from command line to 'None'
[11.806s] Level 5:colcon.colcon_core.verb:set package 'c_teleop' build argument 'cmake_target_skip_unavailable' from command line to 'False'
[11.807s] Level 5:colcon.colcon_core.verb:set package 'c_teleop' build argument 'cmake_clean_cache' from command line to 'False'
[11.807s] Level 5:colcon.colcon_core.verb:set package 'c_teleop' build argument 'cmake_clean_first' from command line to 'False'
[11.807s] Level 5:colcon.colcon_core.verb:set package 'c_teleop' build argument 'cmake_force_configure' from command line to 'False'
[11.807s] Level 5:colcon.colcon_core.verb:set package 'c_teleop' build argument 'ament_cmake_args' from command line to 'None'
[11.807s] Level 5:colcon.colcon_core.verb:set package 'c_teleop' build argument 'catkin_cmake_args' from command line to 'None'
[11.807s] Level 5:colcon.colcon_core.verb:set package 'c_teleop' build argument 'catkin_skip_building_tests' from command line to 'False'
[11.808s] DEBUG:colcon.colcon_core.verb:Building package 'c_teleop' with the following arguments: {'ament_cmake_args': None, 'build_base': '/home/perry/bigus-igus/ws/build/c_teleop', 'catkin_cmake_args': None, 'catkin_skip_building_tests': False, 'cmake_args': None, 'cmake_clean_cache': False, 'cmake_clean_first': False, 'cmake_force_configure': False, 'cmake_target': None, 'cmake_target_skip_unavailable': False, 'install_base': '/home/perry/bigus-igus/ws/install/c_teleop', 'merge_install': False, 'path': '/home/perry/bigus-igus/ws/src/c_teleop', 'symlink_install': False, 'test_result_base': None}
[11.892s] INFO:colcon.colcon_core.executor:Executing jobs using 'parallel' executor
[11.990s] DEBUG:colcon.colcon_parallel_executor.executor.parallel:run_until_complete
[11.991s] INFO:colcon.colcon_ros.task.ament_cmake.build:Building ROS package in '/home/perry/bigus-igus/ws/src/c_teleop' with build type 'ament_cmake'
[11.992s] INFO:colcon.colcon_cmake.task.cmake.build:Building CMake package in '/home/perry/bigus-igus/ws/src/c_teleop'
[12.098s] INFO:colcon.colcon_core.plugin_system:Skipping extension 'colcon_core.shell.bat': Not used on non-Windows systems
[12.099s] INFO:colcon.colcon_core.shell:Skip shell extension 'powershell' for command environment: Not usable outside of PowerShell
[12.099s] DEBUG:colcon.colcon_core.shell:Skip shell extension 'dsv' for command environment
[12.569s] DEBUG:colcon.colcon_core.event_handler.log_command:Invoking command in '/home/perry/bigus-igus/ws/build/c_teleop': CMAKE_PREFIX_PATH=/opt/ros/iron /usr/bin/cmake /home/perry/bigus-igus/ws/src/c_teleop -DCMAKE_INSTALL_PREFIX=/home/perry/bigus-igus/ws/install/c_teleop
[28.646s] DEBUG:colcon.colcon_core.event_handler.log_command:Invoked command in '/home/perry/bigus-igus/ws/build/c_teleop' returned '0': CMAKE_PREFIX_PATH=/opt/ros/iron /usr/bin/cmake /home/perry/bigus-igus/ws/src/c_teleop -DCMAKE_INSTALL_PREFIX=/home/perry/bigus-igus/ws/install/c_teleop
[28.658s] DEBUG:colcon.colcon_core.event_handler.log_command:Invoking command in '/home/perry/bigus-igus/ws/build/c_teleop': CMAKE_PREFIX_PATH=/opt/ros/iron /usr/bin/cmake --build /home/perry/bigus-igus/ws/build/c_teleop -- -j4 -l4
[29.729s] DEBUG:colcon.colcon_core.event_handler.log_command:Invoked command in '/home/perry/bigus-igus/ws/build/c_teleop' returned '0': CMAKE_PREFIX_PATH=/opt/ros/iron /usr/bin/cmake --build /home/perry/bigus-igus/ws/build/c_teleop -- -j4 -l4
[29.984s] DEBUG:colcon.colcon_core.event_handler.log_command:Invoking command in '/home/perry/bigus-igus/ws/build/c_teleop': CMAKE_PREFIX_PATH=/opt/ros/iron /usr/bin/cmake --install /home/perry/bigus-igus/ws/build/c_teleop
[30.060s] Level 1:colcon.colcon_core.environment:create_environment_scripts_only(c_teleop)
[30.062s] DEBUG:colcon.colcon_core.event_handler.log_command:Invoked command in '/home/perry/bigus-igus/ws/build/c_teleop' returned '0': CMAKE_PREFIX_PATH=/opt/ros/iron /usr/bin/cmake --install /home/perry/bigus-igus/ws/build/c_teleop
[30.175s] Level 1:colcon.colcon_core.environment:checking '/home/perry/bigus-igus/ws/install/c_teleop' for CMake module files
[30.179s] Level 1:colcon.colcon_core.environment:checking '/home/perry/bigus-igus/ws/install/c_teleop' for CMake config files
[30.181s] Level 1:colcon.colcon_core.shell:create_environment_hook('c_teleop', 'cmake_prefix_path')
[30.288s] INFO:colcon.colcon_core.shell:Creating environment hook '/home/perry/bigus-igus/ws/install/c_teleop/share/c_teleop/hook/cmake_prefix_path.ps1'
[30.292s] INFO:colcon.colcon_core.shell:Creating environment descriptor '/home/perry/bigus-igus/ws/install/c_teleop/share/c_teleop/hook/cmake_prefix_path.dsv'
[30.294s] INFO:colcon.colcon_core.shell:Creating environment hook '/home/perry/bigus-igus/ws/install/c_teleop/share/c_teleop/hook/cmake_prefix_path.sh'
[30.298s] Level 1:colcon.colcon_core.environment:checking '/home/perry/bigus-igus/ws/install/c_teleop/lib'
[30.299s] Level 1:colcon.colcon_core.environment:checking '/home/perry/bigus-igus/ws/install/c_teleop/bin'
[30.300s] Level 1:colcon.colcon_core.environment:checking '/home/perry/bigus-igus/ws/install/c_teleop/lib/pkgconfig/c_teleop.pc'
[30.301s] Level 1:colcon.colcon_core.environment:checking '/home/perry/bigus-igus/ws/install/c_teleop/lib/python3.10/site-packages'
[30.302s] Level 1:colcon.colcon_core.environment:checking '/home/perry/bigus-igus/ws/install/c_teleop/bin'
[30.409s] INFO:colcon.colcon_core.shell:Creating package script '/home/perry/bigus-igus/ws/install/c_teleop/share/c_teleop/package.ps1'
[30.413s] INFO:colcon.colcon_core.shell:Creating package descriptor '/home/perry/bigus-igus/ws/install/c_teleop/share/c_teleop/package.dsv'
[30.416s] INFO:colcon.colcon_core.shell:Creating package script '/home/perry/bigus-igus/ws/install/c_teleop/share/c_teleop/package.sh'
[30.420s] INFO:colcon.colcon_core.shell:Creating package script '/home/perry/bigus-igus/ws/install/c_teleop/share/c_teleop/package.bash'
[30.423s] INFO:colcon.colcon_core.shell:Creating package script '/home/perry/bigus-igus/ws/install/c_teleop/share/c_teleop/package.zsh'
[30.427s] Level 1:colcon.colcon_core.environment:create_file_with_runtime_dependencies(/home/perry/bigus-igus/ws/install/c_teleop/share/colcon-core/packages/c_teleop)
[30.704s] Level 1:colcon.colcon_core.environment:create_environment_scripts_only(c_teleop)
[30.813s] Level 1:colcon.colcon_core.environment:checking '/home/perry/bigus-igus/ws/install/c_teleop' for CMake module files
[30.817s] Level 1:colcon.colcon_core.environment:checking '/home/perry/bigus-igus/ws/install/c_teleop' for CMake config files
[30.818s] Level 1:colcon.colcon_core.shell:create_environment_hook('c_teleop', 'cmake_prefix_path')
[30.918s] INFO:colcon.colcon_core.shell:Creating environment hook '/home/perry/bigus-igus/ws/install/c_teleop/share/c_teleop/hook/cmake_prefix_path.ps1'
[30.920s] INFO:colcon.colcon_core.shell:Creating environment descriptor '/home/perry/bigus-igus/ws/install/c_teleop/share/c_teleop/hook/cmake_prefix_path.dsv'
[30.922s] INFO:colcon.colcon_core.shell:Creating environment hook '/home/perry/bigus-igus/ws/install/c_teleop/share/c_teleop/hook/cmake_prefix_path.sh'
[30.926s] Level 1:colcon.colcon_core.environment:checking '/home/perry/bigus-igus/ws/install/c_teleop/lib'
[30.927s] Level 1:colcon.colcon_core.environment:checking '/home/perry/bigus-igus/ws/install/c_teleop/bin'
[30.927s] Level 1:colcon.colcon_core.environment:checking '/home/perry/bigus-igus/ws/install/c_teleop/lib/pkgconfig/c_teleop.pc'
[30.928s] Level 1:colcon.colcon_core.environment:checking '/home/perry/bigus-igus/ws/install/c_teleop/lib/python3.10/site-packages'
[30.929s] Level 1:colcon.colcon_core.environment:checking '/home/perry/bigus-igus/ws/install/c_teleop/bin'
[31.045s] INFO:colcon.colcon_core.shell:Creating package script '/home/perry/bigus-igus/ws/install/c_teleop/share/c_teleop/package.ps1'
[31.047s] INFO:colcon.colcon_core.shell:Creating package descriptor '/home/perry/bigus-igus/ws/install/c_teleop/share/c_teleop/package.dsv'
[31.051s] INFO:colcon.colcon_core.shell:Creating package script '/home/perry/bigus-igus/ws/install/c_teleop/share/c_teleop/package.sh'
[31.054s] INFO:colcon.colcon_core.shell:Creating package script '/home/perry/bigus-igus/ws/install/c_teleop/share/c_teleop/package.bash'
[31.057s] INFO:colcon.colcon_core.shell:Creating package script '/home/perry/bigus-igus/ws/install/c_teleop/share/c_teleop/package.zsh'
[31.060s] Level 1:colcon.colcon_core.environment:create_file_with_runtime_dependencies(/home/perry/bigus-igus/ws/install/c_teleop/share/colcon-core/packages/c_teleop)
[31.061s] DEBUG:colcon.colcon_parallel_executor.executor.parallel:closing loop
[31.063s] DEBUG:colcon.colcon_parallel_executor.executor.parallel:loop closed
[31.063s] DEBUG:colcon.colcon_parallel_executor.executor.parallel:run_until_complete finished with '0'
[31.065s] DEBUG:colcon.colcon_core.event_reactor:joining thread
[31.246s] INFO:colcon.colcon_core.plugin_system:Skipping extension 'colcon_notification.desktop_notification.terminal_notifier': Not used on non-Darwin systems
[31.247s] INFO:colcon.colcon_core.plugin_system:Skipping extension 'colcon_notification.desktop_notification.win32': Not used on non-Windows systems
[31.247s] INFO:colcon.colcon_notification.desktop_notification:Sending desktop notification using 'notify2'
[31.897s] DEBUG:colcon.colcon_core.event_reactor:joined thread
[32.004s] INFO:colcon.colcon_core.shell:Creating prefix script '/home/perry/bigus-igus/ws/install/local_setup.ps1'
[32.008s] INFO:colcon.colcon_core.shell:Creating prefix util module '/home/perry/bigus-igus/ws/install/_local_setup_util_ps1.py'
[32.015s] INFO:colcon.colcon_core.shell:Creating prefix chain script '/home/perry/bigus-igus/ws/install/setup.ps1'
[32.104s] INFO:colcon.colcon_core.shell:Creating prefix script '/home/perry/bigus-igus/ws/install/local_setup.sh'
[32.107s] INFO:colcon.colcon_core.shell:Creating prefix util module '/home/perry/bigus-igus/ws/install/_local_setup_util_sh.py'
[32.110s] INFO:colcon.colcon_core.shell:Creating prefix chain script '/home/perry/bigus-igus/ws/install/setup.sh'
[32.205s] INFO:colcon.colcon_core.shell:Creating prefix script '/home/perry/bigus-igus/ws/install/local_setup.bash'
[32.209s] INFO:colcon.colcon_core.shell:Creating prefix chain script '/home/perry/bigus-igus/ws/install/setup.bash'
[32.336s] INFO:colcon.colcon_core.shell:Creating prefix script '/home/perry/bigus-igus/ws/install/local_setup.zsh'
[32.339s] INFO:colcon.colcon_core.shell:Creating prefix chain script '/home/perry/bigus-igus/ws/install/setup.zsh'
