[3.477s] Invoking command in '/home/maandres/bigus-igus/ws/src/teleop_twist_keyboard': PYTHONPATH=/home/maandres/bigus-igus/ws/build/teleop_twist_keyboard/prefix_override:/home/maandres/bigus-igus/ws/install/teleop_twist_keyboard/lib/python3.10/site-packages:${PYTHONPATH} /usr/bin/python3 setup.py egg_info --egg-base ../../build/teleop_twist_keyboard build --build-base /home/maandres/bigus-igus/ws/build/teleop_twist_keyboard/build install --record /home/maandres/bigus-igus/ws/build/teleop_twist_keyboard/install.log --single-version-externally-managed
[4.608s] running egg_info
[4.611s] writing ../../build/teleop_twist_keyboard/teleop_twist_keyboard.egg-info/PKG-INFO
[4.612s] writing dependency_links to ../../build/teleop_twist_keyboard/teleop_twist_keyboard.egg-info/dependency_links.txt
[4.615s] writing entry points to ../../build/teleop_twist_keyboard/teleop_twist_keyboard.egg-info/entry_points.txt
[4.616s] writing requirements to ../../build/teleop_twist_keyboard/teleop_twist_keyboard.egg-info/requires.txt
[4.617s] writing top-level names to ../../build/teleop_twist_keyboard/teleop_twist_keyboard.egg-info/top_level.txt
[4.623s] reading manifest file '../../build/teleop_twist_keyboard/teleop_twist_keyboard.egg-info/SOURCES.txt'
[4.625s] adding license file 'LICENSE'
[4.628s] writing manifest file '../../build/teleop_twist_keyboard/teleop_twist_keyboard.egg-info/SOURCES.txt'
[4.628s] running build
[4.629s] running build_py
[4.629s] copying teleop_twist_keyboard.py -> /home/maandres/bigus-igus/ws/build/teleop_twist_keyboard/build/lib
[4.630s] running install
[4.631s] /usr/lib/python3/dist-packages/setuptools/command/install.py:34: SetuptoolsDeprecationWarning: setup.py install is deprecated. Use build and pip and other standards-based tools.
[4.632s]   warnings.warn(
[4.633s] running install_lib
[4.635s] copying /home/maandres/bigus-igus/ws/build/teleop_twist_keyboard/build/lib/teleop_twist_keyboard.py -> /home/maandres/bigus-igus/ws/install/teleop_twist_keyboard/lib/python3.10/site-packages
[4.638s] byte-compiling /home/maandres/bigus-igus/ws/install/teleop_twist_keyboard/lib/python3.10/site-packages/teleop_twist_keyboard.py to teleop_twist_keyboard.cpython-310.pyc
[4.644s] running install_data
[4.646s] running install_egg_info
[4.652s] removing '/home/maandres/bigus-igus/ws/install/teleop_twist_keyboard/lib/python3.10/site-packages/teleop_twist_keyboard-2.3.2-py3.10.egg-info' (and everything under it)
[4.654s] Copying ../../build/teleop_twist_keyboard/teleop_twist_keyboard.egg-info to /home/maandres/bigus-igus/ws/install/teleop_twist_keyboard/lib/python3.10/site-packages/teleop_twist_keyboard-2.3.2-py3.10.egg-info
[4.660s] running install_scripts
[4.744s] Installing teleop_twist_keyboard script to /home/maandres/bigus-igus/ws/install/teleop_twist_keyboard/lib/teleop_twist_keyboard
[4.746s] writing list of installed files to '/home/maandres/bigus-igus/ws/build/teleop_twist_keyboard/install.log'
[4.875s] Invoked command in '/home/maandres/bigus-igus/ws/src/teleop_twist_keyboard' returned '0': PYTHONPATH=/home/maandres/bigus-igus/ws/build/teleop_twist_keyboard/prefix_override:/home/maandres/bigus-igus/ws/install/teleop_twist_keyboard/lib/python3.10/site-packages:${PYTHONPATH} /usr/bin/python3 setup.py egg_info --egg-base ../../build/teleop_twist_keyboard build --build-base /home/maandres/bigus-igus/ws/build/teleop_twist_keyboard/build install --record /home/maandres/bigus-igus/ws/build/teleop_twist_keyboard/install.log --single-version-externally-managed
