[4.987s] Invoking command in '/home/perry/bigus-igus/ws/src/teleop_twist_keyboard': PYTHONPATH=/home/perry/bigus-igus/ws/build/teleop_twist_keyboard/prefix_override:/home/perry/bigus-igus/ws/install/teleop_twist_keyboard/lib/python3.10/site-packages: /usr/bin/python3 setup.py egg_info --egg-base ../../build/teleop_twist_keyboard build --build-base /home/perry/bigus-igus/ws/build/teleop_twist_keyboard/build install --record /home/perry/bigus-igus/ws/build/teleop_twist_keyboard/install.log --single-version-externally-managed
[6.126s] running egg_info
[6.129s] writing ../../build/teleop_twist_keyboard/teleop_twist_keyboard.egg-info/PKG-INFO
[6.131s] writing dependency_links to ../../build/teleop_twist_keyboard/teleop_twist_keyboard.egg-info/dependency_links.txt
[6.132s] writing entry points to ../../build/teleop_twist_keyboard/teleop_twist_keyboard.egg-info/entry_points.txt
[6.133s] writing requirements to ../../build/teleop_twist_keyboard/teleop_twist_keyboard.egg-info/requires.txt
[6.134s] writing top-level names to ../../build/teleop_twist_keyboard/teleop_twist_keyboard.egg-info/top_level.txt
[6.142s] reading manifest file '../../build/teleop_twist_keyboard/teleop_twist_keyboard.egg-info/SOURCES.txt'
[6.144s] adding license file 'LICENSE'
[6.148s] writing manifest file '../../build/teleop_twist_keyboard/teleop_twist_keyboard.egg-info/SOURCES.txt'
[6.150s] running build
[6.151s] running build_py
[6.151s] running install
[6.152s] /usr/lib/python3/dist-packages/setuptools/command/install.py:34: SetuptoolsDeprecationWarning: setup.py install is deprecated. Use build and pip and other standards-based tools.
[6.153s]   warnings.warn(
[6.153s] running install_lib
[6.156s] running install_data
[6.159s] copying resource/teleop_twist_keyboard -> /home/perry/bigus-igus/ws/install/teleop_twist_keyboard/share/ament_index/resource_index/packages
[6.160s] copying package.xml -> /home/perry/bigus-igus/ws/install/teleop_twist_keyboard/share/teleop_twist_keyboard
[6.161s] running install_egg_info
[6.169s] removing '/home/perry/bigus-igus/ws/install/teleop_twist_keyboard/lib/python3.10/site-packages/teleop_twist_keyboard-2.3.2-py3.10.egg-info' (and everything under it)
[6.171s] Copying ../../build/teleop_twist_keyboard/teleop_twist_keyboard.egg-info to /home/perry/bigus-igus/ws/install/teleop_twist_keyboard/lib/python3.10/site-packages/teleop_twist_keyboard-2.3.2-py3.10.egg-info
[6.180s] running install_scripts
[6.292s] Installing teleop_twist_keyboard script to /home/perry/bigus-igus/ws/install/teleop_twist_keyboard/lib/teleop_twist_keyboard
[6.296s] writing list of installed files to '/home/perry/bigus-igus/ws/build/teleop_twist_keyboard/install.log'
[6.528s] Invoked command in '/home/perry/bigus-igus/ws/src/teleop_twist_keyboard' returned '0': PYTHONPATH=/home/perry/bigus-igus/ws/build/teleop_twist_keyboard/prefix_override:/home/perry/bigus-igus/ws/install/teleop_twist_keyboard/lib/python3.10/site-packages: /usr/bin/python3 setup.py egg_info --egg-base ../../build/teleop_twist_keyboard build --build-base /home/perry/bigus-igus/ws/build/teleop_twist_keyboard/build install --record /home/perry/bigus-igus/ws/build/teleop_twist_keyboard/install.log --single-version-externally-managed
