[6.702s] DEBUG:colcon:Command line arguments: ['/usr/bin/colcon', 'build', '--packages-select', 'py_pubsub']
[6.702s] DEBUG:colcon:Parsed command line arguments: Namespace(log_base=None, log_level=None, verb_name='build', build_base='build', install_base='install', merge_install=False, symlink_install=False, test_result_base=None, continue_on_error=False, executor='parallel', parallel_workers=4, event_handlers=None, ignore_user_meta=False, metas=['./colcon.meta'], base_paths=['.'], packages_ignore=None, packages_ignore_regex=None, paths=None, packages_up_to=None, packages_up_to_regex=None, packages_above=None, packages_above_and_dependencies=None, packages_above_depth=None, packages_select_by_dep=None, packages_skip_by_dep=None, packages_skip_up_to=None, packages_select_build_failed=False, packages_skip_build_finished=False, packages_select_test_failures=False, packages_skip_test_passed=False, packages_select=['py_pubsub'], packages_skip=None, packages_select_regex=None, packages_skip_regex=None, packages_start=None, packages_end=None, allow_overriding=[], cmake_args=None, cmake_target=None, cmake_target_skip_unavailable=False, cmake_clean_cache=False, cmake_clean_first=False, cmake_force_configure=False, ament_cmake_args=None, catkin_cmake_args=None, catkin_skip_building_tests=False, verb_parser=<colcon_defaults.argument_parser.defaults.DefaultArgumentsDecorator object at 0xffff94873910>, verb_extension=<colcon_core.verb.build.BuildVerb object at 0xffff94da7910>, main=<bound method BuildVerb.main of <colcon_core.verb.build.BuildVerb object at 0xffff94da7910>>)
[6.967s] Level 1:colcon.colcon_core.package_discovery:discover_packages(colcon_meta) check parameters
[6.967s] Level 1:colcon.colcon_core.package_discovery:discover_packages(recursive) check parameters
[6.967s] Level 1:colcon.colcon_core.package_discovery:discover_packages(ignore) check parameters
[6.968s] Level 1:colcon.colcon_core.package_discovery:discover_packages(path) check parameters
[6.968s] Level 1:colcon.colcon_core.package_discovery:discover_packages(colcon_meta) discover
[6.968s] Level 1:colcon.colcon_core.package_discovery:discover_packages(recursive) discover
[6.968s] INFO:colcon.colcon_core.package_discovery:Crawling recursively for packages in '/home/perry/bigus-igus/ws'
[6.969s] Level 1:colcon.colcon_core.package_identification:_identify(.) by extensions ['ignore', 'ignore_ament_install']
[6.969s] Level 1:colcon.colcon_core.package_identification:_identify(.) by extension 'ignore'
[6.969s] Level 1:colcon.colcon_core.package_identification:_identify(.) by extension 'ignore_ament_install'
[6.970s] Level 1:colcon.colcon_core.package_identification:_identify(.) by extensions ['colcon_pkg']
[6.970s] Level 1:colcon.colcon_core.package_identification:_identify(.) by extension 'colcon_pkg'
[6.970s] Level 1:colcon.colcon_core.package_identification:_identify(.) by extensions ['colcon_meta']
[6.970s] Level 1:colcon.colcon_core.package_identification:_identify(.) by extension 'colcon_meta'
[6.971s] Level 1:colcon.colcon_core.package_identification:_identify(.) by extensions ['ros']
[6.971s] Level 1:colcon.colcon_core.package_identification:_identify(.) by extension 'ros'
[7.026s] Level 1:colcon.colcon_core.package_identification:_identify(.) by extensions ['cmake', 'python']
[7.026s] Level 1:colcon.colcon_core.package_identification:_identify(.) by extension 'cmake'
[7.027s] Level 1:colcon.colcon_core.package_identification:_identify(.) by extension 'python'
[7.027s] Level 1:colcon.colcon_core.package_identification:_identify(.) by extensions ['python_setup_py']
[7.027s] Level 1:colcon.colcon_core.package_identification:_identify(.) by extension 'python_setup_py'
[7.027s] Level 1:colcon.colcon_core.package_identification:_identify(build) by extensions ['ignore', 'ignore_ament_install']
[7.028s] Level 1:colcon.colcon_core.package_identification:_identify(build) by extension 'ignore'
[7.028s] Level 1:colcon.colcon_core.package_identification:_identify(build) ignored
[7.029s] Level 1:colcon.colcon_core.package_identification:_identify(install) by extensions ['ignore', 'ignore_ament_install']
[7.029s] Level 1:colcon.colcon_core.package_identification:_identify(install) by extension 'ignore'
[7.030s] Level 1:colcon.colcon_core.package_identification:_identify(install) ignored
[7.030s] Level 1:colcon.colcon_core.package_identification:_identify(log) by extensions ['ignore', 'ignore_ament_install']
[7.031s] Level 1:colcon.colcon_core.package_identification:_identify(log) by extension 'ignore'
[7.031s] Level 1:colcon.colcon_core.package_identification:_identify(log) ignored
[7.031s] Level 1:colcon.colcon_core.package_identification:_identify(src) by extensions ['ignore', 'ignore_ament_install']
[7.031s] Level 1:colcon.colcon_core.package_identification:_identify(src) by extension 'ignore'
[7.032s] Level 1:colcon.colcon_core.package_identification:_identify(src) by extension 'ignore_ament_install'
[7.032s] Level 1:colcon.colcon_core.package_identification:_identify(src) by extensions ['colcon_pkg']
[7.032s] Level 1:colcon.colcon_core.package_identification:_identify(src) by extension 'colcon_pkg'
[7.032s] Level 1:colcon.colcon_core.package_identification:_identify(src) by extensions ['colcon_meta']
[7.032s] Level 1:colcon.colcon_core.package_identification:_identify(src) by extension 'colcon_meta'
[7.033s] Level 1:colcon.colcon_core.package_identification:_identify(src) by extensions ['ros']
[7.033s] Level 1:colcon.colcon_core.package_identification:_identify(src) by extension 'ros'
[7.033s] Level 1:colcon.colcon_core.package_identification:_identify(src) by extensions ['cmake', 'python']
[7.033s] Level 1:colcon.colcon_core.package_identification:_identify(src) by extension 'cmake'
[7.033s] Level 1:colcon.colcon_core.package_identification:_identify(src) by extension 'python'
[7.034s] Level 1:colcon.colcon_core.package_identification:_identify(src) by extensions ['python_setup_py']
[7.034s] Level 1:colcon.colcon_core.package_identification:_identify(src) by extension 'python_setup_py'
[7.034s] Level 1:colcon.colcon_core.package_identification:_identify(src/not_a_package) by extensions ['ignore', 'ignore_ament_install']
[7.035s] Level 1:colcon.colcon_core.package_identification:_identify(src/not_a_package) by extension 'ignore'
[7.035s] Level 1:colcon.colcon_core.package_identification:_identify(src/not_a_package) by extension 'ignore_ament_install'
[7.036s] Level 1:colcon.colcon_core.package_identification:_identify(src/not_a_package) by extensions ['colcon_pkg']
[7.036s] Level 1:colcon.colcon_core.package_identification:_identify(src/not_a_package) by extension 'colcon_pkg'
[7.036s] Level 1:colcon.colcon_core.package_identification:_identify(src/not_a_package) by extensions ['colcon_meta']
[7.036s] Level 1:colcon.colcon_core.package_identification:_identify(src/not_a_package) by extension 'colcon_meta'
[7.037s] Level 1:colcon.colcon_core.package_identification:_identify(src/not_a_package) by extensions ['ros']
[7.037s] Level 1:colcon.colcon_core.package_identification:_identify(src/not_a_package) by extension 'ros'
[7.037s] Level 1:colcon.colcon_core.package_identification:_identify(src/not_a_package) by extensions ['cmake', 'python']
[7.037s] Level 1:colcon.colcon_core.package_identification:_identify(src/not_a_package) by extension 'cmake'
[7.037s] Level 1:colcon.colcon_core.package_identification:_identify(src/not_a_package) by extension 'python'
[7.038s] Level 1:colcon.colcon_core.package_identification:_identify(src/not_a_package) by extensions ['python_setup_py']
[7.038s] Level 1:colcon.colcon_core.package_identification:_identify(src/not_a_package) by extension 'python_setup_py'
[7.038s] Level 1:colcon.colcon_core.package_identification:_identify(src/py_pubsub) by extensions ['ignore', 'ignore_ament_install']
[7.039s] Level 1:colcon.colcon_core.package_identification:_identify(src/py_pubsub) by extension 'ignore'
[7.039s] Level 1:colcon.colcon_core.package_identification:_identify(src/py_pubsub) by extension 'ignore_ament_install'
[7.039s] Level 1:colcon.colcon_core.package_identification:_identify(src/py_pubsub) by extensions ['colcon_pkg']
[7.039s] Level 1:colcon.colcon_core.package_identification:_identify(src/py_pubsub) by extension 'colcon_pkg'
[7.040s] Level 1:colcon.colcon_core.package_identification:_identify(src/py_pubsub) by extensions ['colcon_meta']
[7.040s] Level 1:colcon.colcon_core.package_identification:_identify(src/py_pubsub) by extension 'colcon_meta'
[7.040s] Level 1:colcon.colcon_core.package_identification:_identify(src/py_pubsub) by extensions ['ros']
[7.040s] Level 1:colcon.colcon_core.package_identification:_identify(src/py_pubsub) by extension 'ros'
[7.050s] DEBUG:colcon.colcon_core.package_identification:Package 'src/py_pubsub' with type 'ros.ament_python' and name 'py_pubsub'
[7.051s] Level 1:colcon.colcon_core.package_discovery:discover_packages(recursive) using defaults
[7.051s] Level 1:colcon.colcon_core.package_discovery:discover_packages(ignore) discover
[7.051s] Level 1:colcon.colcon_core.package_discovery:discover_packages(ignore) using defaults
[7.051s] Level 1:colcon.colcon_core.package_discovery:discover_packages(path) discover
[7.051s] Level 1:colcon.colcon_core.package_discovery:discover_packages(path) using defaults
[7.643s] Level 1:colcon.colcon_core.package_discovery:discover_packages(prefix_path) check parameters
[7.644s] Level 1:colcon.colcon_core.package_discovery:discover_packages(prefix_path) discover
[7.943s] DEBUG:colcon.colcon_installed_package_information.package_discovery:Found 296 installed packages in /opt/ros/iron
[7.951s] Level 1:colcon.colcon_core.package_discovery:discover_packages(prefix_path) using defaults
[8.534s] Level 5:colcon.colcon_core.verb:set package 'py_pubsub' build argument 'cmake_args' from command line to 'None'
[8.534s] Level 5:colcon.colcon_core.verb:set package 'py_pubsub' build argument 'cmake_target' from command line to 'None'
[8.535s] Level 5:colcon.colcon_core.verb:set package 'py_pubsub' build argument 'cmake_target_skip_unavailable' from command line to 'False'
[8.535s] Level 5:colcon.colcon_core.verb:set package 'py_pubsub' build argument 'cmake_clean_cache' from command line to 'False'
[8.535s] Level 5:colcon.colcon_core.verb:set package 'py_pubsub' build argument 'cmake_clean_first' from command line to 'False'
[8.535s] Level 5:colcon.colcon_core.verb:set package 'py_pubsub' build argument 'cmake_force_configure' from command line to 'False'
[8.535s] Level 5:colcon.colcon_core.verb:set package 'py_pubsub' build argument 'ament_cmake_args' from command line to 'None'
[8.535s] Level 5:colcon.colcon_core.verb:set package 'py_pubsub' build argument 'catkin_cmake_args' from command line to 'None'
[8.535s] Level 5:colcon.colcon_core.verb:set package 'py_pubsub' build argument 'catkin_skip_building_tests' from command line to 'False'
[8.536s] DEBUG:colcon.colcon_core.verb:Building package 'py_pubsub' with the following arguments: {'ament_cmake_args': None, 'build_base': '/home/perry/bigus-igus/ws/build/py_pubsub', 'catkin_cmake_args': None, 'catkin_skip_building_tests': False, 'cmake_args': None, 'cmake_clean_cache': False, 'cmake_clean_first': False, 'cmake_force_configure': False, 'cmake_target': None, 'cmake_target_skip_unavailable': False, 'install_base': '/home/perry/bigus-igus/ws/install/py_pubsub', 'merge_install': False, 'path': '/home/perry/bigus-igus/ws/src/py_pubsub', 'symlink_install': False, 'test_result_base': None}
[8.640s] INFO:colcon.colcon_core.executor:Executing jobs using 'parallel' executor
[8.800s] DEBUG:colcon.colcon_parallel_executor.executor.parallel:run_until_complete
[8.802s] INFO:colcon.colcon_ros.task.ament_python.build:Building ROS package in '/home/perry/bigus-igus/ws/src/py_pubsub' with build type 'ament_python'
[8.803s] Level 1:colcon.colcon_core.shell:create_environment_hook('py_pubsub', 'ament_prefix_path')
[8.978s] INFO:colcon.colcon_core.plugin_system:Skipping extension 'colcon_core.shell.bat': Not used on non-Windows systems
[8.979s] INFO:colcon.colcon_core.shell:Creating environment hook '/home/perry/bigus-igus/ws/install/py_pubsub/share/py_pubsub/hook/ament_prefix_path.ps1'
[8.983s] INFO:colcon.colcon_core.shell:Creating environment descriptor '/home/perry/bigus-igus/ws/install/py_pubsub/share/py_pubsub/hook/ament_prefix_path.dsv'
[8.986s] INFO:colcon.colcon_core.shell:Creating environment hook '/home/perry/bigus-igus/ws/install/py_pubsub/share/py_pubsub/hook/ament_prefix_path.sh'
[9.153s] INFO:colcon.colcon_core.shell:Skip shell extension 'powershell' for command environment: Not usable outside of PowerShell
[9.154s] DEBUG:colcon.colcon_core.shell:Skip shell extension 'dsv' for command environment
[11.300s] INFO:colcon.colcon_core.task.python.build:Building Python package in '/home/perry/bigus-igus/ws/src/py_pubsub'
[11.405s] INFO:colcon.colcon_core.shell:Skip shell extension 'powershell' for command environment: Not usable outside of PowerShell
[11.406s] DEBUG:colcon.colcon_core.shell:Skip shell extension 'dsv' for command environment
[13.600s] DEBUG:colcon.colcon_core.event_handler.log_command:Invoking command in '/home/perry/bigus-igus/ws/src/py_pubsub': PYTHONPATH=/home/perry/bigus-igus/ws/build/py_pubsub/prefix_override:/home/perry/bigus-igus/ws/install/py_pubsub/lib/python3.10/site-packages:${PYTHONPATH} /usr/bin/python3 setup.py egg_info --egg-base ../../build/py_pubsub build --build-base /home/perry/bigus-igus/ws/build/py_pubsub/build install --record /home/perry/bigus-igus/ws/build/py_pubsub/install.log --single-version-externally-managed
[15.290s] DEBUG:colcon.colcon_core.event_handler.log_command:Invoked command in '/home/perry/bigus-igus/ws/src/py_pubsub' returned '0': PYTHONPATH=/home/perry/bigus-igus/ws/build/py_pubsub/prefix_override:/home/perry/bigus-igus/ws/install/py_pubsub/lib/python3.10/site-packages:${PYTHONPATH} /usr/bin/python3 setup.py egg_info --egg-base ../../build/py_pubsub build --build-base /home/perry/bigus-igus/ws/build/py_pubsub/build install --record /home/perry/bigus-igus/ws/build/py_pubsub/install.log --single-version-externally-managed
[15.401s] Level 1:colcon.colcon_core.environment:checking '/home/perry/bigus-igus/ws/install/py_pubsub' for CMake module files
[15.403s] Level 1:colcon.colcon_core.environment:checking '/home/perry/bigus-igus/ws/install/py_pubsub' for CMake config files
[15.408s] Level 1:colcon.colcon_core.environment:checking '/home/perry/bigus-igus/ws/install/py_pubsub/lib'
[15.409s] Level 1:colcon.colcon_core.environment:checking '/home/perry/bigus-igus/ws/install/py_pubsub/bin'
[15.409s] Level 1:colcon.colcon_core.environment:checking '/home/perry/bigus-igus/ws/install/py_pubsub/lib/pkgconfig/py_pubsub.pc'
[15.410s] Level 1:colcon.colcon_core.environment:checking '/home/perry/bigus-igus/ws/install/py_pubsub/lib/python3.10/site-packages'
[15.411s] Level 1:colcon.colcon_core.shell:create_environment_hook('py_pubsub', 'pythonpath')
[15.502s] INFO:colcon.colcon_core.shell:Creating environment hook '/home/perry/bigus-igus/ws/install/py_pubsub/share/py_pubsub/hook/pythonpath.ps1'
[15.504s] INFO:colcon.colcon_core.shell:Creating environment descriptor '/home/perry/bigus-igus/ws/install/py_pubsub/share/py_pubsub/hook/pythonpath.dsv'
[15.506s] INFO:colcon.colcon_core.shell:Creating environment hook '/home/perry/bigus-igus/ws/install/py_pubsub/share/py_pubsub/hook/pythonpath.sh'
[15.510s] Level 1:colcon.colcon_core.environment:checking '/home/perry/bigus-igus/ws/install/py_pubsub/bin'
[15.510s] Level 1:colcon.colcon_core.environment:create_environment_scripts_only(py_pubsub)
[15.637s] INFO:colcon.colcon_core.shell:Creating package script '/home/perry/bigus-igus/ws/install/py_pubsub/share/py_pubsub/package.ps1'
[15.641s] INFO:colcon.colcon_core.shell:Creating package descriptor '/home/perry/bigus-igus/ws/install/py_pubsub/share/py_pubsub/package.dsv'
[15.645s] INFO:colcon.colcon_core.shell:Creating package script '/home/perry/bigus-igus/ws/install/py_pubsub/share/py_pubsub/package.sh'
[15.651s] INFO:colcon.colcon_core.shell:Creating package script '/home/perry/bigus-igus/ws/install/py_pubsub/share/py_pubsub/package.bash'
[15.654s] INFO:colcon.colcon_core.shell:Creating package script '/home/perry/bigus-igus/ws/install/py_pubsub/share/py_pubsub/package.zsh'
[15.658s] Level 1:colcon.colcon_core.environment:create_file_with_runtime_dependencies(/home/perry/bigus-igus/ws/install/py_pubsub/share/colcon-core/packages/py_pubsub)
[15.660s] DEBUG:colcon.colcon_parallel_executor.executor.parallel:closing loop
[15.662s] DEBUG:colcon.colcon_parallel_executor.executor.parallel:loop closed
[15.662s] DEBUG:colcon.colcon_parallel_executor.executor.parallel:run_until_complete finished with '0'
[15.663s] DEBUG:colcon.colcon_core.event_reactor:joining thread
[15.836s] INFO:colcon.colcon_core.plugin_system:Skipping extension 'colcon_notification.desktop_notification.terminal_notifier': Not used on non-Darwin systems
[15.837s] INFO:colcon.colcon_core.plugin_system:Skipping extension 'colcon_notification.desktop_notification.win32': Not used on non-Windows systems
[15.837s] INFO:colcon.colcon_notification.desktop_notification:Sending desktop notification using 'notify2'
[16.884s] DEBUG:colcon.colcon_core.event_reactor:joined thread
[17.117s] INFO:colcon.colcon_core.shell:Creating prefix script '/home/perry/bigus-igus/ws/install/local_setup.ps1'
[17.124s] INFO:colcon.colcon_core.shell:Creating prefix util module '/home/perry/bigus-igus/ws/install/_local_setup_util_ps1.py'
[17.135s] INFO:colcon.colcon_core.shell:Creating prefix chain script '/home/perry/bigus-igus/ws/install/setup.ps1'
[17.260s] INFO:colcon.colcon_core.shell:Creating prefix script '/home/perry/bigus-igus/ws/install/local_setup.sh'
[17.264s] INFO:colcon.colcon_core.shell:Creating prefix util module '/home/perry/bigus-igus/ws/install/_local_setup_util_sh.py'
[17.267s] INFO:colcon.colcon_core.shell:Creating prefix chain script '/home/perry/bigus-igus/ws/install/setup.sh'
[17.374s] INFO:colcon.colcon_core.shell:Creating prefix script '/home/perry/bigus-igus/ws/install/local_setup.bash'
[17.378s] INFO:colcon.colcon_core.shell:Creating prefix chain script '/home/perry/bigus-igus/ws/install/setup.bash'
[17.493s] INFO:colcon.colcon_core.shell:Creating prefix script '/home/perry/bigus-igus/ws/install/local_setup.zsh'
[17.496s] INFO:colcon.colcon_core.shell:Creating prefix chain script '/home/perry/bigus-igus/ws/install/setup.zsh'
