[5.391s] Invoking command in '/home/maandres/bigus-igus/ws/src/py_pubsub': PYTHONPATH=/home/maandres/bigus-igus/ws/build/py_pubsub/prefix_override:/home/maandres/bigus-igus/ws/install/py_pubsub/lib/python3.10/site-packages:${PYTHONPATH} /usr/bin/python3 setup.py egg_info --egg-base ../../build/py_pubsub build --build-base /home/maandres/bigus-igus/ws/build/py_pubsub/build install --record /home/maandres/bigus-igus/ws/build/py_pubsub/install.log --single-version-externally-managed
[6.617s] running egg_info
[6.621s] writing ../../build/py_pubsub/py_pubsub.egg-info/PKG-INFO
[6.622s] writing dependency_links to ../../build/py_pubsub/py_pubsub.egg-info/dependency_links.txt
[6.625s] writing entry points to ../../build/py_pubsub/py_pubsub.egg-info/entry_points.txt
[6.626s] writing requirements to ../../build/py_pubsub/py_pubsub.egg-info/requires.txt
[6.628s] writing top-level names to ../../build/py_pubsub/py_pubsub.egg-info/top_level.txt
[6.634s] reading manifest file '../../build/py_pubsub/py_pubsub.egg-info/SOURCES.txt'
[6.635s] adding license file 'LICENSE'
[6.639s] writing manifest file '../../build/py_pubsub/py_pubsub.egg-info/SOURCES.txt'
[6.639s] running build
[6.639s] running build_py
[6.641s] running install
[6.642s] /usr/lib/python3/dist-packages/setuptools/command/install.py:34: SetuptoolsDeprecationWarning: setup.py install is deprecated. Use build and pip and other standards-based tools.
[6.642s]   warnings.warn(
[6.644s] running install_lib
[6.650s] running install_data
[6.652s] running install_egg_info
[6.659s] removing '/home/maandres/bigus-igus/ws/install/py_pubsub/lib/python3.10/site-packages/py_pubsub-0.0.0-py3.10.egg-info' (and everything under it)
[6.662s] Copying ../../build/py_pubsub/py_pubsub.egg-info to /home/maandres/bigus-igus/ws/install/py_pubsub/lib/python3.10/site-packages/py_pubsub-0.0.0-py3.10.egg-info
[6.671s] running install_scripts
[6.771s] Installing listener script to /home/maandres/bigus-igus/ws/install/py_pubsub/lib/py_pubsub
[6.773s] Installing talker script to /home/maandres/bigus-igus/ws/install/py_pubsub/lib/py_pubsub
[6.776s] writing list of installed files to '/home/maandres/bigus-igus/ws/build/py_pubsub/install.log'
[7.234s] Invoked command in '/home/maandres/bigus-igus/ws/src/py_pubsub' returned '0': PYTHONPATH=/home/maandres/bigus-igus/ws/build/py_pubsub/prefix_override:/home/maandres/bigus-igus/ws/install/py_pubsub/lib/python3.10/site-packages:${PYTHONPATH} /usr/bin/python3 setup.py egg_info --egg-base ../../build/py_pubsub build --build-base /home/maandres/bigus-igus/ws/build/py_pubsub/build install --record /home/maandres/bigus-igus/ws/build/py_pubsub/install.log --single-version-externally-managed
