[4.361s] Invoking command in '/home/perry/bigus-igus/ws/src/py_pubsub': PYTHONPATH=/home/perry/bigus-igus/ws/build/py_pubsub/prefix_override:/home/perry/bigus-igus/ws/install/py_pubsub/lib/python3.10/site-packages:${PYTHONPATH} /usr/bin/python3 setup.py egg_info --egg-base ../../build/py_pubsub build --build-base /home/perry/bigus-igus/ws/build/py_pubsub/build install --record /home/perry/bigus-igus/ws/build/py_pubsub/install.log --single-version-externally-managed
[5.718s] running egg_info
[5.721s] writing ../../build/py_pubsub/py_pubsub.egg-info/PKG-INFO
[5.722s] writing dependency_links to ../../build/py_pubsub/py_pubsub.egg-info/dependency_links.txt
[5.723s] writing entry points to ../../build/py_pubsub/py_pubsub.egg-info/entry_points.txt
[5.724s] writing requirements to ../../build/py_pubsub/py_pubsub.egg-info/requires.txt
[5.725s] writing top-level names to ../../build/py_pubsub/py_pubsub.egg-info/top_level.txt
[5.734s] reading manifest file '../../build/py_pubsub/py_pubsub.egg-info/SOURCES.txt'
[5.735s] adding license file 'LICENSE'
[5.738s] writing manifest file '../../build/py_pubsub/py_pubsub.egg-info/SOURCES.txt'
[5.739s] running build
[5.740s] running build_py
[5.741s] copying py_pubsub/subscriber_member_function.py -> /home/perry/bigus-igus/ws/build/py_pubsub/build/lib/py_pubsub
[5.742s] running install
[5.743s] /usr/lib/python3/dist-packages/setuptools/command/install.py:34: SetuptoolsDeprecationWarning: setup.py install is deprecated. Use build and pip and other standards-based tools.
[5.744s]   warnings.warn(
[5.745s] running install_lib
[5.749s] copying /home/perry/bigus-igus/ws/build/py_pubsub/build/lib/py_pubsub/subscriber_member_function.py -> /home/perry/bigus-igus/ws/install/py_pubsub/lib/python3.10/site-packages/py_pubsub
[5.752s] byte-compiling /home/perry/bigus-igus/ws/install/py_pubsub/lib/python3.10/site-packages/py_pubsub/subscriber_member_function.py to subscriber_member_function.cpython-310.pyc
[5.756s] running install_data
[5.759s] running install_egg_info
[5.771s] removing '/home/perry/bigus-igus/ws/install/py_pubsub/lib/python3.10/site-packages/py_pubsub-0.0.0-py3.10.egg-info' (and everything under it)
[5.773s] Copying ../../build/py_pubsub/py_pubsub.egg-info to /home/perry/bigus-igus/ws/install/py_pubsub/lib/python3.10/site-packages/py_pubsub-0.0.0-py3.10.egg-info
[5.781s] running install_scripts
[5.869s] Installing listener script to /home/perry/bigus-igus/ws/install/py_pubsub/lib/py_pubsub
[5.870s] Installing talker script to /home/perry/bigus-igus/ws/install/py_pubsub/lib/py_pubsub
[5.872s] writing list of installed files to '/home/perry/bigus-igus/ws/build/py_pubsub/install.log'
[6.007s] Invoked command in '/home/perry/bigus-igus/ws/src/py_pubsub' returned '0': PYTHONPATH=/home/perry/bigus-igus/ws/build/py_pubsub/prefix_override:/home/perry/bigus-igus/ws/install/py_pubsub/lib/python3.10/site-packages:${PYTHONPATH} /usr/bin/python3 setup.py egg_info --egg-base ../../build/py_pubsub build --build-base /home/perry/bigus-igus/ws/build/py_pubsub/build install --record /home/perry/bigus-igus/ws/build/py_pubsub/install.log --single-version-externally-managed
