[4.882s] Invoking command in '/home/perry/bigus-igus/ws/src/py_pubsub': PYTHONPATH=/home/perry/bigus-igus/ws/build/py_pubsub/prefix_override:/home/perry/bigus-igus/ws/install/py_pubsub/lib/python3.10/site-packages:${PYTHONPATH} /usr/bin/python3 setup.py egg_info --egg-base ../../build/py_pubsub build --build-base /home/perry/bigus-igus/ws/build/py_pubsub/build install --record /home/perry/bigus-igus/ws/build/py_pubsub/install.log --single-version-externally-managed
[6.922s] running egg_info
[6.925s] writing ../../build/py_pubsub/py_pubsub.egg-info/PKG-INFO
[6.928s] writing dependency_links to ../../build/py_pubsub/py_pubsub.egg-info/dependency_links.txt
[6.929s] writing entry points to ../../build/py_pubsub/py_pubsub.egg-info/entry_points.txt
[6.930s] writing requirements to ../../build/py_pubsub/py_pubsub.egg-info/requires.txt
[6.931s] writing top-level names to ../../build/py_pubsub/py_pubsub.egg-info/top_level.txt
[6.943s] reading manifest file '../../build/py_pubsub/py_pubsub.egg-info/SOURCES.txt'
[6.946s] adding license file 'LICENSE'
[6.949s] writing manifest file '../../build/py_pubsub/py_pubsub.egg-info/SOURCES.txt'
[6.950s] running build
[6.951s] running build_py
[6.955s] running install
[6.957s] /usr/lib/python3/dist-packages/setuptools/command/install.py:34: SetuptoolsDeprecationWarning: setup.py install is deprecated. Use build and pip and other standards-based tools.
[6.958s]   warnings.warn(
[6.958s] running install_lib
[6.968s] running install_data
[6.974s] copying launch/py_pubsub_launch.py -> /home/perry/bigus-igus/ws/install/py_pubsub/share/py_pubsub
[6.975s] running install_egg_info
[6.984s] removing '/home/perry/bigus-igus/ws/install/py_pubsub/lib/python3.10/site-packages/py_pubsub-0.0.0-py3.10.egg-info' (and everything under it)
[6.986s] Copying ../../build/py_pubsub/py_pubsub.egg-info to /home/perry/bigus-igus/ws/install/py_pubsub/lib/python3.10/site-packages/py_pubsub-0.0.0-py3.10.egg-info
[6.994s] running install_scripts
[7.087s] Installing listener script to /home/perry/bigus-igus/ws/install/py_pubsub/lib/py_pubsub
[7.089s] Installing talker script to /home/perry/bigus-igus/ws/install/py_pubsub/lib/py_pubsub
[7.091s] writing list of installed files to '/home/perry/bigus-igus/ws/build/py_pubsub/install.log'
[7.246s] Invoked command in '/home/perry/bigus-igus/ws/src/py_pubsub' returned '0': PYTHONPATH=/home/perry/bigus-igus/ws/build/py_pubsub/prefix_override:/home/perry/bigus-igus/ws/install/py_pubsub/lib/python3.10/site-packages:${PYTHONPATH} /usr/bin/python3 setup.py egg_info --egg-base ../../build/py_pubsub build --build-base /home/perry/bigus-igus/ws/build/py_pubsub/build install --record /home/perry/bigus-igus/ws/build/py_pubsub/install.log --single-version-externally-managed
