[4.910s] Invoking command in '/home/perry/bigus-igus/ws/src/py_pubsub': PYTHONPATH=/home/perry/bigus-igus/ws/build/py_pubsub/prefix_override:/home/perry/bigus-igus/ws/install/py_pubsub/lib/python3.10/site-packages:${PYTHONPATH} /usr/bin/python3 setup.py egg_info --egg-base ../../build/py_pubsub build --build-base /home/perry/bigus-igus/ws/build/py_pubsub/build install --record /home/perry/bigus-igus/ws/build/py_pubsub/install.log --single-version-externally-managed
[6.304s] running egg_info
[6.308s] writing ../../build/py_pubsub/py_pubsub.egg-info/PKG-INFO
[6.309s] writing dependency_links to ../../build/py_pubsub/py_pubsub.egg-info/dependency_links.txt
[6.310s] writing entry points to ../../build/py_pubsub/py_pubsub.egg-info/entry_points.txt
[6.311s] writing requirements to ../../build/py_pubsub/py_pubsub.egg-info/requires.txt
[6.311s] writing top-level names to ../../build/py_pubsub/py_pubsub.egg-info/top_level.txt
[6.322s] reading manifest file '../../build/py_pubsub/py_pubsub.egg-info/SOURCES.txt'
[6.325s] adding license file 'LICENSE'
[6.328s] writing manifest file '../../build/py_pubsub/py_pubsub.egg-info/SOURCES.txt'
[6.329s] running build
[6.329s] running build_py
[6.330s] copying py_pubsub/subscriber_member_function.py -> /home/perry/bigus-igus/ws/build/py_pubsub/build/lib/py_pubsub
[6.332s] copying py_pubsub/publisher_member_function.py -> /home/perry/bigus-igus/ws/build/py_pubsub/build/lib/py_pubsub
[6.334s] running install
[6.336s] /usr/lib/python3/dist-packages/setuptools/command/install.py:34: SetuptoolsDeprecationWarning: setup.py install is deprecated. Use build and pip and other standards-based tools.
[6.337s]   warnings.warn(
[6.337s] running install_lib
[6.343s] copying /home/perry/bigus-igus/ws/build/py_pubsub/build/lib/py_pubsub/subscriber_member_function.py -> /home/perry/bigus-igus/ws/install/py_pubsub/lib/python3.10/site-packages/py_pubsub
[6.344s] copying /home/perry/bigus-igus/ws/build/py_pubsub/build/lib/py_pubsub/publisher_member_function.py -> /home/perry/bigus-igus/ws/install/py_pubsub/lib/python3.10/site-packages/py_pubsub
[6.347s] byte-compiling /home/perry/bigus-igus/ws/install/py_pubsub/lib/python3.10/site-packages/py_pubsub/subscriber_member_function.py to subscriber_member_function.cpython-310.pyc
[6.352s] byte-compiling /home/perry/bigus-igus/ws/install/py_pubsub/lib/python3.10/site-packages/py_pubsub/publisher_member_function.py to publisher_member_function.cpython-310.pyc
[6.355s] running install_data
[6.358s] copying package.xml -> /home/perry/bigus-igus/ws/install/py_pubsub/share/py_pubsub
[6.359s] running install_egg_info
[6.372s] removing '/home/perry/bigus-igus/ws/install/py_pubsub/lib/python3.10/site-packages/py_pubsub-0.0.0-py3.10.egg-info' (and everything under it)
[6.374s] Copying ../../build/py_pubsub/py_pubsub.egg-info to /home/perry/bigus-igus/ws/install/py_pubsub/lib/python3.10/site-packages/py_pubsub-0.0.0-py3.10.egg-info
[6.382s] running install_scripts
[6.474s] Installing listener script to /home/perry/bigus-igus/ws/install/py_pubsub/lib/py_pubsub
[6.475s] Installing talker script to /home/perry/bigus-igus/ws/install/py_pubsub/lib/py_pubsub
[6.477s] writing list of installed files to '/home/perry/bigus-igus/ws/build/py_pubsub/install.log'
[6.622s] Invoked command in '/home/perry/bigus-igus/ws/src/py_pubsub' returned '0': PYTHONPATH=/home/perry/bigus-igus/ws/build/py_pubsub/prefix_override:/home/perry/bigus-igus/ws/install/py_pubsub/lib/python3.10/site-packages:${PYTHONPATH} /usr/bin/python3 setup.py egg_info --egg-base ../../build/py_pubsub build --build-base /home/perry/bigus-igus/ws/build/py_pubsub/build install --record /home/perry/bigus-igus/ws/build/py_pubsub/install.log --single-version-externally-managed
