-- The C compiler identification is GNU 11.4.0
-- The CXX compiler identification is GNU 11.4.0
-- Detecting C compiler ABI info
-- Detecting C compiler ABI info - done
-- Check for working C compiler: /usr/bin/cc - skipped
-- Detecting C compile features
-- Detecting C compile features - done
-- Detecting CXX compiler ABI info
-- Detecting CXX compiler ABI info - done
-- Check for working CXX compiler: /usr/bin/c++ - skipped
-- Detecting CXX compile features
-- Detecting CXX compile features - done
-- Found ament_cmake: 2.0.4 (/opt/ros/iron/share/ament_cmake/cmake)
-- Found Python3: /usr/bin/python3.10 (found version "3.10.12") found components: Interpreter 
-- Found ament_lint_auto: 0.14.3 (/opt/ros/iron/share/ament_lint_auto/cmake)
-- Added test 'cppcheck' to perform static code analysis on C / C++ code
-- Configured cppcheck include dirs: $<BUILD_INTERFACE:/home/perry/bigus-igus/ws/src/c_teleop/include>
-- Configured cppcheck exclude dirs and/or files: 
-- Added test 'lint_cmake' to check CMake code style
-- Added test 'uncrustify' to check C / C++ code style
-- Configured uncrustify additional arguments: 
-- Added test 'xmllint' to check XML markup files
-- Configuring done
-- Generating done
-- Build files have been written to: /home/perry/bigus-igus/ws/build/c_teleop
[ 50%] [32mBuilding CXX object CMakeFiles/hello_world.dir/src/hello_world.cpp.o[0m
[100%] [32m[1mLinking CXX executable hello_world[0m
[100%] Built target hello_world
-- Install configuration: ""
-- Installing: /home/perry/bigus-igus/ws/install/c_teleop/lib/c_teleop/hello_world
-- Installing: /home/perry/bigus-igus/ws/install/c_teleop/share/ament_index/resource_index/package_run_dependencies/c_teleop
-- Installing: /home/perry/bigus-igus/ws/install/c_teleop/share/ament_index/resource_index/parent_prefix_path/c_teleop
-- Installing: /home/perry/bigus-igus/ws/install/c_teleop/share/c_teleop/environment/ament_prefix_path.sh
-- Installing: /home/perry/bigus-igus/ws/install/c_teleop/share/c_teleop/environment/ament_prefix_path.dsv
-- Installing: /home/perry/bigus-igus/ws/install/c_teleop/share/c_teleop/environment/path.sh
-- Installing: /home/perry/bigus-igus/ws/install/c_teleop/share/c_teleop/environment/path.dsv
-- Installing: /home/perry/bigus-igus/ws/install/c_teleop/share/c_teleop/local_setup.bash
-- Installing: /home/perry/bigus-igus/ws/install/c_teleop/share/c_teleop/local_setup.sh
-- Installing: /home/perry/bigus-igus/ws/install/c_teleop/share/c_teleop/local_setup.zsh
-- Installing: /home/perry/bigus-igus/ws/install/c_teleop/share/c_teleop/local_setup.dsv
-- Installing: /home/perry/bigus-igus/ws/install/c_teleop/share/c_teleop/package.dsv
-- Installing: /home/perry/bigus-igus/ws/install/c_teleop/share/ament_index/resource_index/packages/c_teleop
-- Installing: /home/perry/bigus-igus/ws/install/c_teleop/share/c_teleop/cmake/c_teleopConfig.cmake
-- Installing: /home/perry/bigus-igus/ws/install/c_teleop/share/c_teleop/cmake/c_teleopConfig-version.cmake
-- Installing: /home/perry/bigus-igus/ws/install/c_teleop/share/c_teleop/package.xml
