[6.828s] Invoking command in '/home/maandres/bigus-igus/ws/src/teleop_twist_keyboard': PYTHONPATH=/home/maandres/bigus-igus/ws/build/teleop_twist_keyboard/prefix_override:/home/maandres/bigus-igus/ws/install/teleop_twist_keyboard/lib/python3.10/site-packages:${PYTHONPATH} /usr/bin/python3 setup.py egg_info --egg-base ../../build/teleop_twist_keyboard build --build-base /home/maandres/bigus-igus/ws/build/teleop_twist_keyboard/build install --record /home/maandres/bigus-igus/ws/build/teleop_twist_keyboard/install.log --single-version-externally-managed
[8.164s] running egg_info
[8.168s] writing ../../build/teleop_twist_keyboard/teleop_twist_keyboard.egg-info/PKG-INFO
[8.168s] writing dependency_links to ../../build/teleop_twist_keyboard/teleop_twist_keyboard.egg-info/dependency_links.txt
[8.169s] writing entry points to ../../build/teleop_twist_keyboard/teleop_twist_keyboard.egg-info/entry_points.txt
[8.170s] writing requirements to ../../build/teleop_twist_keyboard/teleop_twist_keyboard.egg-info/requires.txt
[8.172s] writing top-level names to ../../build/teleop_twist_keyboard/teleop_twist_keyboard.egg-info/top_level.txt
[8.180s] reading manifest file '../../build/teleop_twist_keyboard/teleop_twist_keyboard.egg-info/SOURCES.txt'
[8.183s] adding license file 'LICENSE'
[8.188s] writing manifest file '../../build/teleop_twist_keyboard/teleop_twist_keyboard.egg-info/SOURCES.txt'
[8.190s] running build
[8.191s] running build_py
[8.191s] copying teleop_twist_keyboard.py -> /home/maandres/bigus-igus/ws/build/teleop_twist_keyboard/build/lib
[8.192s] running install
[8.193s] /usr/lib/python3/dist-packages/setuptools/command/install.py:34: SetuptoolsDeprecationWarning: setup.py install is deprecated. Use build and pip and other standards-based tools.
[8.194s]   warnings.warn(
[8.195s] running install_lib
[8.197s] copying /home/maandres/bigus-igus/ws/build/teleop_twist_keyboard/build/lib/teleop_twist_keyboard.py -> /home/maandres/bigus-igus/ws/install/teleop_twist_keyboard/lib/python3.10/site-packages
[8.206s] byte-compiling /home/maandres/bigus-igus/ws/install/teleop_twist_keyboard/lib/python3.10/site-packages/teleop_twist_keyboard.py to teleop_twist_keyboard.cpython-310.pyc
[8.212s] running install_data
[8.216s] running install_egg_info
[8.227s] removing '/home/maandres/bigus-igus/ws/install/teleop_twist_keyboard/lib/python3.10/site-packages/teleop_twist_keyboard-2.3.2-py3.10.egg-info' (and everything under it)
[8.230s] Copying ../../build/teleop_twist_keyboard/teleop_twist_keyboard.egg-info to /home/maandres/bigus-igus/ws/install/teleop_twist_keyboard/lib/python3.10/site-packages/teleop_twist_keyboard-2.3.2-py3.10.egg-info
[8.240s] running install_scripts
[8.398s] Installing teleop_twist_keyboard script to /home/maandres/bigus-igus/ws/install/teleop_twist_keyboard/lib/teleop_twist_keyboard
[8.402s] writing list of installed files to '/home/maandres/bigus-igus/ws/build/teleop_twist_keyboard/install.log'
[9.047s] Invoked command in '/home/maandres/bigus-igus/ws/src/teleop_twist_keyboard' returned '0': PYTHONPATH=/home/maandres/bigus-igus/ws/build/teleop_twist_keyboard/prefix_override:/home/maandres/bigus-igus/ws/install/teleop_twist_keyboard/lib/python3.10/site-packages:${PYTHONPATH} /usr/bin/python3 setup.py egg_info --egg-base ../../build/teleop_twist_keyboard build --build-base /home/maandres/bigus-igus/ws/build/teleop_twist_keyboard/build install --record /home/maandres/bigus-igus/ws/build/teleop_twist_keyboard/install.log --single-version-externally-managed
