[6.308s] DEBUG:colcon:Command line arguments: ['/usr/bin/colcon', 'build', '--packages-select', 'py_pubsub']
[6.309s] DEBUG:colcon:Parsed command line arguments: Namespace(log_base=None, log_level=None, verb_name='build', build_base='build', install_base='install', merge_install=False, symlink_install=False, test_result_base=None, continue_on_error=False, executor='parallel', parallel_workers=4, event_handlers=None, ignore_user_meta=False, metas=['./colcon.meta'], base_paths=['.'], packages_ignore=None, packages_ignore_regex=None, paths=None, packages_up_to=None, packages_up_to_regex=None, packages_above=None, packages_above_and_dependencies=None, packages_above_depth=None, packages_select_by_dep=None, packages_skip_by_dep=None, packages_skip_up_to=None, packages_select_build_failed=False, packages_skip_build_finished=False, packages_select_test_failures=False, packages_skip_test_passed=False, packages_select=['py_pubsub'], packages_skip=None, packages_select_regex=None, packages_skip_regex=None, packages_start=None, packages_end=None, allow_overriding=[], cmake_args=None, cmake_target=None, cmake_target_skip_unavailable=False, cmake_clean_cache=False, cmake_clean_first=False, cmake_force_configure=False, ament_cmake_args=None, catkin_cmake_args=None, catkin_skip_building_tests=False, verb_parser=<colcon_defaults.argument_parser.defaults.DefaultArgumentsDecorator object at 0xffffaaab2050>, verb_extension=<colcon_core.verb.build.BuildVerb object at 0xffffaafe7910>, main=<bound method BuildVerb.main of <colcon_core.verb.build.BuildVerb object at 0xffffaafe7910>>)
[6.603s] Level 1:colcon.colcon_core.package_discovery:discover_packages(colcon_meta) check parameters
[6.604s] Level 1:colcon.colcon_core.package_discovery:discover_packages(recursive) check parameters
[6.604s] Level 1:colcon.colcon_core.package_discovery:discover_packages(ignore) check parameters
[6.604s] Level 1:colcon.colcon_core.package_discovery:discover_packages(path) check parameters
[6.604s] Level 1:colcon.colcon_core.package_discovery:discover_packages(colcon_meta) discover
[6.605s] Level 1:colcon.colcon_core.package_discovery:discover_packages(recursive) discover
[6.605s] INFO:colcon.colcon_core.package_discovery:Crawling recursively for packages in '/home/perry/bigus-igus/ws'
[6.605s] Level 1:colcon.colcon_core.package_identification:_identify(.) by extensions ['ignore', 'ignore_ament_install']
[6.606s] Level 1:colcon.colcon_core.package_identification:_identify(.) by extension 'ignore'
[6.606s] Level 1:colcon.colcon_core.package_identification:_identify(.) by extension 'ignore_ament_install'
[6.606s] Level 1:colcon.colcon_core.package_identification:_identify(.) by extensions ['colcon_pkg']
[6.607s] Level 1:colcon.colcon_core.package_identification:_identify(.) by extension 'colcon_pkg'
[6.607s] Level 1:colcon.colcon_core.package_identification:_identify(.) by extensions ['colcon_meta']
[6.607s] Level 1:colcon.colcon_core.package_identification:_identify(.) by extension 'colcon_meta'
[6.607s] Level 1:colcon.colcon_core.package_identification:_identify(.) by extensions ['ros']
[6.607s] Level 1:colcon.colcon_core.package_identification:_identify(.) by extension 'ros'
[6.663s] Level 1:colcon.colcon_core.package_identification:_identify(.) by extensions ['cmake', 'python']
[6.663s] Level 1:colcon.colcon_core.package_identification:_identify(.) by extension 'cmake'
[6.664s] Level 1:colcon.colcon_core.package_identification:_identify(.) by extension 'python'
[6.664s] Level 1:colcon.colcon_core.package_identification:_identify(.) by extensions ['python_setup_py']
[6.664s] Level 1:colcon.colcon_core.package_identification:_identify(.) by extension 'python_setup_py'
[6.666s] Level 1:colcon.colcon_core.package_identification:_identify(build) by extensions ['ignore', 'ignore_ament_install']
[6.667s] Level 1:colcon.colcon_core.package_identification:_identify(build) by extension 'ignore'
[6.667s] Level 1:colcon.colcon_core.package_identification:_identify(build) ignored
[6.668s] Level 1:colcon.colcon_core.package_identification:_identify(install) by extensions ['ignore', 'ignore_ament_install']
[6.668s] Level 1:colcon.colcon_core.package_identification:_identify(install) by extension 'ignore'
[6.668s] Level 1:colcon.colcon_core.package_identification:_identify(install) ignored
[6.669s] Level 1:colcon.colcon_core.package_identification:_identify(log) by extensions ['ignore', 'ignore_ament_install']
[6.669s] Level 1:colcon.colcon_core.package_identification:_identify(log) by extension 'ignore'
[6.669s] Level 1:colcon.colcon_core.package_identification:_identify(log) ignored
[6.670s] Level 1:colcon.colcon_core.package_identification:_identify(src) by extensions ['ignore', 'ignore_ament_install']
[6.670s] Level 1:colcon.colcon_core.package_identification:_identify(src) by extension 'ignore'
[6.671s] Level 1:colcon.colcon_core.package_identification:_identify(src) by extension 'ignore_ament_install'
[6.671s] Level 1:colcon.colcon_core.package_identification:_identify(src) by extensions ['colcon_pkg']
[6.671s] Level 1:colcon.colcon_core.package_identification:_identify(src) by extension 'colcon_pkg'
[6.671s] Level 1:colcon.colcon_core.package_identification:_identify(src) by extensions ['colcon_meta']
[6.671s] Level 1:colcon.colcon_core.package_identification:_identify(src) by extension 'colcon_meta'
[6.671s] Level 1:colcon.colcon_core.package_identification:_identify(src) by extensions ['ros']
[6.672s] Level 1:colcon.colcon_core.package_identification:_identify(src) by extension 'ros'
[6.672s] Level 1:colcon.colcon_core.package_identification:_identify(src) by extensions ['cmake', 'python']
[6.672s] Level 1:colcon.colcon_core.package_identification:_identify(src) by extension 'cmake'
[6.672s] Level 1:colcon.colcon_core.package_identification:_identify(src) by extension 'python'
[6.672s] Level 1:colcon.colcon_core.package_identification:_identify(src) by extensions ['python_setup_py']
[6.673s] Level 1:colcon.colcon_core.package_identification:_identify(src) by extension 'python_setup_py'
[6.673s] Level 1:colcon.colcon_core.package_identification:_identify(src/not_a_package) by extensions ['ignore', 'ignore_ament_install']
[6.673s] Level 1:colcon.colcon_core.package_identification:_identify(src/not_a_package) by extension 'ignore'
[6.674s] Level 1:colcon.colcon_core.package_identification:_identify(src/not_a_package) by extension 'ignore_ament_install'
[6.674s] Level 1:colcon.colcon_core.package_identification:_identify(src/not_a_package) by extensions ['colcon_pkg']
[6.674s] Level 1:colcon.colcon_core.package_identification:_identify(src/not_a_package) by extension 'colcon_pkg'
[6.674s] Level 1:colcon.colcon_core.package_identification:_identify(src/not_a_package) by extensions ['colcon_meta']
[6.675s] Level 1:colcon.colcon_core.package_identification:_identify(src/not_a_package) by extension 'colcon_meta'
[6.675s] Level 1:colcon.colcon_core.package_identification:_identify(src/not_a_package) by extensions ['ros']
[6.675s] Level 1:colcon.colcon_core.package_identification:_identify(src/not_a_package) by extension 'ros'
[6.675s] Level 1:colcon.colcon_core.package_identification:_identify(src/not_a_package) by extensions ['cmake', 'python']
[6.676s] Level 1:colcon.colcon_core.package_identification:_identify(src/not_a_package) by extension 'cmake'
[6.676s] Level 1:colcon.colcon_core.package_identification:_identify(src/not_a_package) by extension 'python'
[6.676s] Level 1:colcon.colcon_core.package_identification:_identify(src/not_a_package) by extensions ['python_setup_py']
[6.676s] Level 1:colcon.colcon_core.package_identification:_identify(src/not_a_package) by extension 'python_setup_py'
[6.677s] Level 1:colcon.colcon_core.package_identification:_identify(src/py_pubsub) by extensions ['ignore', 'ignore_ament_install']
[6.677s] Level 1:colcon.colcon_core.package_identification:_identify(src/py_pubsub) by extension 'ignore'
[6.677s] Level 1:colcon.colcon_core.package_identification:_identify(src/py_pubsub) by extension 'ignore_ament_install'
[6.678s] Level 1:colcon.colcon_core.package_identification:_identify(src/py_pubsub) by extensions ['colcon_pkg']
[6.678s] Level 1:colcon.colcon_core.package_identification:_identify(src/py_pubsub) by extension 'colcon_pkg'
[6.678s] Level 1:colcon.colcon_core.package_identification:_identify(src/py_pubsub) by extensions ['colcon_meta']
[6.678s] Level 1:colcon.colcon_core.package_identification:_identify(src/py_pubsub) by extension 'colcon_meta'
[6.678s] Level 1:colcon.colcon_core.package_identification:_identify(src/py_pubsub) by extensions ['ros']
[6.678s] Level 1:colcon.colcon_core.package_identification:_identify(src/py_pubsub) by extension 'ros'
[6.689s] DEBUG:colcon.colcon_core.package_identification:Package 'src/py_pubsub' with type 'ros.ament_python' and name 'py_pubsub'
[6.689s] Level 1:colcon.colcon_core.package_discovery:discover_packages(recursive) using defaults
[6.689s] Level 1:colcon.colcon_core.package_discovery:discover_packages(ignore) discover
[6.689s] Level 1:colcon.colcon_core.package_discovery:discover_packages(ignore) using defaults
[6.690s] Level 1:colcon.colcon_core.package_discovery:discover_packages(path) discover
[6.690s] Level 1:colcon.colcon_core.package_discovery:discover_packages(path) using defaults
[7.194s] Level 1:colcon.colcon_core.package_discovery:discover_packages(prefix_path) check parameters
[7.195s] Level 1:colcon.colcon_core.package_discovery:discover_packages(prefix_path) discover
[7.379s] DEBUG:colcon.colcon_installed_package_information.package_discovery:Found 296 installed packages in /opt/ros/iron
[7.386s] Level 1:colcon.colcon_core.package_discovery:discover_packages(prefix_path) using defaults
[7.896s] Level 5:colcon.colcon_core.verb:set package 'py_pubsub' build argument 'cmake_args' from command line to 'None'
[7.896s] Level 5:colcon.colcon_core.verb:set package 'py_pubsub' build argument 'cmake_target' from command line to 'None'
[7.896s] Level 5:colcon.colcon_core.verb:set package 'py_pubsub' build argument 'cmake_target_skip_unavailable' from command line to 'False'
[7.897s] Level 5:colcon.colcon_core.verb:set package 'py_pubsub' build argument 'cmake_clean_cache' from command line to 'False'
[7.897s] Level 5:colcon.colcon_core.verb:set package 'py_pubsub' build argument 'cmake_clean_first' from command line to 'False'
[7.897s] Level 5:colcon.colcon_core.verb:set package 'py_pubsub' build argument 'cmake_force_configure' from command line to 'False'
[7.897s] Level 5:colcon.colcon_core.verb:set package 'py_pubsub' build argument 'ament_cmake_args' from command line to 'None'
[7.897s] Level 5:colcon.colcon_core.verb:set package 'py_pubsub' build argument 'catkin_cmake_args' from command line to 'None'
[7.897s] Level 5:colcon.colcon_core.verb:set package 'py_pubsub' build argument 'catkin_skip_building_tests' from command line to 'False'
[7.897s] DEBUG:colcon.colcon_core.verb:Building package 'py_pubsub' with the following arguments: {'ament_cmake_args': None, 'build_base': '/home/perry/bigus-igus/ws/build/py_pubsub', 'catkin_cmake_args': None, 'catkin_skip_building_tests': False, 'cmake_args': None, 'cmake_clean_cache': False, 'cmake_clean_first': False, 'cmake_force_configure': False, 'cmake_target': None, 'cmake_target_skip_unavailable': False, 'install_base': '/home/perry/bigus-igus/ws/install/py_pubsub', 'merge_install': False, 'path': '/home/perry/bigus-igus/ws/src/py_pubsub', 'symlink_install': False, 'test_result_base': None}
[7.977s] INFO:colcon.colcon_core.executor:Executing jobs using 'parallel' executor
[8.065s] DEBUG:colcon.colcon_parallel_executor.executor.parallel:run_until_complete
[8.066s] INFO:colcon.colcon_ros.task.ament_python.build:Building ROS package in '/home/perry/bigus-igus/ws/src/py_pubsub' with build type 'ament_python'
[8.067s] Level 1:colcon.colcon_core.shell:create_environment_hook('py_pubsub', 'ament_prefix_path')
[8.166s] INFO:colcon.colcon_core.plugin_system:Skipping extension 'colcon_core.shell.bat': Not used on non-Windows systems
[8.167s] INFO:colcon.colcon_core.shell:Creating environment hook '/home/perry/bigus-igus/ws/install/py_pubsub/share/py_pubsub/hook/ament_prefix_path.ps1'
[8.170s] INFO:colcon.colcon_core.shell:Creating environment descriptor '/home/perry/bigus-igus/ws/install/py_pubsub/share/py_pubsub/hook/ament_prefix_path.dsv'
[8.172s] INFO:colcon.colcon_core.shell:Creating environment hook '/home/perry/bigus-igus/ws/install/py_pubsub/share/py_pubsub/hook/ament_prefix_path.sh'
[8.288s] INFO:colcon.colcon_core.shell:Skip shell extension 'powershell' for command environment: Not usable outside of PowerShell
[8.289s] DEBUG:colcon.colcon_core.shell:Skip shell extension 'dsv' for command environment
[10.067s] INFO:colcon.colcon_core.task.python.build:Building Python package in '/home/perry/bigus-igus/ws/src/py_pubsub'
[10.154s] INFO:colcon.colcon_core.shell:Skip shell extension 'powershell' for command environment: Not usable outside of PowerShell
[10.154s] DEBUG:colcon.colcon_core.shell:Skip shell extension 'dsv' for command environment
[12.123s] DEBUG:colcon.colcon_core.event_handler.log_command:Invoking command in '/home/perry/bigus-igus/ws/src/py_pubsub': PYTHONPATH=/home/perry/bigus-igus/ws/build/py_pubsub/prefix_override:/home/perry/bigus-igus/ws/install/py_pubsub/lib/python3.10/site-packages:${PYTHONPATH} /usr/bin/python3 setup.py egg_info --egg-base ../../build/py_pubsub build --build-base /home/perry/bigus-igus/ws/build/py_pubsub/build install --record /home/perry/bigus-igus/ws/build/py_pubsub/install.log --single-version-externally-managed
[13.784s] DEBUG:colcon.colcon_core.event_handler.log_command:Invoked command in '/home/perry/bigus-igus/ws/src/py_pubsub' returned '0': PYTHONPATH=/home/perry/bigus-igus/ws/build/py_pubsub/prefix_override:/home/perry/bigus-igus/ws/install/py_pubsub/lib/python3.10/site-packages:${PYTHONPATH} /usr/bin/python3 setup.py egg_info --egg-base ../../build/py_pubsub build --build-base /home/perry/bigus-igus/ws/build/py_pubsub/build install --record /home/perry/bigus-igus/ws/build/py_pubsub/install.log --single-version-externally-managed
[13.883s] Level 1:colcon.colcon_core.environment:checking '/home/perry/bigus-igus/ws/install/py_pubsub' for CMake module files
[13.886s] Level 1:colcon.colcon_core.environment:checking '/home/perry/bigus-igus/ws/install/py_pubsub' for CMake config files
[13.890s] Level 1:colcon.colcon_core.environment:checking '/home/perry/bigus-igus/ws/install/py_pubsub/lib'
[13.891s] Level 1:colcon.colcon_core.environment:checking '/home/perry/bigus-igus/ws/install/py_pubsub/bin'
[13.891s] Level 1:colcon.colcon_core.environment:checking '/home/perry/bigus-igus/ws/install/py_pubsub/lib/pkgconfig/py_pubsub.pc'
[13.892s] Level 1:colcon.colcon_core.environment:checking '/home/perry/bigus-igus/ws/install/py_pubsub/lib/python3.10/site-packages'
[13.892s] Level 1:colcon.colcon_core.shell:create_environment_hook('py_pubsub', 'pythonpath')
[13.977s] INFO:colcon.colcon_core.shell:Creating environment hook '/home/perry/bigus-igus/ws/install/py_pubsub/share/py_pubsub/hook/pythonpath.ps1'
[13.980s] INFO:colcon.colcon_core.shell:Creating environment descriptor '/home/perry/bigus-igus/ws/install/py_pubsub/share/py_pubsub/hook/pythonpath.dsv'
[13.982s] INFO:colcon.colcon_core.shell:Creating environment hook '/home/perry/bigus-igus/ws/install/py_pubsub/share/py_pubsub/hook/pythonpath.sh'
[13.984s] Level 1:colcon.colcon_core.environment:checking '/home/perry/bigus-igus/ws/install/py_pubsub/bin'
[13.985s] Level 1:colcon.colcon_core.environment:create_environment_scripts_only(py_pubsub)
[14.074s] INFO:colcon.colcon_core.shell:Creating package script '/home/perry/bigus-igus/ws/install/py_pubsub/share/py_pubsub/package.ps1'
[14.078s] INFO:colcon.colcon_core.shell:Creating package descriptor '/home/perry/bigus-igus/ws/install/py_pubsub/share/py_pubsub/package.dsv'
[14.081s] INFO:colcon.colcon_core.shell:Creating package script '/home/perry/bigus-igus/ws/install/py_pubsub/share/py_pubsub/package.sh'
[14.085s] INFO:colcon.colcon_core.shell:Creating package script '/home/perry/bigus-igus/ws/install/py_pubsub/share/py_pubsub/package.bash'
[14.089s] INFO:colcon.colcon_core.shell:Creating package script '/home/perry/bigus-igus/ws/install/py_pubsub/share/py_pubsub/package.zsh'
[14.092s] Level 1:colcon.colcon_core.environment:create_file_with_runtime_dependencies(/home/perry/bigus-igus/ws/install/py_pubsub/share/colcon-core/packages/py_pubsub)
[14.094s] DEBUG:colcon.colcon_parallel_executor.executor.parallel:closing loop
[14.095s] DEBUG:colcon.colcon_parallel_executor.executor.parallel:loop closed
[14.096s] DEBUG:colcon.colcon_parallel_executor.executor.parallel:run_until_complete finished with '0'
[14.096s] DEBUG:colcon.colcon_core.event_reactor:joining thread
[14.229s] INFO:colcon.colcon_core.plugin_system:Skipping extension 'colcon_notification.desktop_notification.terminal_notifier': Not used on non-Darwin systems
[14.229s] INFO:colcon.colcon_core.plugin_system:Skipping extension 'colcon_notification.desktop_notification.win32': Not used on non-Windows systems
[14.230s] INFO:colcon.colcon_notification.desktop_notification:Sending desktop notification using 'notify2'
[14.792s] DEBUG:colcon.colcon_core.event_reactor:joined thread
[14.887s] INFO:colcon.colcon_core.shell:Creating prefix script '/home/perry/bigus-igus/ws/install/local_setup.ps1'
[14.891s] INFO:colcon.colcon_core.shell:Creating prefix util module '/home/perry/bigus-igus/ws/install/_local_setup_util_ps1.py'
[14.897s] INFO:colcon.colcon_core.shell:Creating prefix chain script '/home/perry/bigus-igus/ws/install/setup.ps1'
[14.984s] INFO:colcon.colcon_core.shell:Creating prefix script '/home/perry/bigus-igus/ws/install/local_setup.sh'
[14.988s] INFO:colcon.colcon_core.shell:Creating prefix util module '/home/perry/bigus-igus/ws/install/_local_setup_util_sh.py'
[14.991s] INFO:colcon.colcon_core.shell:Creating prefix chain script '/home/perry/bigus-igus/ws/install/setup.sh'
[15.079s] INFO:colcon.colcon_core.shell:Creating prefix script '/home/perry/bigus-igus/ws/install/local_setup.bash'
[15.082s] INFO:colcon.colcon_core.shell:Creating prefix chain script '/home/perry/bigus-igus/ws/install/setup.bash'
[15.166s] INFO:colcon.colcon_core.shell:Creating prefix script '/home/perry/bigus-igus/ws/install/local_setup.zsh'
[15.168s] INFO:colcon.colcon_core.shell:Creating prefix chain script '/home/perry/bigus-igus/ws/install/setup.zsh'
