[3.314s] Invoking command in '/home/maandres/bigus-igus/ws/src/teleop_twist_keyboard': PYTHONPATH=/home/maandres/bigus-igus/ws/build/teleop_twist_keyboard/prefix_override:/home/maandres/bigus-igus/ws/install/teleop_twist_keyboard/lib/python3.10/site-packages:${PYTHONPATH} /usr/bin/python3 setup.py egg_info --egg-base ../../build/teleop_twist_keyboard build --build-base /home/maandres/bigus-igus/ws/build/teleop_twist_keyboard/build install --record /home/maandres/bigus-igus/ws/build/teleop_twist_keyboard/install.log --single-version-externally-managed
[4.379s] running egg_info
[4.381s] writing ../../build/teleop_twist_keyboard/teleop_twist_keyboard.egg-info/PKG-INFO
[4.382s] writing dependency_links to ../../build/teleop_twist_keyboard/teleop_twist_keyboard.egg-info/dependency_links.txt
[4.384s] writing entry points to ../../build/teleop_twist_keyboard/teleop_twist_keyboard.egg-info/entry_points.txt
[4.385s] writing requirements to ../../build/teleop_twist_keyboard/teleop_twist_keyboard.egg-info/requires.txt
[4.386s] writing top-level names to ../../build/teleop_twist_keyboard/teleop_twist_keyboard.egg-info/top_level.txt
[4.393s] reading manifest file '../../build/teleop_twist_keyboard/teleop_twist_keyboard.egg-info/SOURCES.txt'
[4.395s] adding license file 'LICENSE'
[4.398s] writing manifest file '../../build/teleop_twist_keyboard/teleop_twist_keyboard.egg-info/SOURCES.txt'
[4.399s] running build
[4.400s] running build_py
[4.400s] copying teleop_twist_keyboard.py -> /home/maandres/bigus-igus/ws/build/teleop_twist_keyboard/build/lib
[4.401s] /usr/lib/python3/dist-packages/setuptools/command/install.py:34: SetuptoolsDeprecationWarning: setup.py install is deprecated. Use build and pip and other standards-based tools.
[4.402s]   warnings.warn(
[4.403s] running install
[4.403s] running install_lib
[4.405s] copying /home/maandres/bigus-igus/ws/build/teleop_twist_keyboard/build/lib/teleop_twist_keyboard.py -> /home/maandres/bigus-igus/ws/install/teleop_twist_keyboard/lib/python3.10/site-packages
[4.408s] byte-compiling /home/maandres/bigus-igus/ws/install/teleop_twist_keyboard/lib/python3.10/site-packages/teleop_twist_keyboard.py to teleop_twist_keyboard.cpython-310.pyc
[4.414s] running install_data
[4.417s] running install_egg_info
[4.423s] removing '/home/maandres/bigus-igus/ws/install/teleop_twist_keyboard/lib/python3.10/site-packages/teleop_twist_keyboard-2.3.2-py3.10.egg-info' (and everything under it)
[4.425s] Copying ../../build/teleop_twist_keyboard/teleop_twist_keyboard.egg-info to /home/maandres/bigus-igus/ws/install/teleop_twist_keyboard/lib/python3.10/site-packages/teleop_twist_keyboard-2.3.2-py3.10.egg-info
[4.430s] running install_scripts
[4.511s] Installing teleop_twist_keyboard script to /home/maandres/bigus-igus/ws/install/teleop_twist_keyboard/lib/teleop_twist_keyboard
[4.512s] writing list of installed files to '/home/maandres/bigus-igus/ws/build/teleop_twist_keyboard/install.log'
[4.630s] Invoked command in '/home/maandres/bigus-igus/ws/src/teleop_twist_keyboard' returned '0': PYTHONPATH=/home/maandres/bigus-igus/ws/build/teleop_twist_keyboard/prefix_override:/home/maandres/bigus-igus/ws/install/teleop_twist_keyboard/lib/python3.10/site-packages:${PYTHONPATH} /usr/bin/python3 setup.py egg_info --egg-base ../../build/teleop_twist_keyboard build --build-base /home/maandres/bigus-igus/ws/build/teleop_twist_keyboard/build install --record /home/maandres/bigus-igus/ws/build/teleop_twist_keyboard/install.log --single-version-externally-managed
