-- The C compiler identification is GNU 11.4.0
-- The CXX compiler identification is GNU 11.4.0
-- Detecting C compiler ABI info
-- Detecting C compiler ABI info - done
-- Check for working C compiler: /usr/bin/cc - skipped
-- Detecting C compile features
-- Detecting C compile features - done
-- Detecting CXX compiler ABI info
-- Detecting CXX compiler ABI info - done
-- Check for working CXX compiler: /usr/bin/c++ - skipped
-- Detecting CXX compile features
-- Detecting CXX compile features - done
-- Found ament_cmake: 2.0.4 (/opt/ros/iron/share/ament_cmake/cmake)
-- Found Python3: /usr/bin/python3.10 (found version "3.10.12") found components: Interpreter 
-- Found rclcpp: 21.0.5 (/opt/ros/iron/share/rclcpp/cmake)
-- Found rosidl_generator_c: 4.0.1 (/opt/ros/iron/share/rosidl_generator_c/cmake)
-- Found rosidl_generator_cpp: 4.0.1 (/opt/ros/iron/share/rosidl_generator_cpp/cmake)
-- Using all available rosidl_typesupport_c: rosidl_typesupport_fastrtps_c;rosidl_typesupport_introspection_c
-- Using all available rosidl_typesupport_cpp: rosidl_typesupport_fastrtps_cpp;rosidl_typesupport_introspection_cpp
-- Found rmw_implementation_cmake: 7.1.0 (/opt/ros/iron/share/rmw_implementation_cmake/cmake)
-- Found rmw_fastrtps_cpp: 7.1.3 (/opt/ros/iron/share/rmw_fastrtps_cpp/cmake)
-- Found OpenSSL: /usr/lib/aarch64-linux-gnu/libcrypto.so (found version "3.0.2")  
-- Found FastRTPS: /opt/ros/iron/include  
-- Using RMW implementation 'rmw_fastrtps_cpp' as default
-- Found std_msgs: 5.0.0 (/opt/ros/iron/share/std_msgs/cmake)
-- Found ament_lint_auto: 0.14.3 (/opt/ros/iron/share/ament_lint_auto/cmake)
-- Added test 'cppcheck' to perform static code analysis on C / C++ code
-- Configured cppcheck include dirs: $<BUILD_INTERFACE:/home/maandres/bigus-igus/ws/src/c_teleop2/include>
-- Configured cppcheck exclude dirs and/or files: 
-- Added test 'lint_cmake' to check CMake code style
-- Added test 'uncrustify' to check C / C++ code style
-- Configured uncrustify additional arguments: 
-- Added test 'xmllint' to check XML markup files
-- Configuring done
-- Generating done
-- Build files have been written to: /home/maandres/bigus-igus/ws/build/c_teleop2
[ 16%] [32mBuilding CXX object CMakeFiles/talker.dir/src/publisher_member_function.cpp.o[0m
[ 50%] [32mBuilding CXX object CMakeFiles/listener.dir/src/subscriber_member_function.cpp.o[0m
[ 50%] [32mBuilding CXX object CMakeFiles/hello_world.dir/src/hello_world.cpp.o[0m
[ 66%] [32m[1mLinking CXX executable hello_world[0m
[ 66%] Built target hello_world
[ 83%] [32m[1mLinking CXX executable talker[0m
[ 83%] Built target talker
[100%] [32m[1mLinking CXX executable listener[0m
[100%] Built target listener
-- Install configuration: ""
-- Installing: /home/maandres/bigus-igus/ws/install/c_teleop2/lib/c_teleop2/talker
-- Set runtime path of "/home/maandres/bigus-igus/ws/install/c_teleop2/lib/c_teleop2/talker" to ""
-- Up-to-date: /home/maandres/bigus-igus/ws/install/c_teleop2/lib/c_teleop2/talker
-- Installing: /home/maandres/bigus-igus/ws/install/c_teleop2/lib/c_teleop2/listener
-- Set runtime path of "/home/maandres/bigus-igus/ws/install/c_teleop2/lib/c_teleop2/listener" to ""
-- Installing: /home/maandres/bigus-igus/ws/install/c_teleop2/lib/c_teleop2/hello_world
-- Installing: /home/maandres/bigus-igus/ws/install/c_teleop2/share/ament_index/resource_index/package_run_dependencies/c_teleop2
-- Installing: /home/maandres/bigus-igus/ws/install/c_teleop2/share/ament_index/resource_index/parent_prefix_path/c_teleop2
-- Installing: /home/maandres/bigus-igus/ws/install/c_teleop2/share/c_teleop2/environment/ament_prefix_path.sh
-- Installing: /home/maandres/bigus-igus/ws/install/c_teleop2/share/c_teleop2/environment/ament_prefix_path.dsv
-- Installing: /home/maandres/bigus-igus/ws/install/c_teleop2/share/c_teleop2/environment/path.sh
-- Installing: /home/maandres/bigus-igus/ws/install/c_teleop2/share/c_teleop2/environment/path.dsv
-- Installing: /home/maandres/bigus-igus/ws/install/c_teleop2/share/c_teleop2/local_setup.bash
-- Installing: /home/maandres/bigus-igus/ws/install/c_teleop2/share/c_teleop2/local_setup.sh
-- Installing: /home/maandres/bigus-igus/ws/install/c_teleop2/share/c_teleop2/local_setup.zsh
-- Installing: /home/maandres/bigus-igus/ws/install/c_teleop2/share/c_teleop2/local_setup.dsv
-- Installing: /home/maandres/bigus-igus/ws/install/c_teleop2/share/c_teleop2/package.dsv
-- Installing: /home/maandres/bigus-igus/ws/install/c_teleop2/share/ament_index/resource_index/packages/c_teleop2
-- Installing: /home/maandres/bigus-igus/ws/install/c_teleop2/share/c_teleop2/cmake/c_teleop2Config.cmake
-- Installing: /home/maandres/bigus-igus/ws/install/c_teleop2/share/c_teleop2/cmake/c_teleop2Config-version.cmake
-- Installing: /home/maandres/bigus-igus/ws/install/c_teleop2/share/c_teleop2/package.xml
