[0.320s] Invoking command in '/home/maandres/bigus-igus/ws/build/c_teleop2': CMAKE_PREFIX_PATH=${CMAKE_PREFIX_PATH}:/home/maandres/bigus-igus/ws/install/py_pubsub:/opt/ros/iron /usr/bin/cmake /home/maandres/bigus-igus/ws/src/c_teleop2 -DCMAKE_INSTALL_PREFIX=/home/maandres/bigus-igus/ws/install/c_teleop2
[5.718s] -- The C compiler identification is GNU 11.4.0
[10.516s] -- The CXX compiler identification is GNU 11.4.0
[11.309s] -- Detecting C compiler ABI info
[11.885s] -- Detecting C compiler ABI info - done
[11.913s] -- Check for working C compiler: /usr/bin/cc - skipped
[11.915s] -- Detecting C compile features
[11.918s] -- Detecting C compile features - done
[11.934s] -- Detecting CXX compiler ABI info
[12.318s] -- Detecting CXX compiler ABI info - done
[12.344s] -- Check for working CXX compiler: /usr/bin/c++ - skipped
[12.345s] -- Detecting CXX compile features
[12.347s] -- Detecting CXX compile features - done
[12.390s] -- Found ament_cmake: 2.0.4 (/opt/ros/iron/share/ament_cmake/cmake)
[13.283s] -- Found Python3: /usr/bin/python3.10 (found version "3.10.12") found components: Interpreter 
[14.808s] -- Found rclcpp: 21.0.5 (/opt/ros/iron/share/rclcpp/cmake)
[15.268s] -- Found rosidl_generator_c: 4.0.1 (/opt/ros/iron/share/rosidl_generator_c/cmake)
[15.376s] -- Found rosidl_generator_cpp: 4.0.1 (/opt/ros/iron/share/rosidl_generator_cpp/cmake)
[15.511s] -- Using all available rosidl_typesupport_c: rosidl_typesupport_fastrtps_c;rosidl_typesupport_introspection_c
[15.658s] -- Using all available rosidl_typesupport_cpp: rosidl_typesupport_fastrtps_cpp;rosidl_typesupport_introspection_cpp
[16.508s] -- Found rmw_implementation_cmake: 7.1.0 (/opt/ros/iron/share/rmw_implementation_cmake/cmake)
[16.538s] -- Found rmw_fastrtps_cpp: 7.1.3 (/opt/ros/iron/share/rmw_fastrtps_cpp/cmake)
[17.645s] -- Found OpenSSL: /usr/lib/aarch64-linux-gnu/libcrypto.so (found version "3.0.2")  
[18.054s] -- Found FastRTPS: /opt/ros/iron/include  
[18.517s] -- Using RMW implementation 'rmw_fastrtps_cpp' as default
[19.329s] -- Found std_msgs: 5.0.0 (/opt/ros/iron/share/std_msgs/cmake)
[19.499s] -- Found ament_lint_auto: 0.14.3 (/opt/ros/iron/share/ament_lint_auto/cmake)
[19.999s] -- Added test 'cppcheck' to perform static code analysis on C / C++ code
[19.999s] -- Configured cppcheck include dirs: $<BUILD_INTERFACE:/home/maandres/bigus-igus/ws/src/c_teleop2/include>
[19.999s] -- Configured cppcheck exclude dirs and/or files: 
[20.005s] -- Added test 'lint_cmake' to check CMake code style
[20.014s] -- Added test 'uncrustify' to check C / C++ code style
[20.014s] -- Configured uncrustify additional arguments: 
[20.023s] -- Added test 'xmllint' to check XML markup files
[20.034s] -- Configuring done
[20.113s] -- Generating done
[20.120s] -- Build files have been written to: /home/maandres/bigus-igus/ws/build/c_teleop2
[20.158s] Invoked command in '/home/maandres/bigus-igus/ws/build/c_teleop2' returned '0': CMAKE_PREFIX_PATH=${CMAKE_PREFIX_PATH}:/home/maandres/bigus-igus/ws/install/py_pubsub:/opt/ros/iron /usr/bin/cmake /home/maandres/bigus-igus/ws/src/c_teleop2 -DCMAKE_INSTALL_PREFIX=/home/maandres/bigus-igus/ws/install/c_teleop2
[20.169s] Invoking command in '/home/maandres/bigus-igus/ws/build/c_teleop2': CMAKE_PREFIX_PATH=${CMAKE_PREFIX_PATH}:/home/maandres/bigus-igus/ws/install/py_pubsub:/opt/ros/iron /usr/bin/cmake --build /home/maandres/bigus-igus/ws/build/c_teleop2 -- -j4 -l4
[20.387s] [ 16%] [32mBuilding CXX object CMakeFiles/talker.dir/src/publisher_member_function.cpp.o[0m
[20.389s] [ 50%] [32mBuilding CXX object CMakeFiles/listener.dir/src/subscriber_member_function.cpp.o[0m
[20.390s] [ 50%] [32mBuilding CXX object CMakeFiles/hello_world.dir/src/hello_world.cpp.o[0m
[21.577s] [ 66%] [32m[1mLinking CXX executable hello_world[0m
[21.777s] [ 66%] Built target hello_world
[46.322s] [ 83%] [32m[1mLinking CXX executable talker[0m
[48.677s] [ 83%] Built target talker
[57.613s] [100%] [32m[1mLinking CXX executable listener[0m
[59.311s] [100%] Built target listener
[59.350s] Invoked command in '/home/maandres/bigus-igus/ws/build/c_teleop2' returned '0': CMAKE_PREFIX_PATH=${CMAKE_PREFIX_PATH}:/home/maandres/bigus-igus/ws/install/py_pubsub:/opt/ros/iron /usr/bin/cmake --build /home/maandres/bigus-igus/ws/build/c_teleop2 -- -j4 -l4
[59.561s] Invoking command in '/home/maandres/bigus-igus/ws/build/c_teleop2': CMAKE_PREFIX_PATH=${CMAKE_PREFIX_PATH}:/home/maandres/bigus-igus/ws/install/py_pubsub:/opt/ros/iron /usr/bin/cmake --install /home/maandres/bigus-igus/ws/build/c_teleop2
[59.585s] -- Install configuration: ""
[59.586s] -- Installing: /home/maandres/bigus-igus/ws/install/c_teleop2/lib/c_teleop2/talker
[59.595s] -- Set runtime path of "/home/maandres/bigus-igus/ws/install/c_teleop2/lib/c_teleop2/talker" to ""
[59.596s] -- Up-to-date: /home/maandres/bigus-igus/ws/install/c_teleop2/lib/c_teleop2/talker
[59.597s] -- Installing: /home/maandres/bigus-igus/ws/install/c_teleop2/lib/c_teleop2/listener
[59.629s] -- Set runtime path of "/home/maandres/bigus-igus/ws/install/c_teleop2/lib/c_teleop2/listener" to ""
[59.629s] -- Installing: /home/maandres/bigus-igus/ws/install/c_teleop2/lib/c_teleop2/hello_world
[59.631s] -- Installing: /home/maandres/bigus-igus/ws/install/c_teleop2/share/ament_index/resource_index/package_run_dependencies/c_teleop2
[59.633s] -- Installing: /home/maandres/bigus-igus/ws/install/c_teleop2/share/ament_index/resource_index/parent_prefix_path/c_teleop2
[59.634s] -- Installing: /home/maandres/bigus-igus/ws/install/c_teleop2/share/c_teleop2/environment/ament_prefix_path.sh
[59.635s] -- Installing: /home/maandres/bigus-igus/ws/install/c_teleop2/share/c_teleop2/environment/ament_prefix_path.dsv
[59.637s] -- Installing: /home/maandres/bigus-igus/ws/install/c_teleop2/share/c_teleop2/environment/path.sh
[59.638s] -- Installing: /home/maandres/bigus-igus/ws/install/c_teleop2/share/c_teleop2/environment/path.dsv
[59.639s] -- Installing: /home/maandres/bigus-igus/ws/install/c_teleop2/share/c_teleop2/local_setup.bash
[59.640s] -- Installing: /home/maandres/bigus-igus/ws/install/c_teleop2/share/c_teleop2/local_setup.sh
[59.641s] -- Installing: /home/maandres/bigus-igus/ws/install/c_teleop2/share/c_teleop2/local_setup.zsh
[59.642s] -- Installing: /home/maandres/bigus-igus/ws/install/c_teleop2/share/c_teleop2/local_setup.dsv
[59.643s] -- Installing: /home/maandres/bigus-igus/ws/install/c_teleop2/share/c_teleop2/package.dsv
[59.644s] -- Installing: /home/maandres/bigus-igus/ws/install/c_teleop2/share/ament_index/resource_index/packages/c_teleop2
[59.646s] -- Installing: /home/maandres/bigus-igus/ws/install/c_teleop2/share/c_teleop2/cmake/c_teleop2Config.cmake
[59.647s] -- Installing: /home/maandres/bigus-igus/ws/install/c_teleop2/share/c_teleop2/cmake/c_teleop2Config-version.cmake
[59.648s] -- Installing: /home/maandres/bigus-igus/ws/install/c_teleop2/share/c_teleop2/package.xml
[59.655s] Invoked command in '/home/maandres/bigus-igus/ws/build/c_teleop2' returned '0': CMAKE_PREFIX_PATH=${CMAKE_PREFIX_PATH}:/home/maandres/bigus-igus/ws/install/py_pubsub:/opt/ros/iron /usr/bin/cmake --install /home/maandres/bigus-igus/ws/build/c_teleop2
