[4.676s] Invoking command in '/home/perry/bigus-igus/ws/src/py_pubsub': PYTHONPATH=/home/perry/bigus-igus/ws/build/py_pubsub/prefix_override:/home/perry/bigus-igus/ws/install/py_pubsub/lib/python3.10/site-packages:${PYTHONPATH} /usr/bin/python3 setup.py egg_info --egg-base ../../build/py_pubsub build --build-base /home/perry/bigus-igus/ws/build/py_pubsub/build install --record /home/perry/bigus-igus/ws/build/py_pubsub/install.log --single-version-externally-managed
[6.343s] running egg_info
[6.347s] writing ../../build/py_pubsub/py_pubsub.egg-info/PKG-INFO
[6.348s] writing dependency_links to ../../build/py_pubsub/py_pubsub.egg-info/dependency_links.txt
[6.349s] writing entry points to ../../build/py_pubsub/py_pubsub.egg-info/entry_points.txt
[6.350s] writing requirements to ../../build/py_pubsub/py_pubsub.egg-info/requires.txt
[6.351s] writing top-level names to ../../build/py_pubsub/py_pubsub.egg-info/top_level.txt
[6.362s] reading manifest file '../../build/py_pubsub/py_pubsub.egg-info/SOURCES.txt'
[6.363s] adding license file 'LICENSE'
[6.367s] writing manifest file '../../build/py_pubsub/py_pubsub.egg-info/SOURCES.txt'
[6.367s] running build
[6.368s] running build_py
[6.370s] running install
[6.372s] /usr/lib/python3/dist-packages/setuptools/command/install.py:34: SetuptoolsDeprecationWarning: setup.py install is deprecated. Use build and pip and other standards-based tools.
[6.373s]   warnings.warn(
[6.374s] running install_lib
[6.382s] running install_data
[6.385s] copying launch/py_pubsub_launch.py -> /home/perry/bigus-igus/ws/install/py_pubsub/share/py_pubsub
[6.386s] running install_egg_info
[6.396s] removing '/home/perry/bigus-igus/ws/install/py_pubsub/lib/python3.10/site-packages/py_pubsub-0.0.0-py3.10.egg-info' (and everything under it)
[6.398s] Copying ../../build/py_pubsub/py_pubsub.egg-info to /home/perry/bigus-igus/ws/install/py_pubsub/lib/python3.10/site-packages/py_pubsub-0.0.0-py3.10.egg-info
[6.407s] running install_scripts
[6.503s] Installing listener script to /home/perry/bigus-igus/ws/install/py_pubsub/lib/py_pubsub
[6.504s] Installing talker script to /home/perry/bigus-igus/ws/install/py_pubsub/lib/py_pubsub
[6.506s] writing list of installed files to '/home/perry/bigus-igus/ws/build/py_pubsub/install.log'
[6.640s] Invoked command in '/home/perry/bigus-igus/ws/src/py_pubsub' returned '0': PYTHONPATH=/home/perry/bigus-igus/ws/build/py_pubsub/prefix_override:/home/perry/bigus-igus/ws/install/py_pubsub/lib/python3.10/site-packages:${PYTHONPATH} /usr/bin/python3 setup.py egg_info --egg-base ../../build/py_pubsub build --build-base /home/perry/bigus-igus/ws/build/py_pubsub/build install --record /home/perry/bigus-igus/ws/build/py_pubsub/install.log --single-version-externally-managed
