[4.599s] DEBUG:colcon:Command line arguments: ['/usr/bin/colcon', 'build', '--packages-select', 'py_pubsub']
[4.600s] DEBUG:colcon:Parsed command line arguments: Namespace(log_base=None, log_level=None, verb_name='build', build_base='build', install_base='install', merge_install=False, symlink_install=False, test_result_base=None, continue_on_error=False, executor='parallel', parallel_workers=4, event_handlers=None, ignore_user_meta=False, metas=['./colcon.meta'], base_paths=['.'], packages_ignore=None, packages_ignore_regex=None, paths=None, packages_up_to=None, packages_up_to_regex=None, packages_above=None, packages_above_and_dependencies=None, packages_above_depth=None, packages_select_by_dep=None, packages_skip_by_dep=None, packages_skip_up_to=None, packages_select_build_failed=False, packages_skip_build_finished=False, packages_select_test_failures=False, packages_skip_test_passed=False, packages_select=['py_pubsub'], packages_skip=None, packages_select_regex=None, packages_skip_regex=None, packages_start=None, packages_end=None, allow_overriding=[], cmake_args=None, cmake_target=None, cmake_target_skip_unavailable=False, cmake_clean_cache=False, cmake_clean_first=False, cmake_force_configure=False, ament_cmake_args=None, catkin_cmake_args=None, catkin_skip_building_tests=False, verb_parser=<colcon_defaults.argument_parser.defaults.DefaultArgumentsDecorator object at 0xffff88022800>, verb_extension=<colcon_core.verb.build.BuildVerb object at 0xffff8857bfa0>, main=<bound method BuildVerb.main of <colcon_core.verb.build.BuildVerb object at 0xffff8857bfa0>>)
[4.812s] Level 1:colcon.colcon_core.package_discovery:discover_packages(colcon_meta) check parameters
[4.813s] Level 1:colcon.colcon_core.package_discovery:discover_packages(recursive) check parameters
[4.813s] Level 1:colcon.colcon_core.package_discovery:discover_packages(ignore) check parameters
[4.813s] Level 1:colcon.colcon_core.package_discovery:discover_packages(path) check parameters
[4.813s] Level 1:colcon.colcon_core.package_discovery:discover_packages(colcon_meta) discover
[4.813s] Level 1:colcon.colcon_core.package_discovery:discover_packages(recursive) discover
[4.813s] INFO:colcon.colcon_core.package_discovery:Crawling recursively for packages in '/home/maandres/bigus-igus/ws'
[4.814s] Level 1:colcon.colcon_core.package_identification:_identify(.) by extensions ['ignore', 'ignore_ament_install']
[4.814s] Level 1:colcon.colcon_core.package_identification:_identify(.) by extension 'ignore'
[4.814s] Level 1:colcon.colcon_core.package_identification:_identify(.) by extension 'ignore_ament_install'
[4.815s] Level 1:colcon.colcon_core.package_identification:_identify(.) by extensions ['colcon_pkg']
[4.815s] Level 1:colcon.colcon_core.package_identification:_identify(.) by extension 'colcon_pkg'
[4.815s] Level 1:colcon.colcon_core.package_identification:_identify(.) by extensions ['colcon_meta']
[4.815s] Level 1:colcon.colcon_core.package_identification:_identify(.) by extension 'colcon_meta'
[4.815s] Level 1:colcon.colcon_core.package_identification:_identify(.) by extensions ['ros']
[4.816s] Level 1:colcon.colcon_core.package_identification:_identify(.) by extension 'ros'
[4.864s] Level 1:colcon.colcon_core.package_identification:_identify(.) by extensions ['cmake', 'python']
[4.865s] Level 1:colcon.colcon_core.package_identification:_identify(.) by extension 'cmake'
[4.865s] Level 1:colcon.colcon_core.package_identification:_identify(.) by extension 'python'
[4.865s] Level 1:colcon.colcon_core.package_identification:_identify(.) by extensions ['python_setup_py']
[4.866s] Level 1:colcon.colcon_core.package_identification:_identify(.) by extension 'python_setup_py'
[4.866s] Level 1:colcon.colcon_core.package_identification:_identify(build) by extensions ['ignore', 'ignore_ament_install']
[4.867s] Level 1:colcon.colcon_core.package_identification:_identify(build) by extension 'ignore'
[4.867s] Level 1:colcon.colcon_core.package_identification:_identify(build) ignored
[4.867s] Level 1:colcon.colcon_core.package_identification:_identify(install) by extensions ['ignore', 'ignore_ament_install']
[4.868s] Level 1:colcon.colcon_core.package_identification:_identify(install) by extension 'ignore'
[4.868s] Level 1:colcon.colcon_core.package_identification:_identify(install) ignored
[4.869s] Level 1:colcon.colcon_core.package_identification:_identify(log) by extensions ['ignore', 'ignore_ament_install']
[4.869s] Level 1:colcon.colcon_core.package_identification:_identify(log) by extension 'ignore'
[4.869s] Level 1:colcon.colcon_core.package_identification:_identify(log) ignored
[4.870s] Level 1:colcon.colcon_core.package_identification:_identify(src) by extensions ['ignore', 'ignore_ament_install']
[4.870s] Level 1:colcon.colcon_core.package_identification:_identify(src) by extension 'ignore'
[4.870s] Level 1:colcon.colcon_core.package_identification:_identify(src) by extension 'ignore_ament_install'
[4.871s] Level 1:colcon.colcon_core.package_identification:_identify(src) by extensions ['colcon_pkg']
[4.871s] Level 1:colcon.colcon_core.package_identification:_identify(src) by extension 'colcon_pkg'
[4.871s] Level 1:colcon.colcon_core.package_identification:_identify(src) by extensions ['colcon_meta']
[4.871s] Level 1:colcon.colcon_core.package_identification:_identify(src) by extension 'colcon_meta'
[4.871s] Level 1:colcon.colcon_core.package_identification:_identify(src) by extensions ['ros']
[4.871s] Level 1:colcon.colcon_core.package_identification:_identify(src) by extension 'ros'
[4.871s] Level 1:colcon.colcon_core.package_identification:_identify(src) by extensions ['cmake', 'python']
[4.872s] Level 1:colcon.colcon_core.package_identification:_identify(src) by extension 'cmake'
[4.872s] Level 1:colcon.colcon_core.package_identification:_identify(src) by extension 'python'
[4.872s] Level 1:colcon.colcon_core.package_identification:_identify(src) by extensions ['python_setup_py']
[4.872s] Level 1:colcon.colcon_core.package_identification:_identify(src) by extension 'python_setup_py'
[4.872s] Level 1:colcon.colcon_core.package_identification:_identify(src/c_teleop) by extensions ['ignore', 'ignore_ament_install']
[4.873s] Level 1:colcon.colcon_core.package_identification:_identify(src/c_teleop) by extension 'ignore'
[4.873s] Level 1:colcon.colcon_core.package_identification:_identify(src/c_teleop) by extension 'ignore_ament_install'
[4.873s] Level 1:colcon.colcon_core.package_identification:_identify(src/c_teleop) by extensions ['colcon_pkg']
[4.873s] Level 1:colcon.colcon_core.package_identification:_identify(src/c_teleop) by extension 'colcon_pkg'
[4.873s] Level 1:colcon.colcon_core.package_identification:_identify(src/c_teleop) by extensions ['colcon_meta']
[4.874s] Level 1:colcon.colcon_core.package_identification:_identify(src/c_teleop) by extension 'colcon_meta'
[4.874s] Level 1:colcon.colcon_core.package_identification:_identify(src/c_teleop) by extensions ['ros']
[4.874s] Level 1:colcon.colcon_core.package_identification:_identify(src/c_teleop) by extension 'ros'
[4.883s] DEBUG:colcon.colcon_core.package_identification:Package 'src/c_teleop' with type 'ros.ament_cmake' and name 'c_teleop'
[4.884s] Level 1:colcon.colcon_core.package_identification:_identify(src/c_teleop2) by extensions ['ignore', 'ignore_ament_install']
[4.884s] Level 1:colcon.colcon_core.package_identification:_identify(src/c_teleop2) by extension 'ignore'
[4.885s] Level 1:colcon.colcon_core.package_identification:_identify(src/c_teleop2) by extension 'ignore_ament_install'
[4.885s] Level 1:colcon.colcon_core.package_identification:_identify(src/c_teleop2) by extensions ['colcon_pkg']
[4.885s] Level 1:colcon.colcon_core.package_identification:_identify(src/c_teleop2) by extension 'colcon_pkg'
[4.885s] Level 1:colcon.colcon_core.package_identification:_identify(src/c_teleop2) by extensions ['colcon_meta']
[4.885s] Level 1:colcon.colcon_core.package_identification:_identify(src/c_teleop2) by extension 'colcon_meta'
[4.885s] Level 1:colcon.colcon_core.package_identification:_identify(src/c_teleop2) by extensions ['ros']
[4.886s] Level 1:colcon.colcon_core.package_identification:_identify(src/c_teleop2) by extension 'ros'
[4.887s] DEBUG:colcon.colcon_core.package_identification:Package 'src/c_teleop2' with type 'ros.ament_cmake' and name 'c_teleop2'
[4.888s] Level 1:colcon.colcon_core.package_identification:_identify(src/my_package) by extensions ['ignore', 'ignore_ament_install']
[4.889s] Level 1:colcon.colcon_core.package_identification:_identify(src/my_package) by extension 'ignore'
[4.889s] Level 1:colcon.colcon_core.package_identification:_identify(src/my_package) by extension 'ignore_ament_install'
[4.890s] Level 1:colcon.colcon_core.package_identification:_identify(src/my_package) by extensions ['colcon_pkg']
[4.890s] Level 1:colcon.colcon_core.package_identification:_identify(src/my_package) by extension 'colcon_pkg'
[4.890s] Level 1:colcon.colcon_core.package_identification:_identify(src/my_package) by extensions ['colcon_meta']
[4.890s] Level 1:colcon.colcon_core.package_identification:_identify(src/my_package) by extension 'colcon_meta'
[4.891s] Level 1:colcon.colcon_core.package_identification:_identify(src/my_package) by extensions ['ros']
[4.891s] Level 1:colcon.colcon_core.package_identification:_identify(src/my_package) by extension 'ros'
[4.893s] DEBUG:colcon.colcon_core.package_identification:Package 'src/my_package' with type 'ros.ament_cmake' and name 'my_package'
[4.894s] Level 1:colcon.colcon_core.package_identification:_identify(src/py_pubsub) by extensions ['ignore', 'ignore_ament_install']
[4.894s] Level 1:colcon.colcon_core.package_identification:_identify(src/py_pubsub) by extension 'ignore'
[4.894s] Level 1:colcon.colcon_core.package_identification:_identify(src/py_pubsub) by extension 'ignore_ament_install'
[4.894s] Level 1:colcon.colcon_core.package_identification:_identify(src/py_pubsub) by extensions ['colcon_pkg']
[4.895s] Level 1:colcon.colcon_core.package_identification:_identify(src/py_pubsub) by extension 'colcon_pkg'
[4.895s] Level 1:colcon.colcon_core.package_identification:_identify(src/py_pubsub) by extensions ['colcon_meta']
[4.895s] Level 1:colcon.colcon_core.package_identification:_identify(src/py_pubsub) by extension 'colcon_meta'
[4.895s] Level 1:colcon.colcon_core.package_identification:_identify(src/py_pubsub) by extensions ['ros']
[4.895s] Level 1:colcon.colcon_core.package_identification:_identify(src/py_pubsub) by extension 'ros'
[4.897s] DEBUG:colcon.colcon_core.package_identification:Package 'src/py_pubsub' with type 'ros.ament_python' and name 'py_pubsub'
[4.898s] Level 1:colcon.colcon_core.package_identification:_identify(src/teleop_twist_keyboard) by extensions ['ignore', 'ignore_ament_install']
[4.898s] Level 1:colcon.colcon_core.package_identification:_identify(src/teleop_twist_keyboard) by extension 'ignore'
[4.898s] Level 1:colcon.colcon_core.package_identification:_identify(src/teleop_twist_keyboard) by extension 'ignore_ament_install'
[4.899s] Level 1:colcon.colcon_core.package_identification:_identify(src/teleop_twist_keyboard) by extensions ['colcon_pkg']
[4.899s] Level 1:colcon.colcon_core.package_identification:_identify(src/teleop_twist_keyboard) by extension 'colcon_pkg'
[4.899s] Level 1:colcon.colcon_core.package_identification:_identify(src/teleop_twist_keyboard) by extensions ['colcon_meta']
[4.899s] Level 1:colcon.colcon_core.package_identification:_identify(src/teleop_twist_keyboard) by extension 'colcon_meta'
[4.900s] Level 1:colcon.colcon_core.package_identification:_identify(src/teleop_twist_keyboard) by extensions ['ros']
[4.900s] Level 1:colcon.colcon_core.package_identification:_identify(src/teleop_twist_keyboard) by extension 'ros'
[4.902s] DEBUG:colcon.colcon_core.package_identification:Package 'src/teleop_twist_keyboard' with type 'ros.ament_python' and name 'teleop_twist_keyboard'
[4.902s] Level 1:colcon.colcon_core.package_identification:_identify(src/teleop_twist_keyboard_backup) by extensions ['ignore', 'ignore_ament_install']
[4.903s] Level 1:colcon.colcon_core.package_identification:_identify(src/teleop_twist_keyboard_backup) by extension 'ignore'
[4.903s] Level 1:colcon.colcon_core.package_identification:_identify(src/teleop_twist_keyboard_backup) by extension 'ignore_ament_install'
[4.903s] Level 1:colcon.colcon_core.package_identification:_identify(src/teleop_twist_keyboard_backup) by extensions ['colcon_pkg']
[4.903s] Level 1:colcon.colcon_core.package_identification:_identify(src/teleop_twist_keyboard_backup) by extension 'colcon_pkg'
[4.904s] Level 1:colcon.colcon_core.package_identification:_identify(src/teleop_twist_keyboard_backup) by extensions ['colcon_meta']
[4.904s] Level 1:colcon.colcon_core.package_identification:_identify(src/teleop_twist_keyboard_backup) by extension 'colcon_meta'
[4.904s] Level 1:colcon.colcon_core.package_identification:_identify(src/teleop_twist_keyboard_backup) by extensions ['ros']
[4.904s] Level 1:colcon.colcon_core.package_identification:_identify(src/teleop_twist_keyboard_backup) by extension 'ros'
[4.906s] DEBUG:colcon.colcon_core.package_identification:Package 'src/teleop_twist_keyboard_backup' with type 'ros.ament_python' and name 'teleop_twist_keyboard_backup'
[4.906s] Level 1:colcon.colcon_core.package_discovery:discover_packages(recursive) using defaults
[4.906s] Level 1:colcon.colcon_core.package_discovery:discover_packages(ignore) discover
[4.907s] Level 1:colcon.colcon_core.package_discovery:discover_packages(ignore) using defaults
[4.907s] Level 1:colcon.colcon_core.package_discovery:discover_packages(path) discover
[4.907s] Level 1:colcon.colcon_core.package_discovery:discover_packages(path) using defaults
[5.187s] INFO:colcon.colcon_core.package_selection:Skipping not selected package 'c_teleop' in 'src/c_teleop'
[5.187s] INFO:colcon.colcon_core.package_selection:Skipping not selected package 'c_teleop2' in 'src/c_teleop2'
[5.187s] INFO:colcon.colcon_core.package_selection:Skipping not selected package 'my_package' in 'src/my_package'
[5.187s] INFO:colcon.colcon_core.package_selection:Skipping not selected package 'teleop_twist_keyboard' in 'src/teleop_twist_keyboard'
[5.188s] INFO:colcon.colcon_core.package_selection:Skipping not selected package 'teleop_twist_keyboard_backup' in 'src/teleop_twist_keyboard_backup'
[5.318s] Level 1:colcon.colcon_core.package_discovery:discover_packages(prefix_path) check parameters
[5.318s] Level 1:colcon.colcon_core.package_discovery:discover_packages(prefix_path) discover
[5.456s] DEBUG:colcon.colcon_installed_package_information.package_discovery:Found 4 installed packages in /home/maandres/bigus-igus/ws/install
[5.528s] DEBUG:colcon.colcon_installed_package_information.package_discovery:Found 281 installed packages in /opt/ros/iron
[5.534s] Level 1:colcon.colcon_core.package_discovery:discover_packages(prefix_path) using defaults
[5.902s] Level 5:colcon.colcon_core.verb:set package 'py_pubsub' build argument 'cmake_args' from command line to 'None'
[5.902s] Level 5:colcon.colcon_core.verb:set package 'py_pubsub' build argument 'cmake_target' from command line to 'None'
[5.902s] Level 5:colcon.colcon_core.verb:set package 'py_pubsub' build argument 'cmake_target_skip_unavailable' from command line to 'False'
[5.902s] Level 5:colcon.colcon_core.verb:set package 'py_pubsub' build argument 'cmake_clean_cache' from command line to 'False'
[5.902s] Level 5:colcon.colcon_core.verb:set package 'py_pubsub' build argument 'cmake_clean_first' from command line to 'False'
[5.902s] Level 5:colcon.colcon_core.verb:set package 'py_pubsub' build argument 'cmake_force_configure' from command line to 'False'
[5.903s] Level 5:colcon.colcon_core.verb:set package 'py_pubsub' build argument 'ament_cmake_args' from command line to 'None'
[5.903s] Level 5:colcon.colcon_core.verb:set package 'py_pubsub' build argument 'catkin_cmake_args' from command line to 'None'
[5.903s] Level 5:colcon.colcon_core.verb:set package 'py_pubsub' build argument 'catkin_skip_building_tests' from command line to 'False'
[5.903s] DEBUG:colcon.colcon_core.verb:Building package 'py_pubsub' with the following arguments: {'ament_cmake_args': None, 'build_base': '/home/maandres/bigus-igus/ws/build/py_pubsub', 'catkin_cmake_args': None, 'catkin_skip_building_tests': False, 'cmake_args': None, 'cmake_clean_cache': False, 'cmake_clean_first': False, 'cmake_force_configure': False, 'cmake_target': None, 'cmake_target_skip_unavailable': False, 'install_base': '/home/maandres/bigus-igus/ws/install/py_pubsub', 'merge_install': False, 'path': '/home/maandres/bigus-igus/ws/src/py_pubsub', 'symlink_install': False, 'test_result_base': None}
[5.969s] INFO:colcon.colcon_core.executor:Executing jobs using 'parallel' executor
[6.035s] DEBUG:colcon.colcon_parallel_executor.executor.parallel:run_until_complete
[6.036s] INFO:colcon.colcon_ros.task.ament_python.build:Building ROS package in '/home/maandres/bigus-igus/ws/src/py_pubsub' with build type 'ament_python'
[6.037s] Level 1:colcon.colcon_core.shell:create_environment_hook('py_pubsub', 'ament_prefix_path')
[6.121s] INFO:colcon.colcon_core.plugin_system:Skipping extension 'colcon_core.shell.bat': Not used on non-Windows systems
[6.122s] INFO:colcon.colcon_core.shell:Creating environment hook '/home/maandres/bigus-igus/ws/install/py_pubsub/share/py_pubsub/hook/ament_prefix_path.ps1'
[6.125s] INFO:colcon.colcon_core.shell:Creating environment descriptor '/home/maandres/bigus-igus/ws/install/py_pubsub/share/py_pubsub/hook/ament_prefix_path.dsv'
[6.127s] INFO:colcon.colcon_core.shell:Creating environment hook '/home/maandres/bigus-igus/ws/install/py_pubsub/share/py_pubsub/hook/ament_prefix_path.sh'
[6.221s] INFO:colcon.colcon_core.shell:Skip shell extension 'powershell' for command environment: Not usable outside of PowerShell
[6.221s] DEBUG:colcon.colcon_core.shell:Skip shell extension 'dsv' for command environment
[7.697s] INFO:colcon.colcon_core.task.python.build:Building Python package in '/home/maandres/bigus-igus/ws/src/py_pubsub'
[7.769s] INFO:colcon.colcon_core.shell:Skip shell extension 'powershell' for command environment: Not usable outside of PowerShell
[7.769s] DEBUG:colcon.colcon_core.shell:Skip shell extension 'dsv' for command environment
[9.631s] DEBUG:colcon.colcon_core.event_handler.log_command:Invoking command in '/home/maandres/bigus-igus/ws/src/py_pubsub': PYTHONPATH=/home/maandres/bigus-igus/ws/build/py_pubsub/prefix_override:/home/maandres/bigus-igus/ws/install/py_pubsub/lib/python3.10/site-packages:${PYTHONPATH} /usr/bin/python3 setup.py egg_info --egg-base ../../build/py_pubsub build --build-base /home/maandres/bigus-igus/ws/build/py_pubsub/build install --record /home/maandres/bigus-igus/ws/build/py_pubsub/install.log --single-version-externally-managed
[11.035s] DEBUG:colcon.colcon_core.event_handler.log_command:Invoked command in '/home/maandres/bigus-igus/ws/src/py_pubsub' returned '0': PYTHONPATH=/home/maandres/bigus-igus/ws/build/py_pubsub/prefix_override:/home/maandres/bigus-igus/ws/install/py_pubsub/lib/python3.10/site-packages:${PYTHONPATH} /usr/bin/python3 setup.py egg_info --egg-base ../../build/py_pubsub build --build-base /home/maandres/bigus-igus/ws/build/py_pubsub/build install --record /home/maandres/bigus-igus/ws/build/py_pubsub/install.log --single-version-externally-managed
[11.119s] Level 1:colcon.colcon_core.environment:checking '/home/maandres/bigus-igus/ws/install/py_pubsub' for CMake module files
[11.123s] Level 1:colcon.colcon_core.environment:checking '/home/maandres/bigus-igus/ws/install/py_pubsub' for CMake config files
[11.127s] Level 1:colcon.colcon_core.environment:checking '/home/maandres/bigus-igus/ws/install/py_pubsub/lib'
[11.128s] Level 1:colcon.colcon_core.environment:checking '/home/maandres/bigus-igus/ws/install/py_pubsub/bin'
[11.128s] Level 1:colcon.colcon_core.environment:checking '/home/maandres/bigus-igus/ws/install/py_pubsub/lib/pkgconfig/py_pubsub.pc'
[11.129s] Level 1:colcon.colcon_core.environment:checking '/home/maandres/bigus-igus/ws/install/py_pubsub/lib/python3.10/site-packages'
[11.130s] Level 1:colcon.colcon_core.shell:create_environment_hook('py_pubsub', 'pythonpath')
[11.204s] INFO:colcon.colcon_core.shell:Creating environment hook '/home/maandres/bigus-igus/ws/install/py_pubsub/share/py_pubsub/hook/pythonpath.ps1'
[11.206s] INFO:colcon.colcon_core.shell:Creating environment descriptor '/home/maandres/bigus-igus/ws/install/py_pubsub/share/py_pubsub/hook/pythonpath.dsv'
[11.207s] INFO:colcon.colcon_core.shell:Creating environment hook '/home/maandres/bigus-igus/ws/install/py_pubsub/share/py_pubsub/hook/pythonpath.sh'
[11.211s] Level 1:colcon.colcon_core.environment:checking '/home/maandres/bigus-igus/ws/install/py_pubsub/bin'
[11.211s] Level 1:colcon.colcon_core.environment:create_environment_scripts_only(py_pubsub)
[11.281s] INFO:colcon.colcon_core.shell:Creating package script '/home/maandres/bigus-igus/ws/install/py_pubsub/share/py_pubsub/package.ps1'
[11.284s] INFO:colcon.colcon_core.shell:Creating package descriptor '/home/maandres/bigus-igus/ws/install/py_pubsub/share/py_pubsub/package.dsv'
[11.287s] INFO:colcon.colcon_core.shell:Creating package script '/home/maandres/bigus-igus/ws/install/py_pubsub/share/py_pubsub/package.sh'
[11.291s] INFO:colcon.colcon_core.shell:Creating package script '/home/maandres/bigus-igus/ws/install/py_pubsub/share/py_pubsub/package.bash'
[11.294s] INFO:colcon.colcon_core.shell:Creating package script '/home/maandres/bigus-igus/ws/install/py_pubsub/share/py_pubsub/package.zsh'
[11.297s] Level 1:colcon.colcon_core.environment:create_file_with_runtime_dependencies(/home/maandres/bigus-igus/ws/install/py_pubsub/share/colcon-core/packages/py_pubsub)
[11.299s] DEBUG:colcon.colcon_parallel_executor.executor.parallel:closing loop
[11.301s] DEBUG:colcon.colcon_parallel_executor.executor.parallel:loop closed
[11.301s] DEBUG:colcon.colcon_parallel_executor.executor.parallel:run_until_complete finished with '0'
[11.302s] DEBUG:colcon.colcon_core.event_reactor:joining thread
[11.418s] INFO:colcon.colcon_core.plugin_system:Skipping extension 'colcon_notification.desktop_notification.terminal_notifier': Not used on non-Darwin systems
[11.418s] INFO:colcon.colcon_core.plugin_system:Skipping extension 'colcon_notification.desktop_notification.win32': Not used on non-Windows systems
[11.419s] INFO:colcon.colcon_notification.desktop_notification:Sending desktop notification using 'notify2'
[11.922s] DEBUG:colcon.colcon_core.event_reactor:joined thread
[11.997s] INFO:colcon.colcon_core.shell:Creating prefix script '/home/maandres/bigus-igus/ws/install/local_setup.ps1'
[12.001s] INFO:colcon.colcon_core.shell:Creating prefix util module '/home/maandres/bigus-igus/ws/install/_local_setup_util_ps1.py'
[12.006s] INFO:colcon.colcon_core.shell:Creating prefix chain script '/home/maandres/bigus-igus/ws/install/setup.ps1'
[12.076s] INFO:colcon.colcon_core.shell:Creating prefix script '/home/maandres/bigus-igus/ws/install/local_setup.sh'
[12.079s] INFO:colcon.colcon_core.shell:Creating prefix util module '/home/maandres/bigus-igus/ws/install/_local_setup_util_sh.py'
[12.081s] INFO:colcon.colcon_core.shell:Creating prefix chain script '/home/maandres/bigus-igus/ws/install/setup.sh'
[12.156s] INFO:colcon.colcon_core.shell:Creating prefix script '/home/maandres/bigus-igus/ws/install/local_setup.bash'
[12.158s] INFO:colcon.colcon_core.shell:Creating prefix chain script '/home/maandres/bigus-igus/ws/install/setup.bash'
[12.229s] INFO:colcon.colcon_core.shell:Creating prefix script '/home/maandres/bigus-igus/ws/install/local_setup.zsh'
[12.232s] INFO:colcon.colcon_core.shell:Creating prefix chain script '/home/maandres/bigus-igus/ws/install/setup.zsh'
