[3.429s] Invoking command in '/home/maandres/bigus-igus/ws/src/teleop_twist_keyboard': PYTHONPATH=/home/maandres/bigus-igus/ws/src/build/teleop_twist_keyboard/prefix_override:/home/maandres/bigus-igus/ws/src/install/teleop_twist_keyboard/lib/python3.10/site-packages:${PYTHONPATH} /usr/bin/python3 setup.py egg_info --egg-base ../build/teleop_twist_keyboard build --build-base /home/maandres/bigus-igus/ws/src/build/teleop_twist_keyboard/build install --record /home/maandres/bigus-igus/ws/src/build/teleop_twist_keyboard/install.log --single-version-externally-managed
[4.500s] running egg_info
[4.502s] creating ../build/teleop_twist_keyboard/teleop_twist_keyboard.egg-info
[4.503s] writing ../build/teleop_twist_keyboard/teleop_twist_keyboard.egg-info/PKG-INFO
[4.504s] writing dependency_links to ../build/teleop_twist_keyboard/teleop_twist_keyboard.egg-info/dependency_links.txt
[4.505s] writing entry points to ../build/teleop_twist_keyboard/teleop_twist_keyboard.egg-info/entry_points.txt
[4.506s] writing requirements to ../build/teleop_twist_keyboard/teleop_twist_keyboard.egg-info/requires.txt
[4.506s] writing top-level names to ../build/teleop_twist_keyboard/teleop_twist_keyboard.egg-info/top_level.txt
[4.507s] writing manifest file '../build/teleop_twist_keyboard/teleop_twist_keyboard.egg-info/SOURCES.txt'
[4.513s] reading manifest file '../build/teleop_twist_keyboard/teleop_twist_keyboard.egg-info/SOURCES.txt'
[4.516s] writing manifest file '../build/teleop_twist_keyboard/teleop_twist_keyboard.egg-info/SOURCES.txt'
[4.517s] running build
[4.517s] running build_py
[4.518s] creating /home/maandres/bigus-igus/ws/src/build/teleop_twist_keyboard/build
[4.518s] creating /home/maandres/bigus-igus/ws/src/build/teleop_twist_keyboard/build/lib
[4.518s] copying teleop_twist_keyboard.py -> /home/maandres/bigus-igus/ws/src/build/teleop_twist_keyboard/build/lib
[4.519s] running install
[4.521s] /usr/lib/python3/dist-packages/setuptools/command/install.py:34: SetuptoolsDeprecationWarning: setup.py install is deprecated. Use build and pip and other standards-based tools.
[4.521s]   warnings.warn(
[4.522s] running install_lib
[4.525s] copying /home/maandres/bigus-igus/ws/src/build/teleop_twist_keyboard/build/lib/teleop_twist_keyboard.py -> /home/maandres/bigus-igus/ws/src/install/teleop_twist_keyboard/lib/python3.10/site-packages
[4.527s] byte-compiling /home/maandres/bigus-igus/ws/src/install/teleop_twist_keyboard/lib/python3.10/site-packages/teleop_twist_keyboard.py to teleop_twist_keyboard.cpython-310.pyc
[4.533s] running install_data
[4.535s] creating /home/maandres/bigus-igus/ws/src/install/teleop_twist_keyboard/share/ament_index
[4.536s] creating /home/maandres/bigus-igus/ws/src/install/teleop_twist_keyboard/share/ament_index/resource_index
[4.536s] creating /home/maandres/bigus-igus/ws/src/install/teleop_twist_keyboard/share/ament_index/resource_index/packages
[4.537s] copying resource/teleop_twist_keyboard -> /home/maandres/bigus-igus/ws/src/install/teleop_twist_keyboard/share/ament_index/resource_index/packages
[4.537s] copying package.xml -> /home/maandres/bigus-igus/ws/src/install/teleop_twist_keyboard/share/teleop_twist_keyboard
[4.538s] running install_egg_info
[4.544s] Copying ../build/teleop_twist_keyboard/teleop_twist_keyboard.egg-info to /home/maandres/bigus-igus/ws/src/install/teleop_twist_keyboard/lib/python3.10/site-packages/teleop_twist_keyboard-2.3.2-py3.10.egg-info
[4.549s] running install_scripts
[4.631s] Installing teleop_twist_keyboard script to /home/maandres/bigus-igus/ws/src/install/teleop_twist_keyboard/lib/teleop_twist_keyboard
[4.632s] writing list of installed files to '/home/maandres/bigus-igus/ws/src/build/teleop_twist_keyboard/install.log'
[4.753s] Invoked command in '/home/maandres/bigus-igus/ws/src/teleop_twist_keyboard' returned '0': PYTHONPATH=/home/maandres/bigus-igus/ws/src/build/teleop_twist_keyboard/prefix_override:/home/maandres/bigus-igus/ws/src/install/teleop_twist_keyboard/lib/python3.10/site-packages:${PYTHONPATH} /usr/bin/python3 setup.py egg_info --egg-base ../build/teleop_twist_keyboard build --build-base /home/maandres/bigus-igus/ws/src/build/teleop_twist_keyboard/build install --record /home/maandres/bigus-igus/ws/src/build/teleop_twist_keyboard/install.log --single-version-externally-managed
