[4.282s] DEBUG:colcon:Command line arguments: ['/usr/bin/colcon', 'build', '--packages-select', 'c_teleop2']
[4.283s] DEBUG:colcon:Parsed command line arguments: Namespace(log_base=None, log_level=None, verb_name='build', build_base='build', install_base='install', merge_install=False, symlink_install=False, test_result_base=None, continue_on_error=False, executor='parallel', parallel_workers=4, event_handlers=None, ignore_user_meta=False, metas=['./colcon.meta'], base_paths=['.'], packages_ignore=None, packages_ignore_regex=None, paths=None, packages_up_to=None, packages_up_to_regex=None, packages_above=None, packages_above_and_dependencies=None, packages_above_depth=None, packages_select_by_dep=None, packages_skip_by_dep=None, packages_skip_up_to=None, packages_select_build_failed=False, packages_skip_build_finished=False, packages_select_test_failures=False, packages_skip_test_passed=False, packages_select=['c_teleop2'], packages_skip=None, packages_select_regex=None, packages_skip_regex=None, packages_start=None, packages_end=None, allow_overriding=[], cmake_args=None, cmake_target=None, cmake_target_skip_unavailable=False, cmake_clean_cache=False, cmake_clean_first=False, cmake_force_configure=False, ament_cmake_args=None, catkin_cmake_args=None, catkin_skip_building_tests=False, verb_parser=<colcon_defaults.argument_parser.defaults.DefaultArgumentsDecorator object at 0xffffbaf34f10>, verb_extension=<colcon_core.verb.build.BuildVerb object at 0xffffbb433610>, main=<bound method BuildVerb.main of <colcon_core.verb.build.BuildVerb object at 0xffffbb433610>>)
[4.482s] Level 1:colcon.colcon_core.package_discovery:discover_packages(colcon_meta) check parameters
[4.482s] Level 1:colcon.colcon_core.package_discovery:discover_packages(recursive) check parameters
[4.482s] Level 1:colcon.colcon_core.package_discovery:discover_packages(ignore) check parameters
[4.483s] Level 1:colcon.colcon_core.package_discovery:discover_packages(path) check parameters
[4.483s] Level 1:colcon.colcon_core.package_discovery:discover_packages(colcon_meta) discover
[4.483s] Level 1:colcon.colcon_core.package_discovery:discover_packages(recursive) discover
[4.483s] INFO:colcon.colcon_core.package_discovery:Crawling recursively for packages in '/home/maandres/bigus-igus/ws'
[4.483s] Level 1:colcon.colcon_core.package_identification:_identify(.) by extensions ['ignore', 'ignore_ament_install']
[4.484s] Level 1:colcon.colcon_core.package_identification:_identify(.) by extension 'ignore'
[4.484s] Level 1:colcon.colcon_core.package_identification:_identify(.) by extension 'ignore_ament_install'
[4.484s] Level 1:colcon.colcon_core.package_identification:_identify(.) by extensions ['colcon_pkg']
[4.484s] Level 1:colcon.colcon_core.package_identification:_identify(.) by extension 'colcon_pkg'
[4.485s] Level 1:colcon.colcon_core.package_identification:_identify(.) by extensions ['colcon_meta']
[4.485s] Level 1:colcon.colcon_core.package_identification:_identify(.) by extension 'colcon_meta'
[4.485s] Level 1:colcon.colcon_core.package_identification:_identify(.) by extensions ['ros']
[4.485s] Level 1:colcon.colcon_core.package_identification:_identify(.) by extension 'ros'
[4.529s] Level 1:colcon.colcon_core.package_identification:_identify(.) by extensions ['cmake', 'python']
[4.529s] Level 1:colcon.colcon_core.package_identification:_identify(.) by extension 'cmake'
[4.529s] Level 1:colcon.colcon_core.package_identification:_identify(.) by extension 'python'
[4.529s] Level 1:colcon.colcon_core.package_identification:_identify(.) by extensions ['python_setup_py']
[4.529s] Level 1:colcon.colcon_core.package_identification:_identify(.) by extension 'python_setup_py'
[4.530s] Level 1:colcon.colcon_core.package_identification:_identify(build) by extensions ['ignore', 'ignore_ament_install']
[4.530s] Level 1:colcon.colcon_core.package_identification:_identify(build) by extension 'ignore'
[4.531s] Level 1:colcon.colcon_core.package_identification:_identify(build) ignored
[4.531s] Level 1:colcon.colcon_core.package_identification:_identify(install) by extensions ['ignore', 'ignore_ament_install']
[4.531s] Level 1:colcon.colcon_core.package_identification:_identify(install) by extension 'ignore'
[4.532s] Level 1:colcon.colcon_core.package_identification:_identify(install) ignored
[4.533s] Level 1:colcon.colcon_core.package_identification:_identify(log) by extensions ['ignore', 'ignore_ament_install']
[4.533s] Level 1:colcon.colcon_core.package_identification:_identify(log) by extension 'ignore'
[4.533s] Level 1:colcon.colcon_core.package_identification:_identify(log) ignored
[4.534s] Level 1:colcon.colcon_core.package_identification:_identify(src) by extensions ['ignore', 'ignore_ament_install']
[4.534s] Level 1:colcon.colcon_core.package_identification:_identify(src) by extension 'ignore'
[4.534s] Level 1:colcon.colcon_core.package_identification:_identify(src) by extension 'ignore_ament_install'
[4.534s] Level 1:colcon.colcon_core.package_identification:_identify(src) by extensions ['colcon_pkg']
[4.534s] Level 1:colcon.colcon_core.package_identification:_identify(src) by extension 'colcon_pkg'
[4.535s] Level 1:colcon.colcon_core.package_identification:_identify(src) by extensions ['colcon_meta']
[4.535s] Level 1:colcon.colcon_core.package_identification:_identify(src) by extension 'colcon_meta'
[4.535s] Level 1:colcon.colcon_core.package_identification:_identify(src) by extensions ['ros']
[4.535s] Level 1:colcon.colcon_core.package_identification:_identify(src) by extension 'ros'
[4.535s] Level 1:colcon.colcon_core.package_identification:_identify(src) by extensions ['cmake', 'python']
[4.536s] Level 1:colcon.colcon_core.package_identification:_identify(src) by extension 'cmake'
[4.536s] Level 1:colcon.colcon_core.package_identification:_identify(src) by extension 'python'
[4.536s] Level 1:colcon.colcon_core.package_identification:_identify(src) by extensions ['python_setup_py']
[4.536s] Level 1:colcon.colcon_core.package_identification:_identify(src) by extension 'python_setup_py'
[4.537s] Level 1:colcon.colcon_core.package_identification:_identify(src/c_teleop) by extensions ['ignore', 'ignore_ament_install']
[4.537s] Level 1:colcon.colcon_core.package_identification:_identify(src/c_teleop) by extension 'ignore'
[4.538s] Level 1:colcon.colcon_core.package_identification:_identify(src/c_teleop) by extension 'ignore_ament_install'
[4.538s] Level 1:colcon.colcon_core.package_identification:_identify(src/c_teleop) by extensions ['colcon_pkg']
[4.538s] Level 1:colcon.colcon_core.package_identification:_identify(src/c_teleop) by extension 'colcon_pkg'
[4.538s] Level 1:colcon.colcon_core.package_identification:_identify(src/c_teleop) by extensions ['colcon_meta']
[4.538s] Level 1:colcon.colcon_core.package_identification:_identify(src/c_teleop) by extension 'colcon_meta'
[4.538s] Level 1:colcon.colcon_core.package_identification:_identify(src/c_teleop) by extensions ['ros']
[4.538s] Level 1:colcon.colcon_core.package_identification:_identify(src/c_teleop) by extension 'ros'
[4.551s] DEBUG:colcon.colcon_core.package_identification:Package 'src/c_teleop' with type 'ros.ament_cmake' and name 'c_teleop'
[4.552s] Level 1:colcon.colcon_core.package_identification:_identify(src/c_teleop2) by extensions ['ignore', 'ignore_ament_install']
[4.552s] Level 1:colcon.colcon_core.package_identification:_identify(src/c_teleop2) by extension 'ignore'
[4.553s] Level 1:colcon.colcon_core.package_identification:_identify(src/c_teleop2) by extension 'ignore_ament_install'
[4.553s] Level 1:colcon.colcon_core.package_identification:_identify(src/c_teleop2) by extensions ['colcon_pkg']
[4.553s] Level 1:colcon.colcon_core.package_identification:_identify(src/c_teleop2) by extension 'colcon_pkg'
[4.553s] Level 1:colcon.colcon_core.package_identification:_identify(src/c_teleop2) by extensions ['colcon_meta']
[4.553s] Level 1:colcon.colcon_core.package_identification:_identify(src/c_teleop2) by extension 'colcon_meta'
[4.553s] Level 1:colcon.colcon_core.package_identification:_identify(src/c_teleop2) by extensions ['ros']
[4.554s] Level 1:colcon.colcon_core.package_identification:_identify(src/c_teleop2) by extension 'ros'
[4.555s] DEBUG:colcon.colcon_core.package_identification:Package 'src/c_teleop2' with type 'ros.ament_cmake' and name 'c_teleop2'
[4.556s] Level 1:colcon.colcon_core.package_identification:_identify(src/my_package) by extensions ['ignore', 'ignore_ament_install']
[4.557s] Level 1:colcon.colcon_core.package_identification:_identify(src/my_package) by extension 'ignore'
[4.557s] Level 1:colcon.colcon_core.package_identification:_identify(src/my_package) by extension 'ignore_ament_install'
[4.557s] Level 1:colcon.colcon_core.package_identification:_identify(src/my_package) by extensions ['colcon_pkg']
[4.557s] Level 1:colcon.colcon_core.package_identification:_identify(src/my_package) by extension 'colcon_pkg'
[4.557s] Level 1:colcon.colcon_core.package_identification:_identify(src/my_package) by extensions ['colcon_meta']
[4.558s] Level 1:colcon.colcon_core.package_identification:_identify(src/my_package) by extension 'colcon_meta'
[4.558s] Level 1:colcon.colcon_core.package_identification:_identify(src/my_package) by extensions ['ros']
[4.558s] Level 1:colcon.colcon_core.package_identification:_identify(src/my_package) by extension 'ros'
[4.560s] DEBUG:colcon.colcon_core.package_identification:Package 'src/my_package' with type 'ros.ament_cmake' and name 'my_package'
[4.560s] Level 1:colcon.colcon_core.package_identification:_identify(src/py_pubsub) by extensions ['ignore', 'ignore_ament_install']
[4.561s] Level 1:colcon.colcon_core.package_identification:_identify(src/py_pubsub) by extension 'ignore'
[4.561s] Level 1:colcon.colcon_core.package_identification:_identify(src/py_pubsub) by extension 'ignore_ament_install'
[4.561s] Level 1:colcon.colcon_core.package_identification:_identify(src/py_pubsub) by extensions ['colcon_pkg']
[4.561s] Level 1:colcon.colcon_core.package_identification:_identify(src/py_pubsub) by extension 'colcon_pkg'
[4.561s] Level 1:colcon.colcon_core.package_identification:_identify(src/py_pubsub) by extensions ['colcon_meta']
[4.562s] Level 1:colcon.colcon_core.package_identification:_identify(src/py_pubsub) by extension 'colcon_meta'
[4.562s] Level 1:colcon.colcon_core.package_identification:_identify(src/py_pubsub) by extensions ['ros']
[4.562s] Level 1:colcon.colcon_core.package_identification:_identify(src/py_pubsub) by extension 'ros'
[4.564s] DEBUG:colcon.colcon_core.package_identification:Package 'src/py_pubsub' with type 'ros.ament_python' and name 'py_pubsub'
[4.564s] Level 1:colcon.colcon_core.package_discovery:discover_packages(recursive) using defaults
[4.564s] Level 1:colcon.colcon_core.package_discovery:discover_packages(ignore) discover
[4.564s] Level 1:colcon.colcon_core.package_discovery:discover_packages(ignore) using defaults
[4.564s] Level 1:colcon.colcon_core.package_discovery:discover_packages(path) discover
[4.565s] Level 1:colcon.colcon_core.package_discovery:discover_packages(path) using defaults
[4.821s] INFO:colcon.colcon_core.package_selection:Skipping not selected package 'c_teleop' in 'src/c_teleop'
[4.822s] INFO:colcon.colcon_core.package_selection:Skipping not selected package 'my_package' in 'src/my_package'
[4.827s] INFO:colcon.colcon_core.package_selection:Skipping not selected package 'py_pubsub' in 'src/py_pubsub'
[4.951s] Level 1:colcon.colcon_core.package_discovery:discover_packages(prefix_path) check parameters
[4.951s] Level 1:colcon.colcon_core.package_discovery:discover_packages(prefix_path) discover
[5.078s] DEBUG:colcon.colcon_installed_package_information.package_discovery:Found 3 installed packages in /home/maandres/bigus-igus/ws/install
[5.146s] DEBUG:colcon.colcon_installed_package_information.package_discovery:Found 281 installed packages in /opt/ros/iron
[5.152s] Level 1:colcon.colcon_core.package_discovery:discover_packages(prefix_path) using defaults
[5.495s] Level 5:colcon.colcon_core.verb:set package 'c_teleop2' build argument 'cmake_args' from command line to 'None'
[5.495s] Level 5:colcon.colcon_core.verb:set package 'c_teleop2' build argument 'cmake_target' from command line to 'None'
[5.495s] Level 5:colcon.colcon_core.verb:set package 'c_teleop2' build argument 'cmake_target_skip_unavailable' from command line to 'False'
[5.495s] Level 5:colcon.colcon_core.verb:set package 'c_teleop2' build argument 'cmake_clean_cache' from command line to 'False'
[5.495s] Level 5:colcon.colcon_core.verb:set package 'c_teleop2' build argument 'cmake_clean_first' from command line to 'False'
[5.495s] Level 5:colcon.colcon_core.verb:set package 'c_teleop2' build argument 'cmake_force_configure' from command line to 'False'
[5.495s] Level 5:colcon.colcon_core.verb:set package 'c_teleop2' build argument 'ament_cmake_args' from command line to 'None'
[5.495s] Level 5:colcon.colcon_core.verb:set package 'c_teleop2' build argument 'catkin_cmake_args' from command line to 'None'
[5.496s] Level 5:colcon.colcon_core.verb:set package 'c_teleop2' build argument 'catkin_skip_building_tests' from command line to 'False'
[5.496s] DEBUG:colcon.colcon_core.verb:Building package 'c_teleop2' with the following arguments: {'ament_cmake_args': None, 'build_base': '/home/maandres/bigus-igus/ws/build/c_teleop2', 'catkin_cmake_args': None, 'catkin_skip_building_tests': False, 'cmake_args': None, 'cmake_clean_cache': False, 'cmake_clean_first': False, 'cmake_force_configure': False, 'cmake_target': None, 'cmake_target_skip_unavailable': False, 'install_base': '/home/maandres/bigus-igus/ws/install/c_teleop2', 'merge_install': False, 'path': '/home/maandres/bigus-igus/ws/src/c_teleop2', 'symlink_install': False, 'test_result_base': None}
[5.555s] INFO:colcon.colcon_core.executor:Executing jobs using 'parallel' executor
[5.617s] DEBUG:colcon.colcon_parallel_executor.executor.parallel:run_until_complete
[5.618s] INFO:colcon.colcon_ros.task.ament_cmake.build:Building ROS package in '/home/maandres/bigus-igus/ws/src/c_teleop2' with build type 'ament_cmake'
[5.619s] INFO:colcon.colcon_cmake.task.cmake.build:Building CMake package in '/home/maandres/bigus-igus/ws/src/c_teleop2'
[5.697s] INFO:colcon.colcon_core.plugin_system:Skipping extension 'colcon_core.shell.bat': Not used on non-Windows systems
[5.698s] INFO:colcon.colcon_core.shell:Skip shell extension 'powershell' for command environment: Not usable outside of PowerShell
[5.698s] DEBUG:colcon.colcon_core.shell:Skip shell extension 'dsv' for command environment
[5.961s] DEBUG:colcon.colcon_core.event_handler.log_command:Invoking command in '/home/maandres/bigus-igus/ws/build/c_teleop2': CMAKE_PREFIX_PATH=${CMAKE_PREFIX_PATH}:/home/maandres/bigus-igus/ws/install/py_pubsub:/opt/ros/iron /usr/bin/cmake --build /home/maandres/bigus-igus/ws/build/c_teleop2 -- -j4 -l4
[10.116s] DEBUG:colcon.colcon_core.event_handler.log_command:Invoked command in '/home/maandres/bigus-igus/ws/build/c_teleop2' returned '2': CMAKE_PREFIX_PATH=${CMAKE_PREFIX_PATH}:/home/maandres/bigus-igus/ws/install/py_pubsub:/opt/ros/iron /usr/bin/cmake --build /home/maandres/bigus-igus/ws/build/c_teleop2 -- -j4 -l4
[10.366s] Level 1:colcon.colcon_core.environment:create_environment_scripts_only(c_teleop2)
[10.439s] Level 1:colcon.colcon_core.environment:checking '/home/maandres/bigus-igus/ws/install/c_teleop2' for CMake module files
[10.442s] Level 1:colcon.colcon_core.environment:checking '/home/maandres/bigus-igus/ws/install/c_teleop2' for CMake config files
[10.444s] Level 1:colcon.colcon_core.shell:create_environment_hook('c_teleop2', 'cmake_prefix_path')
[10.509s] INFO:colcon.colcon_core.shell:Creating environment hook '/home/maandres/bigus-igus/ws/install/c_teleop2/share/c_teleop2/hook/cmake_prefix_path.ps1'
[10.511s] INFO:colcon.colcon_core.shell:Creating environment descriptor '/home/maandres/bigus-igus/ws/install/c_teleop2/share/c_teleop2/hook/cmake_prefix_path.dsv'
[10.513s] INFO:colcon.colcon_core.shell:Creating environment hook '/home/maandres/bigus-igus/ws/install/c_teleop2/share/c_teleop2/hook/cmake_prefix_path.sh'
[10.517s] Level 1:colcon.colcon_core.environment:checking '/home/maandres/bigus-igus/ws/install/c_teleop2/lib'
[10.518s] Level 1:colcon.colcon_core.environment:checking '/home/maandres/bigus-igus/ws/install/c_teleop2/bin'
[10.518s] Level 1:colcon.colcon_core.environment:checking '/home/maandres/bigus-igus/ws/install/c_teleop2/lib/pkgconfig/c_teleop2.pc'
[10.519s] Level 1:colcon.colcon_core.environment:checking '/home/maandres/bigus-igus/ws/install/c_teleop2/lib/python3.10/site-packages'
[10.520s] Level 1:colcon.colcon_core.environment:checking '/home/maandres/bigus-igus/ws/install/c_teleop2/bin'
[10.588s] INFO:colcon.colcon_core.shell:Creating package script '/home/maandres/bigus-igus/ws/install/c_teleop2/share/c_teleop2/package.ps1'
[10.591s] INFO:colcon.colcon_core.shell:Creating package descriptor '/home/maandres/bigus-igus/ws/install/c_teleop2/share/c_teleop2/package.dsv'
[10.594s] INFO:colcon.colcon_core.shell:Creating package script '/home/maandres/bigus-igus/ws/install/c_teleop2/share/c_teleop2/package.sh'
[10.597s] INFO:colcon.colcon_core.shell:Creating package script '/home/maandres/bigus-igus/ws/install/c_teleop2/share/c_teleop2/package.bash'
[10.601s] INFO:colcon.colcon_core.shell:Creating package script '/home/maandres/bigus-igus/ws/install/c_teleop2/share/c_teleop2/package.zsh'
[10.604s] Level 1:colcon.colcon_core.environment:create_file_with_runtime_dependencies(/home/maandres/bigus-igus/ws/install/c_teleop2/share/colcon-core/packages/c_teleop2)
[10.615s] DEBUG:colcon.colcon_parallel_executor.executor.parallel:closing loop
[10.616s] DEBUG:colcon.colcon_parallel_executor.executor.parallel:loop closed
[10.616s] DEBUG:colcon.colcon_parallel_executor.executor.parallel:run_until_complete finished with '2'
[10.616s] DEBUG:colcon.colcon_core.event_reactor:joining thread
[10.733s] INFO:colcon.colcon_core.plugin_system:Skipping extension 'colcon_notification.desktop_notification.terminal_notifier': Not used on non-Darwin systems
[10.733s] INFO:colcon.colcon_core.plugin_system:Skipping extension 'colcon_notification.desktop_notification.win32': Not used on non-Windows systems
[10.734s] INFO:colcon.colcon_notification.desktop_notification:Sending desktop notification using 'notify2'
[11.201s] DEBUG:colcon.colcon_core.event_reactor:joined thread
[11.270s] INFO:colcon.colcon_core.shell:Creating prefix script '/home/maandres/bigus-igus/ws/install/local_setup.ps1'
[11.273s] INFO:colcon.colcon_core.shell:Creating prefix util module '/home/maandres/bigus-igus/ws/install/_local_setup_util_ps1.py'
[11.279s] INFO:colcon.colcon_core.shell:Creating prefix chain script '/home/maandres/bigus-igus/ws/install/setup.ps1'
[11.343s] INFO:colcon.colcon_core.shell:Creating prefix script '/home/maandres/bigus-igus/ws/install/local_setup.sh'
[11.345s] INFO:colcon.colcon_core.shell:Creating prefix util module '/home/maandres/bigus-igus/ws/install/_local_setup_util_sh.py'
[11.347s] INFO:colcon.colcon_core.shell:Creating prefix chain script '/home/maandres/bigus-igus/ws/install/setup.sh'
[11.412s] INFO:colcon.colcon_core.shell:Creating prefix script '/home/maandres/bigus-igus/ws/install/local_setup.bash'
[11.414s] INFO:colcon.colcon_core.shell:Creating prefix chain script '/home/maandres/bigus-igus/ws/install/setup.bash'
[11.478s] INFO:colcon.colcon_core.shell:Creating prefix script '/home/maandres/bigus-igus/ws/install/local_setup.zsh'
[11.485s] INFO:colcon.colcon_core.shell:Creating prefix chain script '/home/maandres/bigus-igus/ws/install/setup.zsh'
