[20.490s] DEBUG:colcon:Command line arguments: ['/usr/bin/colcon', 'build', '--packages-select', 'c_teleop2']
[20.490s] DEBUG:colcon:Parsed command line arguments: Namespace(log_base=None, log_level=None, verb_name='build', build_base='build', install_base='install', merge_install=False, symlink_install=False, test_result_base=None, continue_on_error=False, executor='parallel', parallel_workers=4, event_handlers=None, ignore_user_meta=False, metas=['./colcon.meta'], base_paths=['.'], packages_ignore=None, packages_ignore_regex=None, paths=None, packages_up_to=None, packages_up_to_regex=None, packages_above=None, packages_above_and_dependencies=None, packages_above_depth=None, packages_select_by_dep=None, packages_skip_by_dep=None, packages_skip_up_to=None, packages_select_build_failed=False, packages_skip_build_finished=False, packages_select_test_failures=False, packages_skip_test_passed=False, packages_select=['c_teleop2'], packages_skip=None, packages_select_regex=None, packages_skip_regex=None, packages_start=None, packages_end=None, allow_overriding=[], cmake_args=None, cmake_target=None, cmake_target_skip_unavailable=False, cmake_clean_cache=False, cmake_clean_first=False, cmake_force_configure=False, ament_cmake_args=None, catkin_cmake_args=None, catkin_skip_building_tests=False, verb_parser=<colcon_defaults.argument_parser.defaults.DefaultArgumentsDecorator object at 0xffffaab04f10>, verb_extension=<colcon_core.verb.build.BuildVerb object at 0xffffab003610>, main=<bound method BuildVerb.main of <colcon_core.verb.build.BuildVerb object at 0xffffab003610>>)
[21.063s] Level 1:colcon.colcon_core.package_discovery:discover_packages(colcon_meta) check parameters
[21.064s] Level 1:colcon.colcon_core.package_discovery:discover_packages(recursive) check parameters
[21.064s] Level 1:colcon.colcon_core.package_discovery:discover_packages(ignore) check parameters
[21.064s] Level 1:colcon.colcon_core.package_discovery:discover_packages(path) check parameters
[21.065s] Level 1:colcon.colcon_core.package_discovery:discover_packages(colcon_meta) discover
[21.065s] Level 1:colcon.colcon_core.package_discovery:discover_packages(recursive) discover
[21.065s] INFO:colcon.colcon_core.package_discovery:Crawling recursively for packages in '/home/maandres/bigus-igus/ws'
[21.065s] Level 1:colcon.colcon_core.package_identification:_identify(.) by extensions ['ignore', 'ignore_ament_install']
[21.066s] Level 1:colcon.colcon_core.package_identification:_identify(.) by extension 'ignore'
[21.066s] Level 1:colcon.colcon_core.package_identification:_identify(.) by extension 'ignore_ament_install'
[21.066s] Level 1:colcon.colcon_core.package_identification:_identify(.) by extensions ['colcon_pkg']
[21.066s] Level 1:colcon.colcon_core.package_identification:_identify(.) by extension 'colcon_pkg'
[21.067s] Level 1:colcon.colcon_core.package_identification:_identify(.) by extensions ['colcon_meta']
[21.067s] Level 1:colcon.colcon_core.package_identification:_identify(.) by extension 'colcon_meta'
[21.067s] Level 1:colcon.colcon_core.package_identification:_identify(.) by extensions ['ros']
[21.067s] Level 1:colcon.colcon_core.package_identification:_identify(.) by extension 'ros'
[21.383s] Level 1:colcon.colcon_core.package_identification:_identify(.) by extensions ['cmake', 'python']
[21.384s] Level 1:colcon.colcon_core.package_identification:_identify(.) by extension 'cmake'
[21.385s] Level 1:colcon.colcon_core.package_identification:_identify(.) by extension 'python'
[21.386s] Level 1:colcon.colcon_core.package_identification:_identify(.) by extensions ['python_setup_py']
[21.387s] Level 1:colcon.colcon_core.package_identification:_identify(.) by extension 'python_setup_py'
[21.388s] Level 1:colcon.colcon_core.package_identification:_identify(build) by extensions ['ignore', 'ignore_ament_install']
[21.389s] Level 1:colcon.colcon_core.package_identification:_identify(build) by extension 'ignore'
[21.390s] Level 1:colcon.colcon_core.package_identification:_identify(build) ignored
[21.393s] Level 1:colcon.colcon_core.package_identification:_identify(install) by extensions ['ignore', 'ignore_ament_install']
[21.394s] Level 1:colcon.colcon_core.package_identification:_identify(install) by extension 'ignore'
[21.394s] Level 1:colcon.colcon_core.package_identification:_identify(install) ignored
[21.396s] Level 1:colcon.colcon_core.package_identification:_identify(log) by extensions ['ignore', 'ignore_ament_install']
[21.396s] Level 1:colcon.colcon_core.package_identification:_identify(log) by extension 'ignore'
[21.397s] Level 1:colcon.colcon_core.package_identification:_identify(log) ignored
[21.398s] Level 1:colcon.colcon_core.package_identification:_identify(src) by extensions ['ignore', 'ignore_ament_install']
[21.400s] Level 1:colcon.colcon_core.package_identification:_identify(src) by extension 'ignore'
[21.400s] Level 1:colcon.colcon_core.package_identification:_identify(src) by extension 'ignore_ament_install'
[21.401s] Level 1:colcon.colcon_core.package_identification:_identify(src) by extensions ['colcon_pkg']
[21.401s] Level 1:colcon.colcon_core.package_identification:_identify(src) by extension 'colcon_pkg'
[21.402s] Level 1:colcon.colcon_core.package_identification:_identify(src) by extensions ['colcon_meta']
[21.402s] Level 1:colcon.colcon_core.package_identification:_identify(src) by extension 'colcon_meta'
[21.403s] Level 1:colcon.colcon_core.package_identification:_identify(src) by extensions ['ros']
[21.403s] Level 1:colcon.colcon_core.package_identification:_identify(src) by extension 'ros'
[21.404s] Level 1:colcon.colcon_core.package_identification:_identify(src) by extensions ['cmake', 'python']
[21.405s] Level 1:colcon.colcon_core.package_identification:_identify(src) by extension 'cmake'
[21.407s] Level 1:colcon.colcon_core.package_identification:_identify(src) by extension 'python'
[21.407s] Level 1:colcon.colcon_core.package_identification:_identify(src) by extensions ['python_setup_py']
[21.407s] Level 1:colcon.colcon_core.package_identification:_identify(src) by extension 'python_setup_py'
[21.409s] Level 1:colcon.colcon_core.package_identification:_identify(src/c_teleop) by extensions ['ignore', 'ignore_ament_install']
[21.410s] Level 1:colcon.colcon_core.package_identification:_identify(src/c_teleop) by extension 'ignore'
[21.411s] Level 1:colcon.colcon_core.package_identification:_identify(src/c_teleop) by extension 'ignore_ament_install'
[21.413s] Level 1:colcon.colcon_core.package_identification:_identify(src/c_teleop) by extensions ['colcon_pkg']
[21.413s] Level 1:colcon.colcon_core.package_identification:_identify(src/c_teleop) by extension 'colcon_pkg'
[21.414s] Level 1:colcon.colcon_core.package_identification:_identify(src/c_teleop) by extensions ['colcon_meta']
[21.415s] Level 1:colcon.colcon_core.package_identification:_identify(src/c_teleop) by extension 'colcon_meta'
[21.416s] Level 1:colcon.colcon_core.package_identification:_identify(src/c_teleop) by extensions ['ros']
[21.416s] Level 1:colcon.colcon_core.package_identification:_identify(src/c_teleop) by extension 'ros'
[21.555s] DEBUG:colcon.colcon_core.package_identification:Package 'src/c_teleop' with type 'ros.ament_cmake' and name 'c_teleop'
[21.556s] Level 1:colcon.colcon_core.package_identification:_identify(src/c_teleop2) by extensions ['ignore', 'ignore_ament_install']
[21.557s] Level 1:colcon.colcon_core.package_identification:_identify(src/c_teleop2) by extension 'ignore'
[21.558s] Level 1:colcon.colcon_core.package_identification:_identify(src/c_teleop2) by extension 'ignore_ament_install'
[21.559s] Level 1:colcon.colcon_core.package_identification:_identify(src/c_teleop2) by extensions ['colcon_pkg']
[21.559s] Level 1:colcon.colcon_core.package_identification:_identify(src/c_teleop2) by extension 'colcon_pkg'
[21.559s] Level 1:colcon.colcon_core.package_identification:_identify(src/c_teleop2) by extensions ['colcon_meta']
[21.560s] Level 1:colcon.colcon_core.package_identification:_identify(src/c_teleop2) by extension 'colcon_meta'
[21.560s] Level 1:colcon.colcon_core.package_identification:_identify(src/c_teleop2) by extensions ['ros']
[21.561s] Level 1:colcon.colcon_core.package_identification:_identify(src/c_teleop2) by extension 'ros'
[21.564s] DEBUG:colcon.colcon_core.package_identification:Package 'src/c_teleop2' with type 'ros.ament_cmake' and name 'c_teleop'
[21.600s] Level 1:colcon.colcon_core.package_identification:_identify(src/my_package) by extensions ['ignore', 'ignore_ament_install']
[21.601s] Level 1:colcon.colcon_core.package_identification:_identify(src/my_package) by extension 'ignore'
[21.602s] Level 1:colcon.colcon_core.package_identification:_identify(src/my_package) by extension 'ignore_ament_install'
[21.603s] Level 1:colcon.colcon_core.package_identification:_identify(src/my_package) by extensions ['colcon_pkg']
[21.603s] Level 1:colcon.colcon_core.package_identification:_identify(src/my_package) by extension 'colcon_pkg'
[21.603s] Level 1:colcon.colcon_core.package_identification:_identify(src/my_package) by extensions ['colcon_meta']
[21.604s] Level 1:colcon.colcon_core.package_identification:_identify(src/my_package) by extension 'colcon_meta'
[21.604s] Level 1:colcon.colcon_core.package_identification:_identify(src/my_package) by extensions ['ros']
[21.605s] Level 1:colcon.colcon_core.package_identification:_identify(src/my_package) by extension 'ros'
[21.661s] DEBUG:colcon.colcon_core.package_identification:Package 'src/my_package' with type 'ros.ament_cmake' and name 'my_package'
[21.710s] Level 1:colcon.colcon_core.package_identification:_identify(src/py_pubsub) by extensions ['ignore', 'ignore_ament_install']
[21.711s] Level 1:colcon.colcon_core.package_identification:_identify(src/py_pubsub) by extension 'ignore'
[21.713s] Level 1:colcon.colcon_core.package_identification:_identify(src/py_pubsub) by extension 'ignore_ament_install'
[21.714s] Level 1:colcon.colcon_core.package_identification:_identify(src/py_pubsub) by extensions ['colcon_pkg']
[21.715s] Level 1:colcon.colcon_core.package_identification:_identify(src/py_pubsub) by extension 'colcon_pkg'
[21.716s] Level 1:colcon.colcon_core.package_identification:_identify(src/py_pubsub) by extensions ['colcon_meta']
[21.716s] Level 1:colcon.colcon_core.package_identification:_identify(src/py_pubsub) by extension 'colcon_meta'
[21.717s] Level 1:colcon.colcon_core.package_identification:_identify(src/py_pubsub) by extensions ['ros']
[21.717s] Level 1:colcon.colcon_core.package_identification:_identify(src/py_pubsub) by extension 'ros'
[21.762s] DEBUG:colcon.colcon_core.package_identification:Package 'src/py_pubsub' with type 'ros.ament_python' and name 'py_pubsub'
[21.763s] Level 1:colcon.colcon_core.package_discovery:discover_packages(recursive) using defaults
[21.764s] Level 1:colcon.colcon_core.package_discovery:discover_packages(ignore) discover
[21.764s] Level 1:colcon.colcon_core.package_discovery:discover_packages(ignore) using defaults
[21.764s] Level 1:colcon.colcon_core.package_discovery:discover_packages(path) discover
[21.765s] Level 1:colcon.colcon_core.package_discovery:discover_packages(path) using defaults
[21.970s] WARNING:colcon.colcon_core.package_selection:ignoring unknown package 'c_teleop2' in --packages-select
[22.660s] INFO:colcon.colcon_core.package_selection:Skipping not selected package 'c_teleop' in 'src/c_teleop2'
[22.660s] INFO:colcon.colcon_core.package_selection:Skipping not selected package 'c_teleop' in 'src/c_teleop'
[22.661s] INFO:colcon.colcon_core.package_selection:Skipping not selected package 'my_package' in 'src/my_package'
[22.661s] INFO:colcon.colcon_core.package_selection:Skipping not selected package 'py_pubsub' in 'src/py_pubsub'
[22.816s] Level 1:colcon.colcon_core.package_discovery:discover_packages(prefix_path) check parameters
[22.817s] Level 1:colcon.colcon_core.package_discovery:discover_packages(prefix_path) discover
[23.343s] DEBUG:colcon.colcon_installed_package_information.package_discovery:Found 2 installed packages in /home/maandres/bigus-igus/ws/install
[23.427s] DEBUG:colcon.colcon_installed_package_information.package_discovery:Found 281 installed packages in /opt/ros/iron
[23.433s] Level 1:colcon.colcon_core.package_discovery:discover_packages(prefix_path) using defaults
[23.852s] INFO:colcon.colcon_core.executor:Executing jobs using 'parallel' executor
[23.914s] DEBUG:colcon.colcon_parallel_executor.executor.parallel:run_until_complete
[23.915s] DEBUG:colcon.colcon_parallel_executor.executor.parallel:closing loop
[23.915s] DEBUG:colcon.colcon_parallel_executor.executor.parallel:loop closed
[23.916s] DEBUG:colcon.colcon_parallel_executor.executor.parallel:run_until_complete finished with '0'
[23.916s] DEBUG:colcon.colcon_core.event_reactor:joining thread
[24.137s] INFO:colcon.colcon_core.plugin_system:Skipping extension 'colcon_notification.desktop_notification.terminal_notifier': Not used on non-Darwin systems
[24.138s] INFO:colcon.colcon_core.plugin_system:Skipping extension 'colcon_notification.desktop_notification.win32': Not used on non-Windows systems
[24.138s] INFO:colcon.colcon_notification.desktop_notification:Sending desktop notification using 'notify2'
[24.779s] DEBUG:colcon.colcon_core.event_reactor:joined thread
[25.029s] INFO:colcon.colcon_core.plugin_system:Skipping extension 'colcon_core.shell.bat': Not used on non-Windows systems
[25.030s] INFO:colcon.colcon_core.shell:Creating prefix script '/home/maandres/bigus-igus/ws/install/local_setup.ps1'
[25.035s] INFO:colcon.colcon_core.shell:Creating prefix util module '/home/maandres/bigus-igus/ws/install/_local_setup_util_ps1.py'
[25.043s] INFO:colcon.colcon_core.shell:Creating prefix chain script '/home/maandres/bigus-igus/ws/install/setup.ps1'
[25.112s] INFO:colcon.colcon_core.shell:Creating prefix script '/home/maandres/bigus-igus/ws/install/local_setup.sh'
[25.116s] INFO:colcon.colcon_core.shell:Creating prefix util module '/home/maandres/bigus-igus/ws/install/_local_setup_util_sh.py'
[25.119s] INFO:colcon.colcon_core.shell:Creating prefix chain script '/home/maandres/bigus-igus/ws/install/setup.sh'
[25.185s] INFO:colcon.colcon_core.shell:Creating prefix script '/home/maandres/bigus-igus/ws/install/local_setup.bash'
[25.189s] INFO:colcon.colcon_core.shell:Creating prefix chain script '/home/maandres/bigus-igus/ws/install/setup.bash'
[25.255s] INFO:colcon.colcon_core.shell:Creating prefix script '/home/maandres/bigus-igus/ws/install/local_setup.zsh'
[25.258s] INFO:colcon.colcon_core.shell:Creating prefix chain script '/home/maandres/bigus-igus/ws/install/setup.zsh'
