[4.149s] Invoking command in '/home/perry/bigus-igus/ws/src/py_pubsub': PYTHONPATH=/home/perry/bigus-igus/ws/build/py_pubsub/prefix_override:/home/perry/bigus-igus/ws/install/py_pubsub/lib/python3.10/site-packages:${PYTHONPATH} /usr/bin/python3 setup.py egg_info --egg-base ../../build/py_pubsub build --build-base /home/perry/bigus-igus/ws/build/py_pubsub/build install --record /home/perry/bigus-igus/ws/build/py_pubsub/install.log --single-version-externally-managed
[5.514s] running egg_info
[5.517s] writing ../../build/py_pubsub/py_pubsub.egg-info/PKG-INFO
[5.518s] writing dependency_links to ../../build/py_pubsub/py_pubsub.egg-info/dependency_links.txt
[5.519s] writing entry points to ../../build/py_pubsub/py_pubsub.egg-info/entry_points.txt
[5.520s] writing requirements to ../../build/py_pubsub/py_pubsub.egg-info/requires.txt
[5.521s] writing top-level names to ../../build/py_pubsub/py_pubsub.egg-info/top_level.txt
[5.531s] reading manifest file '../../build/py_pubsub/py_pubsub.egg-info/SOURCES.txt'
[5.533s] adding license file 'LICENSE'
[5.536s] writing manifest file '../../build/py_pubsub/py_pubsub.egg-info/SOURCES.txt'
[5.536s] running build
[5.537s] running build_py
[5.539s] running install
[5.540s] /usr/lib/python3/dist-packages/setuptools/command/install.py:34: SetuptoolsDeprecationWarning: setup.py install is deprecated. Use build and pip and other standards-based tools.
[5.540s]   warnings.warn(
[5.541s] running install_lib
[5.549s] running install_data
[5.552s] copying launch/py_pubsub_launch.py -> /home/perry/bigus-igus/ws/install/py_pubsub/share/py_pubsub
[5.552s] running install_egg_info
[5.561s] removing '/home/perry/bigus-igus/ws/install/py_pubsub/lib/python3.10/site-packages/py_pubsub-0.0.0-py3.10.egg-info' (and everything under it)
[5.564s] Copying ../../build/py_pubsub/py_pubsub.egg-info to /home/perry/bigus-igus/ws/install/py_pubsub/lib/python3.10/site-packages/py_pubsub-0.0.0-py3.10.egg-info
[5.571s] running install_scripts
[5.661s] Installing listener script to /home/perry/bigus-igus/ws/install/py_pubsub/lib/py_pubsub
[5.662s] Installing talker script to /home/perry/bigus-igus/ws/install/py_pubsub/lib/py_pubsub
[5.664s] writing list of installed files to '/home/perry/bigus-igus/ws/build/py_pubsub/install.log'
[5.797s] Invoked command in '/home/perry/bigus-igus/ws/src/py_pubsub' returned '0': PYTHONPATH=/home/perry/bigus-igus/ws/build/py_pubsub/prefix_override:/home/perry/bigus-igus/ws/install/py_pubsub/lib/python3.10/site-packages:${PYTHONPATH} /usr/bin/python3 setup.py egg_info --egg-base ../../build/py_pubsub build --build-base /home/perry/bigus-igus/ws/build/py_pubsub/build install --record /home/perry/bigus-igus/ws/build/py_pubsub/install.log --single-version-externally-managed
